TN:
SF:/home/kgrze/dev/dlna/minidlna/src/upnpreplyparse.c
FN:37,NameValueParserStartElt
FN:58,NameValueParserGetData
FN:73,ParseNameValue
FN:91,ClearNameValueList
FN:102,GetValueFromNameValueList
FNDA:207,NameValueParserStartElt
FNDA:115,NameValueParserGetData
FNDA:23,ParseNameValue
FNDA:23,ClearNameValueList
FNDA:138,GetValueFromNameValueList
FNF:5
FNH:5
DA:37,207
DA:39,207
DA:40,207
DA:41,0
DA:42,207
DA:43,207
DA:46,207
DA:49,23
DA:50,23
DA:51,23
DA:52,23
DA:53,23
DA:55,207
DA:58,115
DA:60,115
DA:62,115
DA:63,0
DA:64,115
DA:65,115
DA:66,115
DA:67,115
DA:68,115
DA:69,115
DA:70,115
DA:73,23
DA:77,23
DA:79,23
DA:80,23
DA:81,23
DA:82,23
DA:83,23
DA:84,23
DA:85,23
DA:86,23
DA:87,23
DA:88,23
DA:91,23
DA:94,184
DA:96,138
DA:97,138
DA:99,23
DA:102,138
DA:106,138
DA:107,759
DA:108,598
DA:109,483
DA:111,483
DA:112,115
DA:114,138
LF:49
LH:47
end_of_record
TN:
SF:/home/kgrze/dev/dlna/minidlna/src/upnpevents.c
FN:118,newSubscriber
FN:150,upnpevents_addSubscriber
FN:172,renewSubscription
FN:185,upnpevents_removeSubscriber
FN:207,upnpevents_removeSubscribers
FN:218,upnp_event_var_change_notify
FN:229,upnp_event_create_notify
FN:266,upnp_event_notify_connect
FN:317,upnp_event_prepare
FN:362,upnp_event_send
FN:379,upnp_event_recv
FN:400,upnp_event_process_notify
FN:423,upnpevents_selectfds
FN:453,upnpevents_processfds
FNDA:2,newSubscriber
FNDA:2,upnpevents_addSubscriber
FNDA:0,renewSubscription
FNDA:2,upnpevents_removeSubscriber
FNDA:1,upnpevents_removeSubscribers
FNDA:0,upnp_event_var_change_notify
FNDA:2,upnp_event_create_notify
FNDA:2,upnp_event_notify_connect
FNDA:2,upnp_event_prepare
FNDA:2,upnp_event_send
FNDA:2,upnp_event_recv
FNDA:4,upnp_event_process_notify
FNDA:129,upnpevents_selectfds
FNDA:123,upnpevents_processfds
FNF:14
FNH:12
DA:118,2
DA:121,2
DA:122,0
DA:123,2
DA:124,2
DA:125,1
DA:126,1
DA:127,1
DA:128,0
DA:129,0
DA:131,0
DA:132,0
DA:134,2
DA:135,2
DA:137,2
DA:138,2
DA:140,0
DA:141,0
DA:144,2
DA:150,2
DA:155,2
DA:157,2
DA:158,0
DA:159,2
DA:160,2
DA:161,0
DA:162,2
DA:163,2
DA:164,2
DA:165,2
DA:166,2
DA:167,2
DA:172,0
DA:175,0
DA:176,0
DA:177,0
DA:178,0
DA:181,0
DA:185,2
DA:188,2
DA:189,0
DA:190,2
DA:192,2
DA:193,2
DA:194,2
DA:195,0
DA:197,2
DA:198,2
DA:199,2
DA:200,2
DA:203,0
DA:207,1
DA:211,3
DA:212,2
DA:214,1
DA:218,0
DA:221,0
DA:222,0
DA:223,0
DA:225,0
DA:229,2
DA:233,2
DA:234,2
DA:235,0
DA:236,0
DA:238,2
DA:239,2
DA:240,2
DA:241,2
DA:242,0
DA:243,0
DA:245,2
DA:246,0
DA:248,0
DA:250,2
DA:251,0
DA:253,0
DA:255,2
DA:256,2
DA:257,2
DA:258,2
DA:259,0
DA:260,0
DA:261,0
DA:262,0
DA:266,2
DA:272,2
DA:273,0
DA:274,2
DA:275,2
DA:276,2
DA:277,0
DA:278,0
DA:280,2
DA:281,2
DA:282,26
DA:283,22
DA:284,2
DA:285,2
DA:286,2
DA:287,2
DA:288,2
DA:289,2
DA:290,14
DA:291,10
DA:292,10
DA:294,2
DA:296,0
DA:297,0
DA:299,2
DA:300,2
DA:302,0
DA:303,2
DA:304,2
DA:305,2
DA:306,2
DA:308,2
DA:309,2
DA:310,2
DA:311,0
DA:312,0
DA:317,2
DA:334,2
DA:335,0
DA:336,0
DA:338,2
DA:339,1
DA:340,1
DA:341,1
DA:342,1
DA:343,1
DA:344,1
DA:345,0
DA:346,0
DA:347,0
DA:348,0
DA:349,0
DA:350,0
DA:352,8
DA:353,2
DA:354,4
DA:356,2
DA:357,2
DA:358,2
DA:359,2
DA:362,2
DA:366,6
DA:367,2
DA:368,2
DA:369,0
DA:370,0
DA:371,0
DA:373,2
DA:375,2
DA:376,2
DA:379,2
DA:382,2
DA:383,2
DA:384,0
DA:385,0
DA:386,0
DA:388,2
DA:390,2
DA:391,2
DA:393,2
DA:394,2
DA:395,0
DA:400,4
DA:402,4
DA:403,2
DA:405,2
DA:406,2
DA:407,2
DA:408,0
DA:409,0
DA:410,0
DA:411,2
DA:412,2
DA:413,2
DA:414,0
DA:415,0
DA:416,0
DA:417,0
DA:418,0
DA:419,0
DA:421,4
DA:423,129
DA:426,137
DA:427,8
DA:429,8
DA:430,8
DA:431,2
DA:432,2
DA:433,2
DA:434,0
DA:437,2
DA:438,2
DA:439,2
DA:440,2
DA:441,6
DA:442,6
DA:443,6
DA:444,0
DA:445,6
DA:446,0
DA:447,0
DA:449,0
DA:451,129
DA:453,123
DA:460,131
DA:461,8
DA:464,8
DA:465,8
DA:466,4
DA:469,123
DA:470,254
DA:471,8
DA:472,8
DA:473,2
DA:474,2
DA:476,2
DA:477,2
DA:479,2
DA:480,0
DA:481,0
DA:482,0
DA:484,2
DA:485,2
DA:486,2
DA:488,8
DA:491,123
DA:492,445
DA:493,199
DA:494,199
DA:495,0
DA:496,0
DA:497,0
DA:499,199
DA:501,123
LF:239
LH:161
end_of_record
SF:/home/kgrze/dev/dlna/minidlna/src/utils.h
FN:54,strncpyt
FNDA:2,strncpyt
FNF:1
FNH:1
DA:54,2
DA:56,2
DA:57,2
DA:58,2
LF:4
LH:4
end_of_record
TN:
SF:/home/kgrze/dev/dlna/minidlna/src/upnpdescgen.c
FN:389,strcat_str
FN:422,strcat_char
FN:445,genXML
FN:535,genRootDesc
FN:551,genRootDescSamsung
FN:577,genServiceDesc
FN:680,genContentDirectory
FN:688,genConnectionManager
FN:696,genX_MS_MediaReceiverRegistrar
FN:702,genEventVars
FN:750,getVarsContentDirectory
FN:758,getVarsConnectionManager
FN:766,getVarsX_MS_MediaReceiverRegistrar
FNDA:726,strcat_str
FNDA:337,strcat_char
FNDA:1,genXML
FNDA:1,genRootDesc
FNDA:0,genRootDescSamsung
FNDA:2,genServiceDesc
FNDA:1,genContentDirectory
FNDA:1,genConnectionManager
FNDA:0,genX_MS_MediaReceiverRegistrar
FNDA:2,genEventVars
FNDA:1,getVarsContentDirectory
FNDA:1,getVarsConnectionManager
FNDA:0,getVarsX_MS_MediaReceiverRegistrar
FNF:13
FNH:10
DA:389,726
DA:393,726
DA:394,726
DA:396,22
DA:397,21
DA:399,1
DA:400,22
DA:401,22
DA:403,0
DA:404,0
DA:406,0
DA:407,0
DA:410,22
DA:413,726
DA:414,726
DA:415,726
DA:422,337
DA:425,337
DA:427,0
DA:428,0
DA:429,0
DA:431,0
DA:432,0
DA:435,0
DA:437,337
DA:438,337
DA:439,337
DA:445,1
DA:458,1
DA:459,1
DA:460,1
DA:463,121
DA:464,61
DA:465,0
DA:466,61
DA:471,49
DA:472,49
DA:473,49
DA:474,49
DA:475,49
DA:476,49
DA:477,49
DA:478,49
DA:481,73
DA:482,1
DA:483,60
DA:484,60
DA:488,60
DA:493,12
DA:494,12
DA:495,12
DA:496,89
DA:497,77
DA:498,12
DA:499,12
DA:502,48
DA:510,12
DA:511,12
DA:512,12
DA:513,12
DA:516,12
DA:517,12
DA:518,12
DA:522,12
DA:523,12
DA:524,12
DA:535,1
DA:539,1
DA:540,1
DA:541,1
DA:542,0
DA:543,1
DA:544,1
DA:545,1
DA:546,1
DA:547,1
DA:551,0
DA:556,0
DA:557,0
DA:558,0
DA:559,0
DA:560,0
DA:561,0
DA:563,0
DA:564,0
DA:565,0
DA:566,0
DA:567,0
DA:568,0
DA:569,0
DA:570,0
DA:577,2
DA:586,2
DA:587,2
DA:588,2
DA:589,0
DA:591,2
DA:592,2
DA:594,2
DA:595,2
DA:597,2
DA:598,2
DA:599,2
DA:601,2
DA:604,2
DA:605,2
DA:606,13
DA:608,9
DA:609,9
DA:610,9
DA:612,9
DA:613,9
DA:615,9
DA:616,9
DA:617,55
DA:619,37
DA:620,37
DA:621,37
DA:622,37
DA:623,37
DA:624,37
DA:626,37
DA:627,37
DA:629,37
DA:631,9
DA:633,9
DA:635,9
DA:637,2
DA:638,2
DA:639,28
DA:641,24
DA:643,24
DA:644,24
DA:645,24
DA:646,24
DA:647,24
DA:648,24
DA:649,24
DA:651,3
DA:652,12
DA:654,9
DA:655,9
DA:656,9
DA:658,3
DA:661,24
DA:663,0
DA:665,0
DA:666,0
DA:668,24
DA:670,24
DA:672,2
DA:673,2
DA:674,2
DA:680,1
DA:682,1
DA:688,1
DA:690,1
DA:696,0
DA:698,0
DA:702,2
DA:708,2
DA:709,2
DA:710,2
DA:711,0
DA:712,2
DA:713,2
DA:714,2
DA:715,2
DA:716,28
DA:717,24
DA:718,5
DA:719,5
DA:721,5
DA:722,0
DA:723,0
DA:724,1
DA:725,1
DA:727,1
DA:728,1
DA:730,1
DA:731,4
DA:732,4
DA:735,5
DA:736,5
DA:739,24
DA:741,2
DA:745,2
DA:746,2
DA:750,1
DA:752,1
DA:758,1
DA:760,1
DA:766,0
DA:768,0
LF:194
LH:156
end_of_record
TN:
SF:/home/kgrze/dev/dlna/minidlna/src/libav.h
FN:121,lav_open
FN:137,lav_close
FN:147,lav_get_fps
FN:160,lav_get_interlaced
FN:198,lav_codec_extradata
FN:212,lav_is_thumbnail_stream
FNDA:2,lav_open
FNDA:2,lav_close
FNDA:0,lav_get_fps
FNDA:0,lav_get_interlaced
FNDA:4,lav_codec_extradata
FNDA:2,lav_is_thumbnail_stream
FNF:6
FNH:4
DA:121,2
DA:125,2
DA:126,2
DA:127,2
DA:133,2
DA:137,2
DA:140,2
DA:144,2
DA:147,0
DA:153,0
DA:154,0
DA:156,0
DA:160,0
DA:163,0
DA:198,4
DA:201,4
DA:202,0
DA:203,4
DA:212,2
DA:215,2
DA:216,0
DA:218,0
DA:219,0
DA:220,0
DA:221,0
DA:222,0
DA:225,2
LF:27
LH:14
end_of_record
SF:/home/kgrze/dev/dlna/minidlna/src/metadata.c
FN:76,dlna_timestamp_is_present
FN:116,check_for_captions
FN:157,parse_nfo
FN:242,free_metadata
FN:269,GetFolderMetadata
FN:287,GetVideoMetadata
FNDA:0,dlna_timestamp_is_present
FNDA:2,check_for_captions
FNDA:0,parse_nfo
FNDA:2,free_metadata
FNDA:23,GetFolderMetadata
FNDA:2,GetVideoMetadata
FNF:6
FNH:4
DA:76,0
DA:82,0
DA:83,0
DA:84,0
DA:85,0
DA:86,0
DA:87,0
DA:88,0
DA:89,0
DA:91,0
DA:93,0
DA:94,0
DA:96,0
DA:97,0
DA:98,0
DA:99,0
DA:100,0
DA:101,0
DA:103,0
DA:104,0
DA:105,0
DA:106,0
DA:107,0
DA:111,0
DA:112,0
DA:116,2
DA:122,2
DA:123,2
DA:124,2
DA:125,0
DA:128,2
DA:130,0
DA:132,0
DA:135,0
DA:139,2
DA:140,2
DA:141,2
DA:143,1
DA:144,1
DA:147,2
DA:149,1
DA:157,0
DA:166,0
DA:167,0
DA:169,0
DA:170,0
DA:172,0
DA:173,0
DA:174,0
DA:175,0
DA:176,0
DA:177,0
DA:179,0
DA:180,0
DA:182,0
DA:183,0
DA:185,0
DA:188,0
DA:189,0
DA:192,0
DA:193,0
DA:194,0
DA:196,0
DA:197,0
DA:198,0
DA:199,0
DA:200,0
DA:203,0
DA:204,0
DA:206,0
DA:207,0
DA:208,0
DA:211,0
DA:212,0
DA:214,0
DA:215,0
DA:216,0
DA:219,0
DA:220,0
DA:222,0
DA:223,0
DA:224,0
DA:225,0
DA:228,0
DA:229,0
DA:231,0
DA:232,0
DA:233,0
DA:234,0
DA:237,0
DA:238,0
DA:242,2
DA:244,2
DA:245,2
DA:246,2
DA:247,2
DA:248,2
DA:249,2
DA:250,2
DA:251,2
DA:252,2
DA:253,2
DA:254,2
DA:255,2
DA:256,2
DA:257,2
DA:258,2
DA:259,2
DA:260,2
DA:261,2
DA:262,2
DA:263,2
DA:264,2
DA:265,2
DA:266,2
DA:269,23
DA:273,23
DA:278,23
DA:279,0
DA:281,23
DA:283,23
DA:287,2
DA:292,2
DA:293,2
DA:294,2
DA:295,2
DA:299,2
DA:302,2
DA:305,2
DA:306,0
DA:309,2
DA:310,2
DA:313,0
DA:314,0
DA:315,0
DA:318,6
DA:320,4
DA:323,2
DA:324,2
DA:325,2
DA:327,4
DA:328,4
DA:331,2
DA:332,2
DA:333,2
DA:336,2
DA:337,2
DA:338,2
DA:341,0
DA:342,0
DA:343,0
DA:344,0
DA:345,0
DA:348,2
DA:350,2
DA:351,2
DA:353,0
DA:354,0
DA:355,0
DA:356,2
DA:357,2
DA:359,0
DA:364,2
DA:365,2
DA:367,2
DA:370,2
DA:372,4
DA:373,2
DA:375,0
DA:377,0
DA:380,4
DA:381,2
DA:382,2
DA:383,0
DA:384,0
DA:385,0
DA:387,0
DA:390,2
DA:391,0
DA:392,0
DA:393,0
DA:395,2
DA:396,0
DA:398,0
DA:399,0
DA:400,0
DA:403,0
DA:404,0
DA:406,0
DA:407,0
DA:408,0
DA:409,0
DA:410,0
DA:411,0
DA:412,0
DA:413,0
DA:414,0
DA:415,0
DA:416,0
DA:417,0
DA:418,0
DA:419,0
DA:420,0
DA:421,0
DA:423,0
DA:424,0
DA:426,2
DA:427,2
DA:429,2
DA:432,2
DA:433,2
DA:434,2
DA:435,2
DA:436,2
DA:437,2
DA:438,2
DA:442,2
DA:444,1
DA:445,1
DA:447,0
DA:448,0
DA:449,0
DA:450,0
DA:451,0
DA:452,0
DA:453,0
DA:454,0
DA:457,2
DA:458,1
DA:459,0
DA:460,1
DA:461,0
DA:462,1
DA:463,0
DA:464,2
DA:465,1
DA:467,1
DA:469,0
DA:470,0
DA:472,0
DA:473,0
DA:475,0
DA:477,0
DA:479,0
DA:480,0
DA:481,0
DA:482,0
DA:483,0
DA:486,0
DA:487,0
DA:489,0
DA:490,0
DA:491,0
DA:493,0
DA:497,0
DA:498,0
DA:499,0
DA:500,0
DA:502,0
DA:504,0
DA:506,0
DA:507,0
DA:509,0
DA:511,0
DA:513,0
DA:515,0
DA:516,0
DA:518,0
DA:520,0
DA:521,0
DA:522,0
DA:523,0
DA:524,0
DA:525,0
DA:526,0
DA:527,0
DA:528,0
DA:529,0
DA:530,0
DA:533,0
DA:535,0
DA:537,0
DA:538,0
DA:539,0
DA:540,0
DA:542,0
DA:543,0
DA:547,0
DA:549,0
DA:550,0
DA:552,0
DA:553,1
DA:554,1
DA:555,1
DA:557,1
DA:562,0
DA:564,0
DA:565,0
DA:566,0
DA:567,0
DA:568,0
DA:571,0
DA:572,0
DA:573,0
DA:574,0
DA:575,0
DA:577,0
DA:580,0
DA:581,0
DA:584,0
DA:585,0
DA:586,0
DA:587,0
DA:588,0
DA:590,0
DA:593,0
DA:594,0
DA:597,0
DA:599,0
DA:601,0
DA:602,0
DA:603,0
DA:604,0
DA:606,0
DA:607,0
DA:609,0
DA:610,0
DA:611,0
DA:613,0
DA:614,0
DA:618,0
DA:619,0
DA:621,0
DA:622,0
DA:623,0
DA:624,0
DA:626,0
DA:629,0
DA:630,0
DA:631,0
DA:633,0
DA:635,0
DA:636,0
DA:637,0
DA:639,0
DA:643,0
DA:646,0
DA:647,0
DA:649,0
DA:650,0
DA:651,0
DA:652,0
DA:653,0
DA:654,0
DA:657,0
DA:661,0
DA:663,0
DA:664,0
DA:666,0
DA:667,0
DA:668,0
DA:670,0
DA:671,0
DA:672,0
DA:674,0
DA:675,0
DA:676,0
DA:677,0
DA:678,0
DA:679,0
DA:680,0
DA:682,0
DA:683,0
DA:684,0
DA:685,0
DA:687,0
DA:688,0
DA:689,0
DA:691,0
DA:692,0
DA:693,0
DA:695,0
DA:697,0
DA:699,0
DA:701,0
DA:703,0
DA:705,0
DA:706,0
DA:708,0
DA:710,0
DA:711,0
DA:712,0
DA:713,0
DA:714,0
DA:715,0
DA:716,0
DA:717,0
DA:718,0
DA:719,0
DA:722,1
DA:724,1
DA:726,1
DA:727,1
DA:729,1
DA:730,0
DA:732,0
DA:733,0
DA:734,0
DA:735,0
DA:737,0
DA:739,0
DA:741,0
DA:743,0
DA:745,0
DA:746,0
DA:748,0
DA:750,0
DA:752,0
DA:756,0
DA:757,0
DA:762,0
DA:763,0
DA:766,2
DA:767,1
DA:769,2
DA:770,1
DA:771,1
DA:772,1
DA:773,0
DA:774,0
DA:775,0
DA:776,0
DA:780,0
DA:781,0
DA:783,0
DA:784,0
DA:785,0
DA:786,0
DA:787,0
DA:788,0
DA:789,0
DA:790,0
DA:796,1
DA:798,0
DA:799,0
DA:801,0
DA:802,0
DA:803,0
DA:805,0
DA:806,0
DA:807,0
DA:808,0
DA:810,0
DA:811,0
DA:812,0
DA:814,0
DA:816,0
DA:817,0
DA:818,0
DA:821,0
DA:823,0
DA:824,0
DA:825,0
DA:828,0
DA:830,0
DA:832,0
DA:834,0
DA:835,0
DA:837,0
DA:838,0
DA:839,0
DA:840,0
DA:841,0
DA:844,0
DA:846,0
DA:847,0
DA:848,0
DA:850,0
DA:851,0
DA:852,0
DA:857,0
DA:858,0
DA:860,1
DA:861,1
DA:862,0
DA:863,0
DA:864,0
DA:865,0
DA:866,0
DA:867,0
DA:875,0
DA:877,0
DA:878,0
DA:880,0
DA:882,0
DA:883,0
DA:885,0
DA:886,0
DA:887,0
DA:888,0
DA:889,0
DA:890,0
DA:891,0
DA:892,0
DA:894,0
DA:895,0
DA:896,0
DA:901,0
DA:904,0
DA:906,0
DA:907,0
DA:908,0
DA:911,0
DA:915,0
DA:919,0
DA:920,0
DA:924,0
DA:925,0
DA:927,0
DA:929,0
DA:930,0
DA:931,0
DA:932,0
DA:935,0
DA:937,0
DA:938,0
DA:940,0
DA:941,0
DA:942,0
DA:943,0
DA:944,0
DA:945,0
DA:946,0
DA:948,0
DA:949,0
DA:951,0
DA:952,0
DA:953,0
DA:954,0
DA:955,0
DA:956,0
DA:957,0
DA:958,0
DA:960,0
DA:961,0
DA:962,0
DA:964,0
DA:965,0
DA:966,0
DA:967,0
DA:968,0
DA:970,0
DA:971,0
DA:973,0
DA:974,0
DA:975,0
DA:976,0
DA:977,0
DA:978,0
DA:979,0
DA:980,0
DA:982,0
DA:983,0
DA:984,0
DA:986,0
DA:987,0
DA:988,0
DA:989,0
DA:991,0
DA:992,0
DA:994,0
DA:995,0
DA:996,0
DA:997,0
DA:998,0
DA:999,0
DA:1000,0
DA:1001,0
DA:1002,0
DA:1003,0
DA:1004,0
DA:1006,0
DA:1007,0
DA:1008,0
DA:1010,0
DA:1011,0
DA:1012,0
DA:1013,0
DA:1015,0
DA:1016,0
DA:1018,0
DA:1019,0
DA:1020,0
DA:1021,0
DA:1022,0
DA:1023,0
DA:1024,0
DA:1025,0
DA:1027,0
DA:1028,0
DA:1029,0
DA:1031,0
DA:1032,0
DA:1033,0
DA:1034,0
DA:1035,0
DA:1036,0
DA:1038,0
DA:1042,2
DA:1044,2
DA:1045,2
DA:1046,2
DA:1048,2
DA:1049,2
DA:1051,0
DA:1055,2
DA:1057,1
DA:1058,0
DA:1059,1
DA:1060,0
DA:1061,1
DA:1062,0
DA:1063,1
DA:1064,1
DA:1065,0
DA:1067,1
DA:1068,0
DA:1069,0
DA:1070,0
DA:1071,0
DA:1073,0
DA:1076,2
DA:1078,2
DA:1079,2
DA:1080,2
DA:1083,2
DA:1085,2
DA:1086,2
DA:1089,2
DA:1091,4
DA:1096,2
DA:1100,2
DA:1102,0
DA:1103,0
DA:1107,2
DA:1108,2
DA:1110,2
DA:1111,2
DA:1113,2
LF:649
LH:147
end_of_record
SF:/home/kgrze/dev/dlna/minidlna/src/utils.h
FN:54,strncpyt
FNDA:2,strncpyt
FNF:1
FNH:1
DA:54,2
DA:56,2
DA:57,2
DA:58,2
LF:4
LH:4
end_of_record
TN:
SF:/home/kgrze/dev/dlna/minidlna/src/scanner.c
FN:68,get_next_available_id
FN:88,insert_container
FN:139,insert_containers
FN:385,insert_directory
FN:447,insert_file
FN:508,CreateDatabase
FN:598,filter_hidden
FN:604,filter_type
FN:617,filter_a
FN:627,filter_av
FN:639,filter_ap
FN:651,filter_v
FN:661,filter_vp
FN:672,filter_p
FN:682,filter_avp
FN:694,ScanDirectory
FN:798,cb_orphans
FN:817,start_rescan
FN:866,start_scanner
FNDA:2,get_next_available_id
FNDA:0,insert_container
FNDA:2,insert_containers
FNDA:4,insert_directory
FNDA:6,insert_file
FNDA:1,CreateDatabase
FNDA:16,filter_hidden
FNDA:10,filter_type
FNDA:0,filter_a
FNDA:0,filter_av
FNDA:0,filter_ap
FNDA:0,filter_v
FNDA:0,filter_vp
FNDA:0,filter_p
FNDA:16,filter_avp
FNDA:3,ScanDirectory
FNDA:0,cb_orphans
FNDA:0,start_rescan
FNDA:1,start_scanner
FNF:19
FNH:10
DA:68,2
DA:71,2
DA:73,2
DA:76,2
DA:78,0
DA:79,0
DA:80,0
DA:81,0
DA:84,2
DA:88,0
DA:93,0
DA:95,0
DA:102,0
DA:104,0
DA:105,0
DA:106,0
DA:108,0
DA:109,0
DA:113,0
DA:114,0
DA:115,0
DA:116,0
DA:118,0
DA:119,0
DA:120,0
DA:122,0
DA:124,0
DA:126,0
DA:133,0
DA:135,0
DA:139,2
DA:147,2
DA:149,0
DA:155,0
DA:156,0
DA:157,0
DA:159,0
DA:160,0
DA:162,0
DA:163,0
DA:165,0
DA:166,0
DA:167,0
DA:169,0
DA:171,0
DA:176,0
DA:177,0
DA:178,0
DA:179,0
DA:182,0
DA:186,0
DA:188,0
DA:190,0
DA:191,0
DA:192,0
DA:194,0
DA:196,0
DA:198,0
DA:203,0
DA:204,0
DA:205,0
DA:206,0
DA:209,0
DA:215,0
DA:217,0
DA:219,0
DA:225,2
DA:227,0
DA:228,0
DA:229,0
DA:230,2
DA:231,0
DA:233,0
DA:234,0
DA:236,0
DA:246,0
DA:248,0
DA:250,0
DA:255,0
DA:256,0
DA:257,0
DA:258,0
DA:261,0
DA:267,0
DA:269,0
DA:271,0
DA:272,0
DA:273,0
DA:274,0
DA:276,0
DA:277,0
DA:278,0
DA:282,0
DA:284,0
DA:286,0
DA:291,0
DA:293,0
DA:294,0
DA:295,0
DA:298,0
DA:303,0
DA:309,0
DA:311,0
DA:313,0
DA:314,0
DA:315,0
DA:317,0
DA:318,0
DA:319,0
DA:323,0
DA:325,0
DA:327,0
DA:331,0
DA:333,0
DA:334,0
DA:335,0
DA:338,0
DA:343,0
DA:350,0
DA:352,0
DA:354,0
DA:360,2
DA:365,2
DA:367,1
DA:369,2
DA:374,2
DA:378,0
DA:380,0
DA:381,0
DA:385,4
DA:387,4
DA:388,4
DA:392,4
DA:394,2
DA:398,2
DA:399,2
DA:400,2
DA:401,2
DA:402,2
DA:403,6
DA:405,4
DA:406,0
DA:407,4
DA:409,2
DA:410,2
DA:413,2
DA:414,2
DA:416,2
DA:417,2
DA:419,2
DA:423,2
DA:424,2
DA:425,2
DA:426,2
DA:427,2
DA:428,2
DA:429,2
DA:430,2
DA:432,2
DA:433,2
DA:436,2
DA:437,2
DA:443,2
DA:447,6
DA:451,6
DA:456,6
DA:458,6
DA:460,2
DA:461,2
DA:462,2
DA:466,6
DA:468,4
DA:469,4
DA:472,2
DA:473,2
DA:474,2
DA:476,2
DA:482,2
DA:484,2
DA:485,2
DA:486,2
DA:487,2
DA:489,2
DA:490,2
DA:492,2
DA:493,2
DA:495,2
DA:501,2
DA:502,2
DA:504,2
DA:508,1
DA:511,17
DA:512,1
DA:513,1
DA:514,1
DA:515,1
DA:516,1
DA:517,1
DA:518,1
DA:520,1
DA:521,1
DA:522,1
DA:524,1
DA:525,1
DA:526,1
DA:527,1
DA:528,1
DA:530,1
DA:533,1
DA:534,1
DA:535,0
DA:536,1
DA:537,1
DA:538,0
DA:539,1
DA:540,1
DA:541,0
DA:542,1
DA:543,1
DA:544,0
DA:545,1
DA:546,1
DA:547,0
DA:548,1
DA:549,1
DA:550,0
DA:551,1
DA:552,1
DA:553,0
DA:554,18
DA:556,51
DA:559,51
DA:560,17
DA:561,0
DA:563,21
DA:565,20
DA:566,20
DA:567,17
DA:568,3
DA:570,3
DA:571,3
DA:572,3
DA:573,6
DA:577,3
DA:578,3
DA:579,3
DA:580,0
DA:583,1
DA:584,1
DA:585,1
DA:586,1
DA:587,1
DA:588,1
DA:589,1
DA:591,1
DA:592,1
DA:593,0
DA:594,1
DA:598,16
DA:600,16
DA:604,10
DA:607,18
DA:608,18
DA:609,8
DA:617,0
DA:619,0
DA:620,0
DA:621,0
DA:622,0
DA:627,0
DA:629,0
DA:630,0
DA:631,0
DA:632,0
DA:633,0
DA:634,0
DA:639,0
DA:641,0
DA:642,0
DA:643,0
DA:644,0
DA:645,0
DA:646,0
DA:651,0
DA:653,0
DA:654,0
DA:655,0
DA:656,0
DA:661,0
DA:663,0
DA:664,0
DA:665,0
DA:666,0
DA:667,0
DA:672,0
DA:674,0
DA:675,0
DA:676,0
DA:677,0
DA:682,16
DA:684,34
DA:685,18
DA:686,16
DA:687,13
DA:688,8
DA:689,3
DA:694,3
DA:697,3
DA:699,3
DA:703,3
DA:704,3
DA:706,3
DA:707,3
DA:708,3
DA:709,0
DA:710,0
DA:711,0
DA:712,0
DA:713,0
DA:714,0
DA:715,0
DA:716,0
DA:717,0
DA:718,0
DA:719,0
DA:720,0
DA:721,0
DA:722,0
DA:723,0
DA:724,0
DA:725,0
DA:726,0
DA:727,0
DA:728,0
DA:729,0
DA:730,0
DA:732,3
DA:734,0
DA:736,0
DA:739,3
DA:740,3
DA:742,0
DA:743,0
DA:746,3
DA:748,1
DA:751,11
DA:757,8
DA:758,8
DA:759,8
DA:760,8
DA:762,2
DA:764,6
DA:766,6
DA:770,0
DA:772,8
DA:773,2
DA:775,2
DA:776,2
DA:777,2
DA:778,2
DA:780,6
DA:782,6
DA:783,2
DA:785,8
DA:786,8
DA:788,3
DA:789,3
DA:790,3
DA:792,1
DA:798,0
DA:800,0
DA:801,0
DA:804,0
DA:806,0
DA:807,0
DA:808,0
DA:810,0
DA:813,0
DA:817,0
DA:820,0
DA:822,0
DA:823,0
DA:824,0
DA:828,0
DA:831,0
DA:832,0
DA:834,0
DA:835,0
DA:839,0
DA:840,0
DA:842,0
DA:843,0
DA:847,0
DA:850,0
DA:851,0
DA:852,0
DA:853,0
DA:854,0
DA:857,0
DA:858,0
DA:860,0
DA:861,0
DA:862,0
DA:866,1
DA:871,1
DA:872,0
DA:874,1
DA:875,1
DA:876,1
DA:878,1
DA:879,0
DA:881,2
DA:884,1
DA:886,1
DA:887,1
DA:889,1
DA:890,0
DA:891,0
DA:892,0
DA:893,0
DA:894,0
DA:897,1
DA:899,1
DA:900,1
DA:901,1
DA:906,1
DA:908,1
DA:910,1
LF:428
LH:199
end_of_record
SF:/home/kgrze/dev/dlna/minidlna/src/utils.h
FN:54,strncpyt
FN:59,is_reg
FN:67,is_dir
FNDA:1,strncpyt
FNDA:14,is_reg
FNDA:8,is_dir
FNF:3
FNH:3
DA:54,1
DA:56,1
DA:57,1
DA:58,1
DA:59,14
DA:62,14
DA:67,8
DA:70,8
LF:8
LH:8
end_of_record
TN:
SF:/home/kgrze/dev/dlna/minidlna/src/monitor.c
FN:72,get_path_from_wd
FN:87,next_highest
FN:98,raise_watch_limit
FN:110,add_watch
FN:152,remove_watch
FN:166,inotify_create_watches
FN:230,inotify_remove_watches
FN:251,monitor_remove_file
FN:329,check_nfo
FN:341,monitor_insert_file
FN:470,monitor_insert_directory
FN:561,monitor_remove_directory
FN:599,start_inotify
FNDA:0,get_path_from_wd
FNDA:0,next_highest
FNDA:0,raise_watch_limit
FNDA:4,add_watch
FNDA:0,remove_watch
FNDA:1,inotify_create_watches
FNDA:1,inotify_remove_watches
FNDA:0,monitor_remove_file
FNDA:0,check_nfo
FNDA:0,monitor_insert_file
FNDA:0,monitor_insert_directory
FNDA:0,monitor_remove_directory
FNDA:1,start_inotify
FNF:13
FNH:4
DA:72,0
DA:74,0
DA:76,0
DA:78,0
DA:79,0
DA:80,0
DA:83,0
DA:87,0
DA:89,0
DA:90,0
DA:91,0
DA:92,0
DA:93,0
DA:94,0
DA:98,0
DA:100,0
DA:101,0
DA:102,0
DA:103,0
DA:104,0
DA:105,0
DA:106,0
DA:110,4
DA:115,4
DA:116,4
DA:118,0
DA:119,0
DA:121,4
DA:123,0
DA:124,0
DA:127,4
DA:128,4
DA:130,0
DA:131,0
DA:133,4
DA:134,4
DA:135,4
DA:137,4
DA:139,1
DA:142,4
DA:144,3
DA:146,4
DA:148,4
DA:152,0
DA:156,0
DA:158,0
DA:159,0
DA:162,0
DA:166,1
DA:169,1
DA:171,1
DA:174,2
DA:176,1
DA:177,1
DA:178,1
DA:180,1
DA:181,4
DA:183,3
DA:184,3
DA:185,3
DA:187,1
DA:189,1
DA:190,1
DA:192,1
DA:193,0
DA:194,1
DA:195,1
DA:197,1
DA:199,0
DA:201,0
DA:203,0
DA:205,0
DA:209,0
DA:214,1
DA:222,0
DA:226,1
DA:230,1
DA:232,1
DA:234,1
DA:236,6
DA:238,4
DA:239,4
DA:240,4
DA:241,4
DA:242,4
DA:243,4
DA:246,1
DA:251,0
DA:261,0
DA:263,0
DA:266,0
DA:267,0
DA:268,0
DA:269,0
DA:270,0
DA:271,0
DA:272,0
DA:273,0
DA:275,0
DA:276,0
DA:279,0
DA:285,0
DA:288,0
DA:291,0
DA:294,0
DA:296,0
DA:297,0
DA:300,0
DA:301,0
DA:302,0
DA:303,0
DA:305,0
DA:307,0
DA:308,0
DA:309,0
DA:310,0
DA:312,0
DA:316,0
DA:319,0
DA:320,0
DA:322,0
DA:323,0
DA:325,0
DA:329,0
DA:333,0
DA:334,0
DA:336,0
DA:341,0
DA:348,0
DA:349,0
DA:351,0
DA:352,0
DA:355,0
DA:359,0
DA:360,0
DA:361,0
DA:362,0
DA:363,0
DA:365,0
DA:366,0
DA:367,0
DA:368,0
DA:369,0
DA:370,0
DA:371,0
DA:372,0
DA:373,0
DA:374,0
DA:375,0
DA:376,0
DA:377,0
DA:381,0
DA:382,0
DA:383,0
DA:386,0
DA:387,0
DA:389,0
DA:390,0
DA:392,0
DA:394,0
DA:396,0
DA:398,0
DA:402,0
DA:403,0
DA:404,0
DA:408,0
DA:409,0
DA:410,0
DA:411,0
DA:412,0
DA:413,0
DA:414,0
DA:416,0
DA:417,0
DA:418,0
DA:423,0
DA:425,0
DA:427,0
DA:428,0
DA:429,0
DA:431,0
DA:432,0
DA:433,0
DA:434,0
DA:435,0
DA:437,0
DA:438,0
DA:439,0
DA:441,0
DA:443,0
DA:445,0
DA:446,0
DA:447,0
DA:449,0
DA:451,0
DA:452,0
DA:453,0
DA:455,0
DA:458,0
DA:459,0
DA:461,0
DA:464,0
DA:466,0
DA:470,0
DA:476,0
DA:480,0
DA:482,0
DA:483,0
DA:485,0
DA:487,0
DA:488,0
DA:489,0
DA:493,0
DA:494,0
DA:496,0
DA:497,0
DA:498,0
DA:499,0
DA:500,0
DA:503,0
DA:506,0
DA:507,0
DA:509,0
DA:513,0
DA:518,0
DA:520,0
DA:521,0
DA:523,0
DA:524,0
DA:526,0
DA:528,0
DA:529,0
DA:530,0
DA:531,0
DA:532,0
DA:534,0
DA:538,0
DA:539,0
DA:540,0
DA:542,0
DA:544,0
DA:546,0
DA:548,0
DA:550,0
DA:553,0
DA:555,0
DA:557,0
DA:561,0
DA:565,0
DA:566,0
DA:569,0
DA:570,0
DA:573,0
DA:576,0
DA:578,0
DA:580,0
DA:582,0
DA:584,0
DA:585,0
DA:586,0
DA:588,0
DA:590,0
DA:592,0
DA:594,0
DA:599,1
DA:604,1
DA:605,1
DA:609,1
DA:610,1
DA:611,1
DA:613,1
DA:614,1
DA:616,1
DA:617,0
DA:619,3
DA:621,1
DA:622,0
DA:623,1
DA:625,1
DA:626,1
DA:627,0
DA:628,1
DA:629,1
DA:631,3
DA:633,1
DA:634,1
DA:636,0
DA:637,0
DA:638,0
DA:640,0
DA:642,1
DA:643,1
DA:645,0
DA:647,0
DA:649,0
DA:651,1
DA:653,1
DA:654,1
DA:656,0
DA:660,0
DA:661,0
DA:664,0
DA:665,0
DA:667,0
DA:668,0
DA:670,0
DA:672,0
DA:673,0
DA:675,0
DA:676,0
DA:677,0
DA:679,0
DA:681,0
DA:683,0
DA:684,0
DA:686,0
DA:688,0
DA:691,0
DA:692,0
DA:694,0
DA:696,0
DA:698,0
DA:699,0
DA:701,0
DA:703,0
DA:707,0
DA:709,0
DA:712,0
DA:713,0
DA:715,0
DA:717,0
DA:719,0
DA:722,1
DA:723,1
DA:724,1
DA:726,1
LF:336
LH:75
end_of_record
SF:/home/kgrze/dev/dlna/minidlna/src/utils.h
FN:54,strncpyt
FNDA:0,strncpyt
FNF:1
FNH:0
DA:54,0
DA:56,0
DA:57,0
DA:58,0
LF:4
LH:0
end_of_record
TN:
SF:/home/kgrze/dev/dlna/minidlna/src/minidlna.c
FN:103,OpenAndConfHTTPSocket
FN:147,sigterm
FN:157,sigusr1
FN:166,sighup
FN:176,set_startup_time
FN:182,_get_dbtime
FN:194,open_db
FN:219,check_db
FN:313,writepidfile
FN:377,init_nls
FN:405,init
FN:494,main
FNDA:1,OpenAndConfHTTPSocket
FNDA:1,sigterm
FNDA:0,sigusr1
FNDA:0,sighup
FNDA:1,set_startup_time
FNDA:2,_get_dbtime
FNDA:4,open_db
FNDA:1,check_db
FNDA:1,writepidfile
FNDA:1,init_nls
FNDA:1,init
FNDA:1,main
FNF:12
FNH:10
DA:103,1
DA:106,1
DA:110,1
DA:112,1
DA:113,1
DA:115,0
DA:116,0
DA:119,1
DA:120,0
DA:122,1
DA:123,1
DA:124,1
DA:125,1
DA:127,1
DA:129,0
DA:130,0
DA:131,0
DA:134,1
DA:136,0
DA:137,0
DA:138,0
DA:141,1
DA:147,1
DA:149,1
DA:151,1
DA:153,1
DA:154,1
DA:157,0
DA:159,0
DA:160,0
DA:162,0
DA:163,0
DA:166,0
DA:168,0
DA:169,0
DA:171,0
DA:172,0
DA:176,1
DA:178,1
DA:179,1
DA:182,2
DA:187,2
DA:188,2
DA:189,0
DA:190,2
DA:194,4
DA:197,4
DA:199,4
DA:200,4
DA:202,2
DA:203,2
DA:205,4
DA:206,0
DA:207,4
DA:208,3
DA:209,4
DA:210,4
DA:211,4
DA:212,4
DA:213,4
DA:215,4
DA:219,1
DA:221,1
DA:224,1
DA:227,1
DA:230,0
DA:231,0
DA:233,0
DA:235,0
DA:237,0
DA:238,0
DA:240,0
DA:243,0
DA:244,0
DA:246,0
DA:247,0
DA:249,0
DA:250,0
DA:251,0
DA:253,0
DA:255,0
DA:256,0
DA:257,0
DA:260,0
DA:263,1
DA:264,1
DA:266,1
DA:267,1
DA:268,1
DA:269,1
DA:270,0
DA:271,0
DA:272,0
DA:273,0
DA:275,0
DA:277,1
DA:279,1
DA:280,1
DA:281,0
DA:283,1
DA:284,1
DA:285,0
DA:287,1
DA:290,1
DA:291,1
DA:292,1
DA:293,2
DA:294,2
DA:296,1
DA:297,1
DA:298,1
DA:299,1
DA:300,1
DA:302,1
DA:304,0
DA:310,1
DA:313,1
DA:318,1
DA:320,1
DA:321,0
DA:324,1
DA:325,1
DA:326,1
DA:328,0
DA:330,0
DA:332,0
DA:337,1
DA:339,0
DA:341,0
DA:343,1
DA:345,0
DA:346,0
DA:351,1
DA:352,1
DA:354,0
DA:356,0
DA:359,1
DA:361,0
DA:363,0
DA:365,1
DA:367,0
DA:368,0
DA:372,1
DA:374,1
DA:377,1
DA:382,1
DA:383,1
DA:384,0
DA:385,1
DA:386,0
DA:387,2
DA:388,2
DA:389,0
DA:390,1
DA:391,1
DA:392,0
DA:393,1
DA:394,1
DA:395,1
DA:397,1
DA:405,1
DA:411,1
DA:412,1
DA:414,1
DA:417,1
DA:419,0
DA:420,0
DA:422,1
DA:423,1
DA:425,1
DA:426,1
DA:427,1
DA:428,1
DA:429,1
DA:431,1
DA:432,1
DA:433,1
DA:434,1
DA:436,1
DA:437,1
DA:440,1
DA:441,1
DA:442,1
DA:443,1
DA:445,1
DA:448,1
DA:451,1
DA:452,1
DA:453,1
DA:454,0
DA:455,1
DA:456,0
DA:457,1
DA:458,0
DA:459,1
DA:460,0
DA:461,1
DA:462,1
DA:463,1
DA:464,0
DA:466,1
DA:467,0
DA:469,1
DA:472,0
DA:473,0
DA:477,1
DA:478,0
DA:481,1
DA:482,1
DA:484,0
DA:485,0
DA:488,1
DA:494,1
DA:497,1
DA:498,1
DA:500,1
DA:504,1
DA:505,1
DA:506,1
DA:507,1
DA:508,1
DA:509,1
DA:511,9
DA:512,8
DA:514,1
DA:515,1
DA:516,0
DA:517,1
DA:519,1
DA:520,1
DA:522,0
DA:525,1
DA:527,1
DA:528,1
DA:530,0
DA:531,0
DA:532,0
DA:534,1
DA:535,1
DA:537,1
DA:539,1
DA:540,0
DA:542,1
DA:543,0
DA:546,1
DA:548,1
DA:549,1
DA:551,0
DA:552,0
DA:553,0
DA:554,0
DA:557,1
DA:558,1
DA:559,0
DA:560,1
DA:562,1
DA:563,1
DA:566,130
DA:570,129
DA:572,0
DA:573,0
DA:574,0
DA:579,129
DA:581,0
DA:582,0
DA:584,0
DA:585,0
DA:587,0
DA:588,0
DA:589,0
DA:593,258
DA:594,129
DA:595,129
DA:597,258
DA:598,129
DA:599,129
DA:602,0
DA:606,129
DA:608,2
DA:610,1
DA:611,1
DA:612,0
DA:617,129
DA:619,129
DA:621,129
DA:622,129
DA:625,129
DA:627,129
DA:628,129
DA:630,129
DA:632,129
DA:633,129
DA:636,129
DA:637,174
DA:639,45
DA:641,45
DA:642,45
DA:643,45
DA:646,129
DA:647,129
DA:649,129
DA:650,129
DA:652,6
DA:653,5
DA:654,0
DA:655,0
DA:657,123
DA:659,123
DA:662,31
DA:664,123
DA:666,0
DA:670,123
DA:672,45
DA:674,0
DA:675,0
DA:677,0
DA:678,0
DA:681,45
DA:683,0
DA:684,0
DA:685,0
DA:686,0
DA:690,168
DA:692,45
DA:693,45
DA:696,123
DA:701,45
DA:702,45
DA:703,45
DA:705,0
DA:709,45
DA:710,45
DA:718,45
DA:719,45
DA:721,45
DA:722,45
DA:726,0
DA:727,0
DA:732,213
DA:734,90
DA:735,90
DA:737,45
DA:738,45
DA:743,0
DA:745,1
DA:746,0
DA:749,2
DA:751,0
DA:752,0
DA:753,0
DA:755,1
DA:756,1
DA:757,1
DA:758,1
DA:759,1
DA:760,1
DA:762,2
DA:764,1
DA:765,1
DA:768,1
DA:770,1
DA:771,1
DA:775,1
DA:776,1
DA:778,1
DA:779,1
DA:781,1
DA:783,1
DA:784,0
DA:786,1
DA:788,1
LF:371
LH:248
end_of_record
SF:/home/kgrze/dev/dlna/minidlna/src/utils.h
FN:54,strncpyt
FNDA:3,strncpyt
FNF:1
FNH:1
DA:54,3
DA:56,3
DA:57,3
DA:58,3
LF:4
LH:4
end_of_record
TN:
SF:/home/kgrze/dev/dlna/minidlna/src/sql.c
FN:27,sql_exec
FN:51,sql_get_table
FN:69,sql_get_int_field
FN:128,sql_get_int64_field
FN:187,sql_get_text_field
FN:263,db_upgrade
FNDA:91,sql_exec
FNDA:3,sql_get_table
FNDA:57,sql_get_int_field
FNDA:0,sql_get_int64_field
FNDA:6,sql_get_text_field
FNDA:1,db_upgrade
FNF:6
FNH:5
DA:27,91
DA:30,91
DA:35,91
DA:36,91
DA:37,91
DA:38,91
DA:39,91
DA:41,0
DA:42,0
DA:43,0
DA:45,91
DA:47,91
DA:51,3
DA:54,3
DA:57,3
DA:58,3
DA:60,0
DA:61,0
DA:62,0
DA:65,3
DA:69,57
DA:77,57
DA:78,57
DA:79,57
DA:83,57
DA:85,57
DA:86,57
DA:87,0
DA:88,0
DA:89,0
DA:90,0
DA:93,114
DA:94,114
DA:95,0
DA:98,0
DA:99,0
DA:102,57
DA:104,6
DA:106,6
DA:107,6
DA:108,51
DA:109,51
DA:111,0
DA:112,0
DA:114,51
DA:115,51
DA:116,0
DA:117,0
DA:118,0
DA:119,0
DA:121,57
DA:122,57
DA:124,57
DA:128,0
DA:136,0
DA:137,0
DA:138,0
DA:142,0
DA:144,0
DA:145,0
DA:146,0
DA:147,0
DA:148,0
DA:149,0
DA:152,0
DA:153,0
DA:154,0
DA:157,0
DA:158,0
DA:161,0
DA:163,0
DA:165,0
DA:166,0
DA:167,0
DA:168,0
DA:170,0
DA:171,0
DA:173,0
DA:174,0
DA:175,0
DA:176,0
DA:177,0
DA:178,0
DA:180,0
DA:181,0
DA:183,0
DA:187,6
DA:195,6
DA:197,0
DA:198,0
DA:201,6
DA:202,6
DA:203,6
DA:207,6
DA:209,6
DA:210,6
DA:211,0
DA:212,0
DA:213,0
DA:214,0
DA:216,6
DA:218,12
DA:219,12
DA:220,0
DA:224,0
DA:225,0
DA:228,6
DA:230,2
DA:232,2
DA:233,2
DA:235,4
DA:236,4
DA:238,0
DA:239,0
DA:242,4
DA:243,4
DA:245,0
DA:246,0
DA:249,4
DA:250,4
DA:252,0
DA:253,0
DA:254,0
DA:255,0
DA:257,6
DA:259,6
DA:263,1
DA:268,1
DA:270,1
DA:271,0
DA:272,1
DA:273,0
DA:274,1
DA:275,1
DA:276,0
DA:277,0
DA:278,0
DA:280,0
DA:281,0
DA:282,0
DA:283,0
DA:285,0
DA:287,0
DA:288,0
DA:289,0
DA:290,0
DA:292,0
DA:294,0
LF:148
LH:63
end_of_record
TN:
SF:/home/kgrze/dev/dlna/minidlna/src/uuid.c
FN:55,monotonic_us
FN:74,read_bootid_node
FN:97,read_random_bytes
FN:126,init_clockseq
FN:137,generate_uuid
FN:242,get_uuid_string
FNDA:1,monotonic_us
FNDA:0,read_bootid_node
FNDA:1,read_random_bytes
FNDA:1,init_clockseq
FNDA:2,generate_uuid
FNDA:2,get_uuid_string
FNF:6
FNH:5
DA:55,1
DA:62,1
DA:70,1
DA:74,0
DA:78,0
DA:79,0
DA:81,0
DA:82,0
DA:83,0
DA:84,0
DA:85,0
DA:88,0
DA:89,0
DA:92,0
DA:93,0
DA:97,1
DA:102,1
DA:103,1
DA:105,1
DA:106,0
DA:107,1
DA:112,1
DA:113,1
DA:116,11
DA:117,8
DA:118,2
DA:119,1
DA:120,1
DA:121,1
DA:123,1
DA:126,1
DA:130,1
DA:131,1
DA:132,1
DA:133,1
DA:134,1
DA:137,2
DA:145,2
DA:150,2
DA:153,2
DA:155,2
DA:157,2
DA:162,0
DA:163,0
DA:165,0
DA:166,0
DA:170,2
DA:172,1
DA:173,1
DA:184,2
DA:190,2
DA:191,2
DA:194,2
DA:195,2
DA:198,2
DA:200,1
DA:201,1
DA:205,1
DA:207,0
DA:208,0
DA:210,0
DA:214,1
DA:216,2
DA:219,2
DA:220,2
DA:221,2
DA:222,2
DA:223,2
DA:224,2
DA:225,2
DA:226,2
DA:228,2
DA:229,2
DA:232,2
DA:234,2
DA:236,2
DA:242,2
DA:246,2
DA:247,0
DA:249,32
DA:250,18
DA:251,14
DA:252,2
DA:254,2
LF:84
LH:63
end_of_record
TN:
SF:/home/kgrze/dev/dlna/minidlna/src/containers.c
FN:128,in_magic_container
FN:158,check_magic_container
FNDA:11,in_magic_container
FNDA:41,check_magic_container
FNF:2
FNH:2
DA:128,11
DA:133,231
DA:135,220
DA:136,176
DA:137,44
DA:138,11
DA:139,33
DA:140,33
DA:141,33
DA:143,0
DA:144,0
DA:145,0
DA:146,0
DA:148,0
DA:149,0
DA:150,0
DA:154,11
DA:158,41
DA:162,861
DA:164,820
DA:165,656
DA:166,164
DA:167,41
DA:168,123
DA:169,123
DA:171,0
DA:172,0
DA:176,41
LF:28
LH:19
end_of_record
TN:
SF:/home/kgrze/dev/dlna/minidlna/src/image_utils.c
FN:73,my_dst_mgr_init
FN:90,my_dst_mgr_empty
FN:105,my_dst_mgr_term
FN:116,jpeg_memory_dest
FN:135,init_source
FN:141,fill_input_buffer
FN:155,skip_input_data
FN:171,term_source
FN:177,jpeg_memory_src
FN:196,libjpeg_error_handler
FN:204,image_free
FN:211,get_pix
FN:227,put_pix_alpha_replace
FN:234,image_get_jpeg_resolution
FN:299,image_get_jpeg_date_xmp
FN:402,image_new
FN:423,image_new_from_jpeg
FN:577,image_upsize
FN:640,image_downsize
FN:784,image_resize
FN:801,image_save_to_jpeg_buf
FN:851,image_save_to_jpeg_file
FNDA:0,my_dst_mgr_init
FNDA:0,my_dst_mgr_empty
FNDA:0,my_dst_mgr_term
FNDA:0,jpeg_memory_dest
FNDA:0,init_source
FNDA:0,fill_input_buffer
FNDA:0,skip_input_data
FNDA:0,term_source
FNDA:0,jpeg_memory_src
FNDA:0,libjpeg_error_handler
FNDA:0,image_free
FNDA:0,get_pix
FNDA:0,put_pix_alpha_replace
FNDA:0,image_get_jpeg_resolution
FNDA:0,image_get_jpeg_date_xmp
FNDA:0,image_new
FNDA:0,image_new_from_jpeg
FNDA:0,image_upsize
FNDA:0,image_downsize
FNDA:0,image_resize
FNDA:0,image_save_to_jpeg_buf
FNDA:0,image_save_to_jpeg_file
FNF:22
FNH:0
DA:73,0
DA:75,0
DA:77,0
DA:78,0
DA:79,0
DA:80,0
DA:81,0
DA:82,0
DA:83,0
DA:84,0
DA:86,0
DA:90,0
DA:92,0
DA:94,0
DA:95,0
DA:96,0
DA:97,0
DA:98,0
DA:99,0
DA:101,0
DA:105,0
DA:107,0
DA:109,0
DA:110,0
DA:112,0
DA:116,0
DA:118,0
DA:119,0
DA:120,0
DA:121,0
DA:123,0
DA:135,0
DA:137,0
DA:141,0
DA:143,0
DA:146,0
DA:147,0
DA:148,0
DA:149,0
DA:151,0
DA:155,0
DA:157,0
DA:158,0
DA:160,0
DA:162,0
DA:163,0
DA:166,0
DA:167,0
DA:168,0
DA:171,0
DA:173,0
DA:177,0
DA:181,0
DA:182,0
DA:183,0
DA:184,0
DA:185,0
DA:186,0
DA:187,0
DA:188,0
DA:189,0
DA:190,0
DA:191,0
DA:196,0
DA:198,0
DA:199,0
DA:204,0
DA:206,0
DA:207,0
DA:208,0
DA:211,0
DA:213,0
DA:214,0
DA:215,0
DA:216,0
DA:218,0
DA:219,0
DA:220,0
DA:221,0
DA:223,0
DA:227,0
DA:229,0
DA:230,0
DA:231,0
DA:234,0
DA:239,0
DA:244,0
DA:245,0
DA:246,0
DA:248,0
DA:249,0
DA:250,0
DA:252,0
DA:253,0
DA:255,0
DA:256,0
DA:258,0
DA:260,0
DA:262,0
DA:263,0
DA:265,0
DA:266,0
DA:268,0
DA:270,0
DA:271,0
DA:272,0
DA:273,0
DA:274,0
DA:275,0
DA:276,0
DA:277,0
DA:278,0
DA:279,0
DA:280,0
DA:284,0
DA:285,0
DA:286,0
DA:287,0
DA:288,0
DA:289,0
DA:290,0
DA:291,0
DA:294,0
DA:295,0
DA:299,0
DA:303,0
DA:307,0
DA:310,0
DA:311,0
DA:312,0
DA:314,0
DA:315,0
DA:317,0
DA:318,0
DA:320,0
DA:322,0
DA:324,0
DA:325,0
DA:327,0
DA:328,0
DA:330,0
DA:331,0
DA:333,0
DA:335,0
DA:336,0
DA:337,0
DA:338,0
DA:339,0
DA:340,0
DA:342,0
DA:344,0
DA:345,0
DA:348,0
DA:349,0
DA:350,0
DA:351,0
DA:353,0
DA:354,0
DA:355,0
DA:356,0
DA:357,0
DA:359,0
DA:360,0
DA:363,0
DA:364,0
DA:365,0
DA:366,0
DA:367,0
DA:368,0
DA:369,0
DA:371,0
DA:372,0
DA:373,0
DA:375,0
DA:376,0
DA:378,0
DA:379,0
DA:380,0
DA:382,0
DA:383,0
DA:387,0
DA:388,0
DA:389,0
DA:390,0
DA:391,0
DA:392,0
DA:393,0
DA:396,0
DA:397,0
DA:398,0
DA:402,0
DA:406,0
DA:408,0
DA:409,0
DA:411,0
DA:413,0
DA:415,0
DA:416,0
DA:417,0
DA:419,0
DA:423,0
DA:426,0
DA:433,0
DA:434,0
DA:435,0
DA:436,0
DA:438,0
DA:440,0
DA:442,0
DA:446,0
DA:448,0
DA:450,0
DA:451,0
DA:452,0
DA:453,0
DA:455,0
DA:456,0
DA:457,0
DA:458,0
DA:459,0
DA:460,0
DA:461,0
DA:462,0
DA:463,0
DA:464,0
DA:466,0
DA:467,0
DA:468,0
DA:469,0
DA:472,0
DA:474,0
DA:475,0
DA:476,0
DA:477,0
DA:479,0
DA:480,0
DA:482,0
DA:485,0
DA:487,0
DA:488,0
DA:489,0
DA:490,0
DA:491,0
DA:492,0
DA:494,0
DA:495,0
DA:498,0
DA:499,0
DA:501,0
DA:502,0
DA:503,0
DA:504,0
DA:505,0
DA:506,0
DA:509,0
DA:511,0
DA:512,0
DA:514,0
DA:516,0
DA:517,0
DA:519,0
DA:520,0
DA:521,0
DA:522,0
DA:525,0
DA:527,0
DA:530,0
DA:531,0
DA:533,0
DA:535,0
DA:537,0
DA:538,0
DA:539,0
DA:540,0
DA:541,0
DA:542,0
DA:545,0
DA:547,0
DA:548,0
DA:549,0
DA:551,0
DA:553,0
DA:554,0
DA:555,0
DA:556,0
DA:557,0
DA:558,0
DA:559,0
DA:563,0
DA:565,0
DA:568,0
DA:569,0
DA:570,0
DA:571,0
DA:573,0
DA:577,0
DA:600,0
DA:601,0
DA:603,0
DA:605,0
DA:607,0
DA:608,0
DA:609,0
DA:610,0
DA:611,0
DA:612,0
DA:614,0
DA:615,0
DA:616,0
DA:634,0
DA:637,0
DA:640,0
DA:698,0
DA:699,0
DA:701,0
DA:702,0
DA:704,0
DA:705,0
DA:706,0
DA:707,0
DA:708,0
DA:709,0
DA:711,0
DA:712,0
DA:713,0
DA:715,0
DA:717,0
DA:719,0
DA:721,0
DA:722,0
DA:723,0
DA:725,0
DA:727,0
DA:729,0
DA:731,0
DA:732,0
DA:734,0
DA:735,0
DA:737,0
DA:738,0
DA:739,0
DA:740,0
DA:742,0
DA:744,0
DA:745,0
DA:746,0
DA:747,0
DA:749,0
DA:751,0
DA:752,0
DA:753,0
DA:754,0
DA:758,0
DA:759,0
DA:760,0
DA:761,0
DA:766,0
DA:767,0
DA:768,0
DA:769,0
DA:772,0
DA:773,0
DA:774,0
DA:775,0
DA:777,0
DA:778,0
DA:784,0
DA:788,0
DA:789,0
DA:790,0
DA:791,0
DA:792,0
DA:794,0
DA:796,0
DA:801,0
DA:811,0
DA:812,0
DA:813,0
DA:814,0
DA:815,0
DA:816,0
DA:817,0
DA:818,0
DA:819,0
DA:820,0
DA:821,0
DA:822,0
DA:824,0
DA:825,0
DA:826,0
DA:827,0
DA:829,0
DA:830,0
DA:832,0
DA:834,0
DA:835,0
DA:836,0
DA:837,0
DA:839,0
DA:840,0
DA:842,0
DA:843,0
DA:844,0
DA:845,0
DA:847,0
DA:851,0
DA:853,0
DA:857,0
DA:858,0
DA:859,0
DA:860,0
DA:861,0
DA:863,0
DA:864,0
DA:866,0
DA:867,0
DA:868,0
DA:870,0
LF:418
LH:0
end_of_record
TN:
SF:/home/kgrze/dev/dlna/minidlna/src/utils.c
FN:39,xasprintf
FN:56,ends_with
FN:70,trim
FN:102,strstrc
FN:125,strcasestrc
FN:148,modifyString
FN:193,unescape_tag
FN:215,escape_tag
FN:234,duration_str
FN:248,strip_ext
FN:263,make_dir
FN:312,DJBHash
FN:326,mime_to_ext
FN:389,is_video
FN:403,is_audio
FN:415,is_image
FN:421,is_playlist
FN:427,is_caption
FN:433,get_media_type
FN:454,resolve_unknown_type
FN:493,valid_media_types
FNDA:8,xasprintf
FNDA:202,ends_with
FNDA:0,trim
FNDA:609,strstrc
FNDA:31,strcasestrc
FNDA:0,modifyString
FNDA:0,unescape_tag
FNDA:8,escape_tag
FNDA:2,duration_str
FNDA:6,strip_ext
FNDA:3,make_dir
FNDA:0,DJBHash
FNDA:6,mime_to_ext
FNDA:7,is_video
FNDA:10,is_audio
FNDA:11,is_image
FNDA:0,is_playlist
FNDA:0,is_caption
FNDA:6,get_media_type
FNDA:0,resolve_unknown_type
FNDA:0,valid_media_types
FNF:21
FNH:13
DA:39,8
DA:44,8
DA:45,8
DA:46,8
DA:47,8
DA:49,0
DA:50,0
DA:52,8
DA:56,202
DA:59,202
DA:60,202
DA:62,202
DA:63,16
DA:64,186
DA:66,186
DA:70,0
DA:75,0
DA:76,0
DA:78,0
DA:79,0
DA:81,0
DA:82,0
DA:84,0
DA:86,0
DA:87,0
DA:90,0
DA:92,0
DA:93,0
DA:94,0
DA:97,0
DA:102,609
DA:107,609
DA:108,609
DA:109,0
DA:111,609
DA:112,609
DA:113,32138
DA:115,30949
DA:116,29
DA:117,30920
DA:118,30920
DA:121,580
DA:125,31
DA:130,31
DA:131,31
DA:132,0
DA:134,31
DA:135,31
DA:136,124
DA:138,93
DA:139,31
DA:140,62
DA:141,62
DA:144,0
DA:148,0
DA:150,0
DA:154,0
DA:155,0
DA:156,0
DA:158,0
DA:159,0
DA:160,0
DA:162,0
DA:163,0
DA:165,0
DA:167,0
DA:168,0
DA:170,0
DA:172,0
DA:173,0
DA:175,0
DA:178,0
DA:179,0
DA:181,0
DA:182,0
DA:183,0
DA:184,0
DA:185,0
DA:186,0
DA:189,0
DA:193,0
DA:195,0
DA:197,0
DA:198,0
DA:199,0
DA:201,0
DA:202,0
DA:203,0
DA:204,0
DA:205,0
DA:206,0
DA:208,0
DA:209,0
DA:211,0
DA:215,8
DA:217,8
DA:219,8
DA:221,0
DA:222,0
DA:223,0
DA:224,0
DA:225,0
DA:227,8
DA:228,8
DA:230,8
DA:234,2
DA:238,6
DA:240,2
DA:241,2
DA:244,2
DA:248,6
DA:252,6
DA:253,0
DA:254,6
DA:255,6
DA:256,6
DA:258,6
DA:263,3
DA:265,3
DA:270,15
DA:274,18
DA:275,0
DA:278,43
DA:279,31
DA:281,6
DA:282,6
DA:283,6
DA:284,6
DA:285,6
DA:287,25
DA:290,9
DA:293,6
DA:294,6
DA:295,0
DA:296,0
DA:297,0
DA:298,0
DA:301,9
DA:302,3
DA:305,6
DA:312,0
DA:314,0
DA:315,0
DA:317,0
DA:319,0
DA:322,0
DA:326,6
DA:328,6
DA:331,0
DA:332,0
DA:333,0
DA:334,0
DA:335,0
DA:336,0
DA:337,0
DA:338,0
DA:339,0
DA:340,0
DA:341,0
DA:342,0
DA:343,0
DA:344,0
DA:345,0
DA:346,0
DA:347,0
DA:348,0
DA:349,0
DA:350,0
DA:351,6
DA:352,6
DA:353,0
DA:354,6
DA:355,0
DA:356,6
DA:357,3
DA:358,3
DA:359,0
DA:360,3
DA:361,3
DA:362,0
DA:363,0
DA:364,0
DA:365,0
DA:366,0
DA:367,0
DA:368,0
DA:369,0
DA:370,0
DA:371,0
DA:372,0
DA:373,0
DA:374,0
DA:375,0
DA:377,0
DA:378,0
DA:379,0
DA:380,0
DA:381,0
DA:382,0
DA:383,0
DA:385,0
DA:389,7
DA:391,21
DA:392,17
DA:393,15
DA:394,13
DA:395,12
DA:396,12
DA:397,12
DA:398,12
DA:399,15
DA:403,10
DA:405,26
DA:406,24
DA:407,24
DA:408,22
DA:409,16
DA:410,15
DA:411,20
DA:415,11
DA:417,11
DA:421,0
DA:423,0
DA:427,0
DA:429,0
DA:433,6
DA:435,6
DA:436,6
DA:437,0
DA:438,6
DA:439,2
DA:440,4
DA:441,2
DA:442,2
DA:443,2
DA:444,0
DA:445,0
DA:446,0
DA:447,0
DA:448,0
DA:449,0
DA:450,0
DA:454,0
DA:457,0
DA:461,0
DA:463,0
DA:465,0
DA:467,0
DA:469,0
DA:471,0
DA:472,0
DA:475,0
DA:478,0
DA:480,0
DA:482,0
DA:484,0
DA:485,0
DA:486,0
DA:489,0
DA:493,0
DA:497,0
DA:499,0
DA:500,0
DA:503,0
LF:264
LH:108
end_of_record
TN:
SF:/home/kgrze/dev/dlna/minidlna/src/clients.c
FN:298,SearchClientCache
FN:334,AddClientCache
FNDA:40,SearchClientCache
FNDA:1,AddClientCache
FNF:2
FNH:2
DA:298,40
DA:302,65
DA:304,64
DA:307,39
DA:310,0
DA:311,0
DA:315,0
DA:319,0
DA:320,0
DA:323,39
DA:324,39
DA:326,39
DA:330,1
DA:334,1
DA:338,2
DA:340,1
DA:341,0
DA:342,1
DA:343,1
DA:344,1
DA:345,1
DA:346,1
DA:350,1
DA:353,0
LF:24
LH:17
end_of_record
TN:
SF:/home/kgrze/dev/dlna/minidlna/src/getifaddr.c
FN:70,getifaddr
FN:172,getsyshwaddr
FN:273,get_remote_mac
FN:308,reload_ifaces
FN:347,OpenAndConfMonitorSocket
FN:380,ProcessMonitorEvent
FNDA:1,getifaddr
FNDA:3,getsyshwaddr
FNDA:1,get_remote_mac
FNDA:1,reload_ifaces
FNDA:1,OpenAndConfMonitorSocket
FNDA:0,ProcessMonitorEvent
FNF:6
FNH:5
DA:70,1
DA:76,1
DA:78,0
DA:79,0
DA:82,8
DA:84,7
DA:85,5
DA:86,2
DA:87,0
DA:88,2
DA:89,2
DA:90,1
DA:91,1
DA:92,1
DA:94,0
DA:95,0
DA:97,1
DA:98,1
DA:99,1
DA:100,1
DA:101,1
DA:102,1
DA:103,1
DA:106,1
DA:107,1
DA:109,0
DA:110,0
DA:168,1
DA:172,3
DA:175,3
DA:223,3
DA:225,3
DA:226,3
DA:227,0
DA:229,3
DA:230,3
DA:232,0
DA:233,0
DA:236,6
DA:238,6
DA:239,6
DA:240,0
DA:241,6
DA:242,3
DA:243,3
DA:244,0
DA:250,3
DA:251,0
DA:252,3
DA:254,3
DA:255,3
DA:257,3
DA:258,3
DA:260,3
DA:262,3
DA:263,6
DA:264,3
DA:265,3
DA:266,2
DA:267,2
DA:269,3
DA:273,1
DA:279,1
DA:281,1
DA:282,1
DA:283,0
DA:284,11
DA:286,10
DA:289,10
DA:290,9
DA:291,1
DA:292,1
DA:293,1
DA:294,0
DA:296,1
DA:298,1
DA:300,0
DA:301,0
DA:304,1
DA:308,1
DA:313,1
DA:314,1
DA:316,0
DA:317,0
DA:319,1
DA:321,1
DA:323,1
DA:324,1
DA:325,1
DA:327,2
DA:329,5
DA:331,4
DA:332,0
DA:335,1
DA:337,1
DA:339,1
DA:340,2
DA:341,2
DA:344,1
DA:347,1
DA:354,1
DA:355,1
DA:357,0
DA:358,0
DA:361,1
DA:362,1
DA:363,1
DA:365,1
DA:366,1
DA:368,0
DA:369,0
DA:370,0
DA:373,1
DA:380,0
DA:386,0
DA:388,0
DA:390,0
DA:391,0
DA:392,0
DA:393,0
DA:395,0
DA:396,0
DA:398,0
DA:400,0
DA:402,0
DA:403,0
LF:126
LH:88
end_of_record
SF:/home/kgrze/dev/dlna/minidlna/src/utils.h
FN:54,strncpyt
FNDA:6,strncpyt
FNF:1
FNH:1
DA:54,6
DA:56,6
DA:57,6
DA:58,6
LF:4
LH:4
end_of_record
TN:
SF:/home/kgrze/dev/dlna/minidlna/src/upnpsoap.c
FN:100,SoapError
FN:131,BuildSendAndCloseSoapResp
FN:167,GetSystemUpdateID
FN:185,IsAuthorizedValidated
FN:214,RegisterDevice
FN:232,GetProtocolInfo
FN:254,GetSortCapabilities
FN:278,GetSearchCapabilities
FN:307,GetCurrentConnectionIDs
FN:326,GetCurrentConnectionInfo
FN:412,set_filter_flags
FN:584,parse_sort_criteria
FN:682,add_resized_res
FN:712,add_res
FN:757,get_child_count
FN:772,object_exists
FN:790,callback
FN:1195,BrowseContentDirectory
FN:1415,charcat
FN:1427,parse_search_criteria
FN:1686,SearchContentDirectory
FN:1849,QueryStateVariable
FN:1890,_kodi_decode
FN:1915,duration_sec
FN:1925,UpdateObject
FN:2014,SamsungGetFeatureList
FN:2063,SamsungSetBookmark
FN:2130,ExecuteSoapAction
FNDA:0,SoapError
FNDA:26,BuildSendAndCloseSoapResp
FNDA:1,GetSystemUpdateID
FNDA:0,IsAuthorizedValidated
FNDA:0,RegisterDevice
FNDA:0,GetProtocolInfo
FNDA:0,GetSortCapabilities
FNDA:2,GetSearchCapabilities
FNDA:0,GetCurrentConnectionIDs
FNDA:0,GetCurrentConnectionInfo
FNDA:23,set_filter_flags
FNDA:12,parse_sort_criteria
FNDA:0,add_resized_res
FNDA:6,add_res
FNDA:38,get_child_count
FNDA:2,object_exists
FNDA:35,callback
FNDA:20,BrowseContentDirectory
FNDA:75,charcat
FNDA:3,parse_search_criteria
FNDA:3,SearchContentDirectory
FNDA:0,QueryStateVariable
FNDA:0,_kodi_decode
FNDA:0,duration_sec
FNDA:0,UpdateObject
FNDA:0,SamsungGetFeatureList
FNDA:0,SamsungSetBookmark
FNDA:26,ExecuteSoapAction
FNF:28
FNH:14
DA:100,0
DA:123,0
DA:124,0
DA:125,0
DA:126,0
DA:127,0
DA:128,0
DA:131,26
DA:144,26
DA:146,0
DA:147,0
DA:150,26
DA:151,26
DA:153,26
DA:154,26
DA:156,26
DA:157,26
DA:159,26
DA:160,26
DA:162,26
DA:163,26
DA:167,1
DA:178,1
DA:181,1
DA:182,1
DA:185,0
DA:197,0
DA:198,0
DA:199,0
DA:202,0
DA:205,0
DA:208,0
DA:210,0
DA:211,0
DA:214,0
DA:225,0
DA:228,0
DA:229,0
DA:232,0
DA:246,0
DA:249,0
DA:250,0
DA:251,0
DA:254,0
DA:271,0
DA:274,0
DA:275,0
DA:278,2
DA:300,2
DA:303,2
DA:304,2
DA:307,0
DA:319,0
DA:322,0
DA:323,0
DA:326,0
DA:345,0
DA:347,0
DA:348,0
DA:349,0
DA:350,0
DA:351,0
DA:352,0
DA:354,0
DA:356,0
DA:358,0
DA:363,0
DA:366,0
DA:368,0
DA:369,0
DA:412,23
DA:414,23
DA:415,23
DA:416,23
DA:418,23
DA:420,2
DA:421,2
DA:422,0
DA:424,23
DA:425,2
DA:427,21
DA:428,0
DA:429,21
DA:430,525
DA:432,483
DA:433,483
DA:434,987
DA:435,21
DA:436,483
DA:438,21
DA:440,462
DA:442,0
DA:444,462
DA:446,21
DA:448,441
DA:450,21
DA:452,420
DA:454,0
DA:456,420
DA:458,0
DA:460,420
DA:462,0
DA:464,420
DA:466,21
DA:468,399
DA:470,21
DA:471,21
DA:472,0
DA:474,378
DA:476,21
DA:477,21
DA:479,357
DA:481,21
DA:483,336
DA:485,0
DA:487,336
DA:489,21
DA:491,315
DA:493,0
DA:495,315
DA:497,0
DA:499,315
DA:501,0
DA:503,315
DA:505,21
DA:507,567
DA:508,546
DA:509,273
DA:511,21
DA:512,21
DA:514,525
DA:515,504
DA:516,252
DA:518,21
DA:519,21
DA:521,483
DA:522,462
DA:523,231
DA:525,21
DA:526,21
DA:528,441
DA:529,420
DA:530,210
DA:532,21
DA:533,21
DA:535,399
DA:536,378
DA:537,189
DA:539,21
DA:540,21
DA:542,357
DA:543,336
DA:544,168
DA:546,21
DA:547,21
DA:549,168
DA:551,0
DA:553,168
DA:555,0
DA:557,168
DA:559,0
DA:561,168
DA:563,0
DA:565,168
DA:567,0
DA:569,168
DA:571,0
DA:573,168
DA:575,0
DA:577,483
DA:580,21
DA:584,12
DA:586,12
DA:588,12
DA:590,12
DA:592,12
DA:593,0
DA:594,12
DA:595,12
DA:597,0
DA:599,0
DA:600,0
DA:601,0
DA:602,0
DA:603,0
DA:605,0
DA:607,0
DA:608,0
DA:609,0
DA:610,0
DA:612,0
DA:614,0
DA:616,0
DA:617,0
DA:621,0
DA:622,0
DA:624,0
DA:626,0
DA:628,0
DA:630,0
DA:631,0
DA:633,0
DA:635,0
DA:637,0
DA:639,0
DA:641,0
DA:643,0
DA:647,0
DA:648,0
DA:649,0
DA:650,0
DA:652,0
DA:653,0
DA:655,0
DA:656,0
DA:659,0
DA:660,0
DA:661,0
DA:662,0
DA:664,0
DA:666,0
DA:667,0
DA:668,0
DA:669,0
DA:672,0
DA:673,0
DA:675,0
DA:676,0
DA:678,0
DA:682,0
DA:685,0
DA:686,0
DA:688,0
DA:689,0
DA:691,0
DA:692,0
DA:694,0
DA:695,0
DA:696,0
DA:697,0
DA:698,0
DA:700,0
DA:702,0
DA:707,0
DA:712,6
DA:716,6
DA:717,6
DA:718,6
DA:720,6
DA:721,6
DA:723,6
DA:724,6
DA:725,6
DA:726,0
DA:727,6
DA:729,6
DA:730,6
DA:732,6
DA:733,6
DA:735,6
DA:736,6
DA:738,6
DA:740,0
DA:742,0
DA:743,0
DA:744,0
DA:745,0
DA:746,0
DA:749,12
DA:752,6
DA:754,6
DA:757,38
DA:761,38
DA:762,0
DA:763,38
DA:764,0
DA:766,38
DA:768,38
DA:772,2
DA:775,2
DA:776,2
DA:777,2
DA:790,35
DA:792,35
DA:793,35
DA:794,35
DA:795,35
DA:796,35
DA:799,35
DA:800,35
DA:803,35
DA:806,0
DA:809,0
DA:810,0
DA:812,0
DA:813,0
DA:818,0
DA:819,0
DA:825,0
DA:826,0
DA:830,35
DA:831,35
DA:833,35
DA:835,6
DA:836,6
DA:838,6
DA:840,6
DA:841,6
DA:843,0
DA:845,0
DA:846,0
DA:848,0
DA:851,6
DA:853,0
DA:855,0
DA:858,6
DA:860,0
DA:861,0
DA:863,0
DA:866,6
DA:868,0
DA:870,0
DA:873,6
DA:874,0
DA:876,6
DA:877,3
DA:880,6
DA:882,0
DA:884,0
DA:888,6
DA:890,0
DA:891,0
DA:892,0
DA:894,0
DA:897,6
DA:899,0
DA:900,0
DA:903,6
DA:905,0
DA:906,0
DA:907,0
DA:908,0
DA:910,0
DA:913,0
DA:915,0
DA:916,0
DA:918,0
DA:920,0
DA:923,0
DA:925,0
DA:927,0
DA:932,0
DA:934,6
DA:935,0
DA:937,6
DA:938,3
DA:943,3
DA:944,3
DA:949,0
DA:951,6
DA:952,6
DA:953,0
DA:955,6
DA:959,6
DA:960,0
DA:962,6
DA:963,0
DA:965,6
DA:966,6
DA:968,6
DA:970,0
DA:971,0
DA:976,0
DA:979,0
DA:980,0
DA:982,0
DA:983,0
DA:987,6
DA:988,0
DA:989,0
DA:991,0
DA:992,0
DA:995,6
DA:996,0
DA:998,6
DA:999,0
DA:1001,6
DA:1002,0
DA:1004,6
DA:1005,0
DA:1007,6
DA:1008,6
DA:1009,6
DA:1011,6
DA:1013,0
DA:1015,0
DA:1016,0
DA:1017,0
DA:1018,0
DA:1019,0
DA:1020,0
DA:1022,0
DA:1023,0
DA:1026,0
DA:1030,0
DA:1032,6
DA:1033,6
DA:1034,0
DA:1035,0
DA:1036,0
DA:1037,0
DA:1038,0
DA:1039,0
DA:1041,0
DA:1042,0
DA:1045,0
DA:1046,0
DA:1047,0
DA:1048,0
DA:1049,0
DA:1051,0
DA:1053,0
DA:1054,0
DA:1057,0
DA:1059,0
DA:1060,0
DA:1064,0
DA:1065,0
DA:1066,0
DA:1067,0
DA:1068,0
DA:1069,0
DA:1071,0
DA:1072,0
DA:1074,0
DA:1075,0
DA:1078,0
DA:1080,0
DA:1081,0
DA:1085,0
DA:1086,0
DA:1089,0
DA:1090,0
DA:1091,0
DA:1092,0
DA:1094,0
DA:1095,0
DA:1098,0
DA:1099,6
DA:1104,6
DA:1106,3
DA:1107,6
DA:1110,3
DA:1111,3
DA:1112,0
DA:1115,0
DA:1117,6
DA:1118,6
DA:1120,0
DA:1122,6
DA:1123,0
DA:1124,0
DA:1127,0
DA:1128,0
DA:1131,0
DA:1133,0
DA:1136,0
DA:1139,6
DA:1141,29
DA:1143,29
DA:1144,29
DA:1145,0
DA:1147,29
DA:1148,29
DA:1151,29
DA:1152,0
DA:1157,29
DA:1161,29
DA:1163,29
DA:1165,29
DA:1166,0
DA:1168,29
DA:1169,0
DA:1171,29
DA:1172,0
DA:1174,29
DA:1176,0
DA:1177,0
DA:1178,0
DA:1179,0
DA:1180,0
DA:1181,0
DA:1183,0
DA:1184,0
DA:1185,0
DA:1188,29
DA:1191,35
DA:1195,20
DA:1204,20
DA:1208,20
DA:1212,20
DA:1213,20
DA:1214,20
DA:1215,20
DA:1216,20
DA:1218,20
DA:1219,20
DA:1221,20
DA:1222,20
DA:1224,20
DA:1226,20
DA:1227,20
DA:1228,20
DA:1229,20
DA:1231,20
DA:1232,20
DA:1233,20
DA:1235,0
DA:1236,0
DA:1238,20
DA:1239,11
DA:1240,20
DA:1241,20
DA:1242,20
DA:1244,0
DA:1245,0
DA:1247,20
DA:1249,0
DA:1250,0
DA:1252,20
DA:1254,0
DA:1255,0
DA:1258,20
DA:1259,20
DA:1260,20
DA:1262,20
DA:1263,20
DA:1264,20
DA:1265,2
DA:1266,20
DA:1267,0
DA:1268,20
DA:1270,20
DA:1271,20
DA:1272,20
DA:1273,20
DA:1274,20
DA:1275,20
DA:1285,20
DA:1287,11
DA:1288,11
DA:1289,11
DA:1290,11
DA:1292,0
DA:1293,0
DA:1294,0
DA:1295,0
DA:1296,0
DA:1297,0
DA:1299,11
DA:1303,11
DA:1304,11
DA:1308,9
DA:1309,9
DA:1311,0
DA:1312,0
DA:1313,0
DA:1314,0
DA:1315,0
DA:1316,0
DA:1317,0
DA:1318,0
DA:1319,0
DA:1320,0
DA:1321,0
DA:1322,0
DA:1323,0
DA:1325,0
DA:1326,0
DA:1327,0
DA:1328,0
DA:1329,0
DA:1332,9
DA:1333,9
DA:1335,9
DA:1336,9
DA:1337,9
DA:1338,9
DA:1341,0
DA:1343,9
DA:1345,9
DA:1347,0
DA:1348,0
DA:1350,0
DA:1352,9
DA:1355,0
DA:1358,9
DA:1359,0
DA:1361,9
DA:1362,9
DA:1364,0
DA:1365,0
DA:1366,0
DA:1370,9
DA:1372,0
DA:1373,0
DA:1376,9
DA:1380,9
DA:1381,9
DA:1382,9
DA:1384,20
DA:1386,0
DA:1387,0
DA:1388,0
DA:1389,0
DA:1391,20
DA:1393,20
DA:1395,0
DA:1397,0
DA:1398,0
DA:1401,20
DA:1407,20
DA:1408,20
DA:1409,20
DA:1410,20
DA:1411,20
DA:1412,20
DA:1415,75
DA:1417,75
DA:1419,0
DA:1420,0
DA:1422,75
DA:1423,75
DA:1427,3
DA:1431,3
DA:1434,3
DA:1435,0
DA:1437,3
DA:1438,3
DA:1439,3
DA:1440,3
DA:1442,3
DA:1444,6
DA:1445,0
DA:1447,90
DA:1449,84
DA:1451,45
DA:1452,3
DA:1453,3
DA:1454,3
DA:1455,0
DA:1457,0
DA:1458,0
DA:1459,0
DA:1462,0
DA:1464,3
DA:1465,3
DA:1467,3
DA:1468,3
DA:1470,3
DA:1471,3
DA:1472,0
DA:1473,0
DA:1475,0
DA:1476,0
DA:1477,0
DA:1479,0
DA:1480,5
DA:1481,5
DA:1482,3
DA:1483,4
DA:1484,2
DA:1486,0
DA:1487,0
DA:1490,42
DA:1491,42
DA:1496,39
DA:1497,0
DA:1498,0
DA:1500,0
DA:1501,0
DA:1502,0
DA:1505,0
DA:1506,0
DA:1507,0
DA:1508,0
DA:1509,0
DA:1510,0
DA:1512,0
DA:1513,0
DA:1515,0
DA:1516,3
DA:1517,3
DA:1519,3
DA:1520,3
DA:1521,3
DA:1523,0
DA:1524,0
DA:1526,3
DA:1528,0
DA:1530,0
DA:1531,0
DA:1533,0
DA:1535,0
DA:1536,0
DA:1538,0
DA:1540,0
DA:1541,0
DA:1544,0
DA:1545,3
DA:1546,3
DA:1547,3
DA:1549,3
DA:1550,3
DA:1551,3
DA:1553,0
DA:1555,0
DA:1556,0
DA:1557,0
DA:1559,0
DA:1561,0
DA:1562,0
DA:1563,0
DA:1564,0
DA:1567,0
DA:1568,0
DA:1569,0
DA:1570,0
DA:1572,0
DA:1573,0
DA:1574,0
DA:1575,0
DA:1578,0
DA:1579,0
DA:1580,6
DA:1581,6
DA:1583,3
DA:1584,3
DA:1585,3
DA:1586,3
DA:1588,3
DA:1590,0
DA:1591,0
DA:1592,0
DA:1594,3
DA:1596,0
DA:1597,0
DA:1598,0
DA:1600,3
DA:1602,0
DA:1603,0
DA:1604,0
DA:1607,3
DA:1608,3
DA:1609,3
DA:1610,3
DA:1612,3
DA:1613,9
DA:1614,3
DA:1615,3
DA:1617,0
DA:1618,0
DA:1620,3
DA:1622,3
DA:1623,3
DA:1627,0
DA:1628,3
DA:1629,3
DA:1630,3
DA:1632,3
DA:1633,3
DA:1634,3
DA:1636,0
DA:1638,0
DA:1639,0
DA:1640,0
DA:1642,0
DA:1644,0
DA:1645,0
DA:1646,0
DA:1648,0
DA:1650,0
DA:1651,0
DA:1652,0
DA:1654,0
DA:1656,0
DA:1657,0
DA:1658,0
DA:1661,0
DA:1662,0
DA:1663,0
DA:1664,0
DA:1665,0
DA:1666,0
DA:1667,0
DA:1668,0
DA:1669,0
DA:1670,0
DA:1671,0
DA:1672,0
DA:1673,21
DA:1674,21
DA:1675,21
DA:1678,75
DA:1680,3
DA:1682,3
DA:1686,3
DA:1695,3
DA:1703,3
DA:1704,3
DA:1706,3
DA:1707,3
DA:1709,3
DA:1710,3
DA:1712,3
DA:1714,3
DA:1715,3
DA:1716,3
DA:1717,3
DA:1719,3
DA:1720,3
DA:1721,3
DA:1722,0
DA:1723,3
DA:1724,3
DA:1725,3
DA:1727,0
DA:1729,0
DA:1730,0
DA:1734,3
DA:1735,3
DA:1736,3
DA:1738,3
DA:1739,3
DA:1740,3
DA:1742,0
DA:1744,3
DA:1746,3
DA:1747,3
DA:1748,3
DA:1749,3
DA:1750,3
DA:1751,3
DA:1761,3
DA:1762,3
DA:1763,0
DA:1765,3
DA:1766,3
DA:1768,6
DA:1769,3
DA:1770,0
DA:1772,3
DA:1773,3
DA:1775,3
DA:1782,3
DA:1785,0
DA:1786,0
DA:1789,3
DA:1791,2
DA:1793,0
DA:1794,0
DA:1797,3
DA:1799,3
DA:1801,3
DA:1803,0
DA:1804,0
DA:1807,3
DA:1813,3
DA:1818,3
DA:1819,3
DA:1820,3
DA:1822,0
DA:1823,0
DA:1825,3
DA:1826,3
DA:1832,3
DA:1833,3
DA:1834,3
DA:1835,3
DA:1836,3
DA:1837,3
DA:1838,3
DA:1849,0
DA:1861,0
DA:1864,0
DA:1866,0
DA:1868,0
DA:1870,0
DA:1872,0
DA:1875,0
DA:1878,0
DA:1882,0
DA:1883,0
DA:1886,0
DA:1887,0
DA:1890,0
DA:1892,0
DA:1894,0
DA:1895,0
DA:1897,0
DA:1899,0
DA:1900,0
DA:1901,0
DA:1903,0
DA:1905,0
DA:1906,0
DA:1907,0
DA:1909,0
DA:1910,0
DA:1913,0
DA:1915,0
DA:1919,0
DA:1920,0
DA:1922,0
DA:1925,0
DA:1934,0
DA:1936,0
DA:1937,0
DA:1938,0
DA:1939,0
DA:1941,0
DA:1943,0
DA:1945,0
DA:1947,0
DA:1948,0
DA:1949,0
DA:1952,0
DA:1953,0
DA:1955,0
DA:1956,0
DA:1957,0
DA:1959,0
DA:1960,0
DA:1961,0
DA:1964,0
DA:1967,0
DA:1968,0
DA:1969,0
DA:1970,0
DA:1971,0
DA:1973,0
DA:1975,0
DA:1978,0
DA:1980,0
DA:1981,0
DA:1985,0
DA:1988,0
DA:1990,0
DA:1991,0
DA:1992,0
DA:1994,0
DA:1995,0
DA:1997,0
DA:2002,0
DA:2005,0
DA:2006,0
DA:2008,0
DA:2010,0
DA:2014,0
DA:2029,0
DA:2030,0
DA:2031,0
DA:2035,0
DA:2037,0
DA:2039,0
DA:2040,0
DA:2041,0
DA:2045,0
DA:2046,0
DA:2047,0
DA:2050,0
DA:2052,0
DA:2053,0
DA:2054,0
DA:2057,0
DA:2059,0
DA:2060,0
DA:2063,0
DA:2073,0
DA:2074,0
DA:2075,0
DA:2077,0
DA:2078,0
DA:2079,0
DA:2081,0
DA:2084,0
DA:2085,0
DA:2087,0
DA:2088,0
DA:2089,0
DA:2091,0
DA:2094,0
DA:2095,0
DA:2096,0
DA:2099,0
DA:2101,0
DA:2102,0
DA:2130,26
DA:2134,26
DA:2135,26
DA:2137,26
DA:2141,26
DA:2142,26
DA:2143,26
DA:2144,26
DA:2146,0
DA:2147,26
DA:2148,89
DA:2150,63
DA:2151,63
DA:2153,26
DA:2154,26
DA:2156,37
DA:2159,0
DA:2162,0
LF:1015
LH:447
end_of_record
SF:/home/kgrze/dev/dlna/minidlna/src/utils.h
FN:37,strcatf
FN:54,strncpyt
FNDA:283,strcatf
FNDA:0,strncpyt
FNF:2
FNH:1
DA:37,283
DA:43,283
DA:44,0
DA:46,283
DA:47,283
DA:48,283
DA:49,283
DA:50,283
DA:52,283
DA:54,0
DA:56,0
DA:57,0
DA:58,0
LF:13
LH:8
end_of_record
TN:
SF:/home/kgrze/dev/dlna/minidlna/src/log.c
FN:59,log_close
FN:65,find_matching_name
FN:78,log_init
FN:129,log_err
FNDA:2,log_close
FNDA:10,find_matching_name
FNDA:1,log_init
FNDA:528,log_err
FNF:4
FNH:4
DA:59,2
DA:61,2
DA:62,2
DA:63,2
DA:65,10
DA:66,10
DA:68,10
DA:69,10
DA:70,51
DA:71,50
DA:72,9
DA:74,1
DA:78,1
DA:83,1
DA:84,1
DA:86,9
DA:87,8
DA:89,1
DA:94,1
DA:95,3
DA:96,1
DA:97,1
DA:98,1
DA:99,0
DA:100,0
DA:103,1
DA:104,1
DA:106,8
DA:107,8
DA:108,8
DA:109,0
DA:111,8
DA:114,8
DA:115,8
DA:119,1
DA:120,1
DA:122,0
DA:123,0
DA:124,0
DA:125,0
DA:129,528
DA:133,528
DA:134,0
DA:136,528
DA:137,1
DA:140,528
DA:144,528
DA:145,528
DA:146,1584
DA:147,1056
DA:151,528
DA:152,528
DA:154,0
DA:157,528
DA:158,528
DA:160,0
DA:161,0
DA:163,528
DA:165,528
DA:167,528
DA:168,0
DA:170,528
LF:62
LH:50
end_of_record
TN:
SF:/home/kgrze/dev/dlna/minidlna/src/minissdp.c
FN:60,AddMulticastMembership
FN:94,OpenAndConfSSDPReceiveSocket
FN:142,OpenAndConfSSDPNotifySocket
FN:207,_usleep
FN:219,SendSSDPResponse
FN:264,SendSSDPNotifies
FN:320,ParseUPnPClient
FN:484,ProcessSSDPRequest
FN:762,SendSSDPGoodbyes
FN:810,SubmitServicesToMiniSSDPD
FNDA:1,AddMulticastMembership
FNDA:1,OpenAndConfSSDPReceiveSocket
FNDA:1,OpenAndConfSSDPNotifySocket
FNDA:5,_usleep
FNDA:4,SendSSDPResponse
FNDA:1,SendSSDPNotifies
FNDA:0,ParseUPnPClient
FNDA:31,ProcessSSDPRequest
FNDA:2,SendSSDPGoodbyes
FNDA:0,SubmitServicesToMiniSSDPD
FNF:10
FNH:8
DA:60,1
DA:66,1
DA:67,1
DA:68,1
DA:80,1
DA:81,1
DA:83,0
DA:85,0
DA:88,1
DA:94,1
DA:97,1
DA:100,1
DA:101,1
DA:103,0
DA:104,0
DA:107,1
DA:108,0
DA:110,1
DA:111,0
DA:113,1
DA:114,1
DA:115,1
DA:121,1
DA:129,1
DA:131,0
DA:132,0
DA:133,0
DA:136,1
DA:142,1
DA:145,1
DA:146,1
DA:150,1
DA:151,1
DA:153,0
DA:154,0
DA:157,1
DA:159,1
DA:161,0
DA:162,0
DA:163,0
DA:166,1
DA:168,0
DA:169,0
DA:170,0
DA:173,1
DA:175,1
DA:176,1
DA:177,1
DA:179,1
DA:181,0
DA:182,0
DA:183,0
DA:186,1
DA:188,0
DA:192,1
DA:207,5
DA:211,5
DA:212,5
DA:213,5
DA:214,5
DA:219,4
DA:225,4
DA:234,4
DA:235,8
DA:245,4
DA:254,4
DA:257,4
DA:259,4
DA:260,0
DA:261,4
DA:264,1
DA:268,1
DA:272,1
DA:273,1
DA:274,1
DA:275,1
DA:276,1
DA:278,3
DA:280,2
DA:281,1
DA:282,2
DA:283,16
DA:285,12
DA:304,12
DA:306,0
DA:307,0
DA:309,12
DA:310,12
DA:312,12
DA:313,0
DA:314,12
DA:317,1
DA:320,0
DA:324,0
DA:327,0
DA:328,0
DA:329,0
DA:332,0
DA:335,0
DA:336,0
DA:337,0
DA:338,0
DA:339,0
DA:340,0
DA:341,0
DA:342,0
DA:344,0
DA:345,0
DA:346,0
DA:349,0
DA:350,0
DA:351,0
DA:353,0
DA:354,0
DA:356,0
DA:357,0
DA:358,0
DA:360,0
DA:361,0
DA:362,0
DA:363,0
DA:365,0
DA:366,0
DA:368,0
DA:371,0
DA:372,0
DA:374,0
DA:376,0
DA:377,0
DA:378,0
DA:379,0
DA:381,0
DA:383,0
DA:385,0
DA:386,0
DA:388,0
DA:390,0
DA:391,0
DA:393,0
DA:395,0
DA:396,0
DA:397,0
DA:398,0
DA:399,0
DA:401,0
DA:402,0
DA:403,0
DA:404,0
DA:405,0
DA:406,0
DA:408,0
DA:409,0
DA:411,0
DA:412,0
DA:413,0
DA:414,0
DA:415,0
DA:416,0
DA:417,0
DA:418,0
DA:419,0
DA:420,0
DA:423,0
DA:424,0
DA:426,0
DA:427,0
DA:428,0
DA:430,0
DA:431,0
DA:436,0
DA:438,0
DA:440,0
DA:442,0
DA:443,0
DA:447,0
DA:451,0
DA:453,0
DA:455,0
DA:456,0
DA:457,0
DA:459,0
DA:460,0
DA:465,0
DA:466,0
DA:467,0
DA:469,0
DA:470,0
DA:472,0
DA:476,0
DA:477,0
DA:484,31
DA:490,31
DA:491,31
DA:492,31
DA:495,31
DA:499,31
DA:508,31
DA:515,31
DA:517,0
DA:518,0
DA:520,31
DA:521,31
DA:523,31
DA:525,18
DA:526,18
DA:528,144
DA:530,144
DA:531,18
DA:533,18
DA:534,0
DA:535,144
DA:537,4305
DA:538,4089
DA:539,108
DA:540,108
DA:542,6
DA:543,18
DA:544,6
DA:546,102
DA:548,6
DA:549,18
DA:550,6
DA:551,270
DA:552,258
DA:554,96
DA:556,18
DA:557,54
DA:558,18
DA:560,78
DA:562,18
DA:563,54
DA:564,18
DA:567,24
DA:568,6
DA:569,17
DA:570,1
DA:571,2
DA:572,2
DA:573,1
DA:576,0
DA:577,0
DA:579,0
DA:580,0
DA:582,0
DA:583,0
DA:586,0
DA:589,13
DA:591,13
DA:593,130
DA:595,130
DA:596,13
DA:598,13
DA:599,0
DA:600,99
DA:602,1866
DA:603,1720
DA:604,73
DA:605,73
DA:607,13
DA:608,13
DA:609,39
DA:610,13
DA:611,541
DA:612,515
DA:614,60
DA:616,13
DA:617,13
DA:618,39
DA:619,13
DA:620,43
DA:621,17
DA:622,13
DA:624,47
DA:626,13
DA:627,13
DA:628,39
DA:629,13
DA:630,221
DA:631,195
DA:636,13
DA:638,0
DA:641,13
DA:643,0
DA:646,13
DA:648,0
DA:651,13
DA:652,9
DA:655,13
DA:659,26
DA:664,26
DA:665,13
DA:666,0
DA:668,13
DA:669,13
DA:670,13
DA:693,13
DA:698,150
DA:700,66
DA:701,66
DA:702,62
DA:703,4
DA:706,4
DA:707,4
DA:708,8
DA:710,0
DA:711,0
DA:712,0
DA:714,0
DA:715,0
DA:717,0
DA:720,0
DA:722,4
DA:723,0
DA:725,4
DA:726,4
DA:728,4
DA:732,9
DA:734,0
DA:736,0
DA:737,0
DA:744,0
DA:748,0
DA:750,0
DA:754,0
DA:762,2
DA:767,2
DA:770,2
DA:771,2
DA:772,2
DA:773,2
DA:775,6
DA:777,28
DA:779,24
DA:792,24
DA:793,24
DA:795,24
DA:797,0
DA:798,0
DA:799,0
DA:803,2
DA:810,0
DA:819,0
DA:820,0
DA:822,0
DA:823,0
DA:825,0
DA:826,0
DA:827,0
DA:829,0
DA:831,0
DA:832,0
DA:834,0
DA:836,0
DA:837,0
DA:838,0
DA:839,0
DA:840,0
DA:841,0
DA:842,0
DA:843,0
DA:844,0
DA:845,0
DA:846,0
DA:848,0
DA:849,0
DA:850,0
DA:851,0
DA:852,0
DA:853,0
DA:854,0
DA:855,0
DA:857,0
DA:858,0
DA:859,0
DA:860,0
DA:862,0
DA:863,0
DA:864,0
DA:867,0
DA:868,0
LF:380
LH:184
end_of_record
SF:/home/kgrze/dev/dlna/minidlna/src/utils.h
FN:54,strncpyt
FNDA:0,strncpyt
FNF:1
FNH:0
DA:54,0
DA:56,0
DA:57,0
DA:58,0
LF:4
LH:0
end_of_record
TN:
SF:/home/kgrze/dev/dlna/minidlna/src/minixml.c
FN:38,parseatt
FN:109,parseelt
FN:187,parsexml
FNDA:207,parseatt
FNDA:23,parseelt
FNDA:23,parsexml
FNF:3
FNH:3
DA:38,207
DA:44,552
DA:46,345
DA:47,207
DA:48,138
DA:51,69
DA:52,69
DA:53,805
DA:55,667
DA:56,667
DA:57,0
DA:59,138
DA:61,0
DA:62,0
DA:64,138
DA:66,0
DA:67,0
DA:68,0
DA:70,69
DA:71,138
DA:73,69
DA:74,69
DA:75,0
DA:76,69
DA:77,69
DA:78,3105
DA:80,2967
DA:81,2967
DA:82,0
DA:87,0
DA:88,0
DA:89,0
DA:90,0
DA:92,0
DA:93,0
DA:94,0
DA:99,69
DA:100,0
DA:102,138
DA:104,0
DA:109,23
DA:113,644
DA:115,598
DA:117,414
DA:118,2781
DA:119,2321
DA:122,1953
DA:123,1953
DA:124,0
DA:126,1953
DA:128,69
DA:129,69
DA:132,828
DA:134,207
DA:135,207
DA:136,207
DA:137,0
DA:138,207
DA:141,207
DA:142,207
DA:143,0
DA:144,460
DA:146,46
DA:147,46
DA:148,0
DA:150,7569
DA:152,7155
DA:153,7155
DA:154,0
DA:156,207
DA:158,207
DA:159,115
DA:163,207
DA:165,207
DA:166,207
DA:167,0
DA:168,2436
DA:170,2022
DA:171,2022
DA:172,0
DA:174,207
DA:175,0
DA:176,207
DA:181,184
DA:187,23
DA:189,23
DA:190,23
DA:191,23
DA:192,23
LF:89
LH:64
end_of_record
TN:
SF:/home/kgrze/dev/dlna/minidlna/src/process.c
FN:50,add_process_info
FN:68,remove_process_info
FN:86,process_fork
FN:109,process_handle_child_termination
FN:128,process_daemonize
FN:174,process_check_if_running
FN:206,process_reap_children
FNDA:4,add_process_info
FNDA:5,remove_process_info
FNDA:4,process_fork
FNDA:7,process_handle_child_termination
FNDA:0,process_daemonize
FNDA:0,process_check_if_running
FNDA:1,process_reap_children
FNF:7
FNH:5
DA:50,4
DA:55,8
DA:57,4
DA:58,4
DA:59,0
DA:60,4
DA:61,4
DA:62,4
DA:63,4
DA:65,4
DA:68,5
DA:73,110
DA:75,54
DA:76,54
DA:77,50
DA:78,4
DA:79,4
DA:80,4
DA:81,4
DA:83,5
DA:86,4
DA:88,4
DA:90,0
DA:92,0
DA:93,0
DA:96,4
DA:97,4
DA:99,4
DA:100,4
DA:101,4
DA:102,4
DA:105,4
DA:109,7
DA:113,19
DA:115,12
DA:117,7
DA:118,0
DA:120,7
DA:122,5
DA:123,5
DA:125,7
DA:128,0
DA:166,0
DA:167,0
DA:168,0
DA:170,0
DA:174,0
DA:180,0
DA:181,0
DA:183,0
DA:184,0
DA:186,0
DA:188,0
DA:190,0
DA:192,0
DA:194,0
DA:195,0
DA:200,0
DA:202,0
DA:206,1
DA:211,51
DA:213,50
DA:214,50
DA:215,0
DA:217,1
LF:65
LH:41
end_of_record
TN:
SF:/home/kgrze/dev/dlna/minidlna/src/sendfile.h
FN:22,sys_sendfile
FNDA:2,sys_sendfile
FNF:1
FNH:1
DA:22,2
DA:24,2
LF:2
LH:2
end_of_record
SF:/home/kgrze/dev/dlna/minidlna/src/upnphttp.c
FN:100,New_upnphttp
FN:114,CloseSocket_upnphttp
FN:125,Delete_upnphttp
FN:139,ParseHttpHeaders
FN:461,Send400
FN:476,Send403
FN:491,Send404
FN:506,Send406
FN:521,Send416
FN:536,Send500
FN:551,Send501
FN:566,sendXMLdesc
FN:584,SendResp_presentation
FN:640,ProcessHTTPPOST_upnphttp
FN:672,check_event
FN:718,ProcessHTTPSubscribe_upnphttp
FN:771,ProcessHTTPUnSubscribe_upnphttp
FN:792,ProcessHttpQuery_upnphttp
FN:963,Process_upnphttp
FN:1066,BuildHeader_upnphttp
FN:1121,BuildResp2_upnphttp
FN:1135,BuildResp_upnphttp
FN:1141,SendResp_upnphttp
FN:1159,send_data
FN:1182,send_file
FN:1241,start_dlna_header
FN:1260,_open_file
FN:1300,SendResp_caption
FN:1348,SendResp_thumbnail
FN:1413,SendResp_resizedimg
FN:1642,SendResp_dlnafile
FNDA:45,New_upnphttp
FNDA:45,CloseSocket_upnphttp
FNDA:45,Delete_upnphttp
FNDA:40,ParseHttpHeaders
FNDA:0,Send400
FNDA:0,Send403
FNDA:3,Send404
FNDA:0,Send406
FNDA:0,Send416
FNDA:0,Send500
FNDA:0,Send501
FNDA:3,sendXMLdesc
FNDA:0,SendResp_presentation
FNDA:26,ProcessHTTPPOST_upnphttp
FNDA:2,check_event
FNDA:2,ProcessHTTPSubscribe_upnphttp
FNDA:0,ProcessHTTPUnSubscribe_upnphttp
FNDA:40,ProcessHttpQuery_upnphttp
FNDA:45,Process_upnphttp
FNDA:34,BuildHeader_upnphttp
FNDA:8,BuildResp2_upnphttp
FNDA:5,BuildResp_upnphttp
FNDA:34,SendResp_upnphttp
FNDA:2,send_data
FNDA:2,send_file
FNDA:2,start_dlna_header
FNDA:2,_open_file
FNDA:2,SendResp_caption
FNDA:0,SendResp_thumbnail
FNDA:0,SendResp_resizedimg
FNDA:4,SendResp_dlnafile
FNF:31
FNH:21
DA:100,45
DA:103,45
DA:104,0
DA:105,45
DA:106,45
DA:107,0
DA:108,45
DA:109,45
DA:110,45
DA:114,45
DA:116,45
DA:118,0
DA:120,45
DA:121,45
DA:122,45
DA:125,45
DA:127,45
DA:129,45
DA:130,5
DA:131,45
DA:132,45
DA:133,45
DA:135,45
DA:139,40
DA:141,40
DA:146,40
DA:148,349
DA:150,269
DA:151,269
DA:153,255
DA:155,26
DA:156,104
DA:157,52
DA:158,26
DA:159,26
DA:160,0
DA:161,0
DA:164,229
DA:166,26
DA:167,26
DA:168,104
DA:169,52
DA:170,1549
DA:171,1497
DA:172,52
DA:173,52
DA:174,0
DA:176,26
DA:177,26
DA:179,26
DA:180,26
DA:182,203
DA:184,2
DA:185,8
DA:186,4
DA:187,2
DA:188,56
DA:189,52
DA:190,2
DA:191,2
DA:193,201
DA:197,0
DA:199,0
DA:201,0
DA:202,0
DA:205,0
DA:206,0
DA:207,0
DA:208,0
DA:209,0
DA:210,0
DA:211,0
DA:212,0
DA:213,0
DA:216,201
DA:218,2
DA:219,6
DA:220,2
DA:221,2
DA:222,24
DA:223,20
DA:224,2
DA:225,2
DA:234,199
DA:236,2
DA:237,6
DA:238,2
DA:239,2
DA:240,2
DA:244,197
DA:246,3
DA:247,9
DA:248,3
DA:249,3
DA:250,3
DA:251,3
DA:252,3
DA:253,3
DA:258,194
DA:261,40
DA:262,40
DA:263,120
DA:264,40
DA:265,40
DA:267,520
DA:269,480
DA:270,0
DA:272,40
DA:274,40
DA:275,40
DA:279,154
DA:283,38
DA:284,0
DA:285,38
DA:286,114
DA:287,38
DA:288,817
DA:290,808
DA:291,206
DA:292,602
DA:294,29
DA:295,29
DA:299,116
DA:303,0
DA:304,0
DA:305,0
DA:306,0
DA:307,0
DA:308,0
DA:310,0
DA:311,0
DA:312,0
DA:314,0
DA:315,0
DA:319,116
DA:321,0
DA:322,0
DA:323,0
DA:324,0
DA:326,0
DA:329,116
DA:331,0
DA:333,116
DA:335,0
DA:336,0
DA:337,0
DA:338,0
DA:339,0
DA:341,116
DA:343,0
DA:345,116
DA:347,0
DA:349,116
DA:351,0
DA:353,116
DA:355,0
DA:356,0
DA:357,0
DA:358,0
DA:359,0
DA:361,116
DA:363,0
DA:364,0
DA:365,0
DA:366,0
DA:368,0
DA:370,0
DA:372,0
DA:374,0
DA:376,0
DA:379,116
DA:381,0
DA:383,116
DA:386,3
DA:387,9
DA:388,3
DA:389,108
DA:391,105
DA:392,99
DA:393,6
DA:395,0
DA:396,0
DA:400,113
DA:403,0
DA:406,396
DA:407,269
DA:408,269
DA:409,0
DA:410,269
DA:412,40
DA:415,0
DA:416,0
DA:417,0
DA:418,0
DA:419,0
DA:420,0
DA:422,0
DA:423,0
DA:425,0
DA:427,0
DA:430,0
DA:432,0
DA:433,0
DA:439,40
DA:441,40
DA:443,1
DA:445,39
DA:447,28
DA:448,28
DA:451,28
DA:452,0
DA:453,0
DA:454,28
DA:455,28
DA:461,0
DA:467,0
DA:468,0
DA:470,0
DA:471,0
DA:472,0
DA:476,0
DA:482,0
DA:483,0
DA:485,0
DA:486,0
DA:487,0
DA:491,3
DA:497,3
DA:498,3
DA:500,3
DA:501,3
DA:502,3
DA:506,0
DA:512,0
DA:513,0
DA:515,0
DA:516,0
DA:517,0
DA:521,0
DA:527,0
DA:528,0
DA:530,0
DA:531,0
DA:532,0
DA:536,0
DA:542,0
DA:543,0
DA:545,0
DA:546,0
DA:547,0
DA:551,0
DA:557,0
DA:558,0
DA:560,0
DA:561,0
DA:562,0
DA:566,3
DA:570,3
DA:571,3
DA:573,0
DA:574,0
DA:575,0
DA:577,3
DA:578,3
DA:579,3
DA:580,3
DA:584,0
DA:590,0
DA:592,0
DA:594,0
DA:595,0
DA:596,0
DA:597,0
DA:602,0
DA:610,0
DA:611,0
DA:614,0
DA:618,0
DA:620,0
DA:621,0
DA:622,0
DA:623,0
DA:624,0
DA:625,0
DA:627,0
DA:629,0
DA:630,0
DA:632,0
DA:633,0
DA:634,0
DA:635,0
DA:640,26
DA:642,26
DA:644,26
DA:647,26
DA:648,26
DA:656,0
DA:657,0
DA:658,0
DA:660,0
DA:661,0
DA:667,0
DA:669,26
DA:672,2
DA:676,2
DA:678,2
DA:680,0
DA:682,0
DA:684,4
DA:685,2
DA:690,0
DA:691,0
DA:694,2
DA:696,0
DA:699,0
DA:701,0
DA:703,0
DA:706,0
DA:710,0
DA:711,0
DA:714,2
DA:718,2
DA:722,2
DA:723,2
DA:725,2
DA:727,2
DA:728,2
DA:734,2
DA:736,2
DA:737,2
DA:739,2
DA:740,2
DA:741,2
DA:742,2
DA:744,2
DA:746,0
DA:749,0
DA:755,0
DA:760,0
DA:761,0
DA:762,0
DA:763,0
DA:766,2
DA:767,2
DA:768,2
DA:771,0
DA:774,0
DA:775,0
DA:777,0
DA:778,0
DA:780,0
DA:781,0
DA:783,0
DA:785,0
DA:786,0
DA:787,0
DA:792,40
DA:799,40
DA:800,40
DA:801,0
DA:802,198
DA:803,158
DA:804,40
DA:805,120
DA:806,40
DA:807,655
DA:808,615
DA:809,40
DA:810,120
DA:811,40
DA:812,40
DA:813,360
DA:814,320
DA:815,40
DA:818,40
DA:820,120
DA:821,80
DA:823,40
DA:824,40
DA:828,40
DA:831,40
DA:833,0
DA:835,0
DA:836,0
DA:838,0
DA:840,0
DA:841,0
DA:844,0
DA:846,0
DA:848,0
DA:849,0
DA:851,0
DA:852,0
DA:854,0
DA:856,0
DA:858,0
DA:859,0
DA:861,0
DA:862,0
DA:863,0
DA:866,40
DA:867,40
DA:869,26
DA:870,26
DA:872,14
DA:874,12
DA:876,0
DA:877,0
DA:878,0
DA:881,12
DA:882,0
DA:884,0
DA:886,0
DA:887,0
DA:889,12
DA:891,12
DA:895,0
DA:897,24
DA:900,1
DA:902,11
DA:904,1
DA:906,10
DA:908,1
DA:910,9
DA:912,0
DA:914,9
DA:916,4
DA:918,5
DA:920,0
DA:922,5
DA:924,0
DA:926,5
DA:928,2
DA:930,3
DA:932,0
DA:934,3
DA:936,0
DA:940,3
DA:941,3
DA:944,2
DA:946,2
DA:947,2
DA:949,0
DA:951,0
DA:952,0
DA:956,0
DA:957,0
DA:963,45
DA:967,45
DA:968,0
DA:969,45
DA:971,45
DA:972,45
DA:973,45
DA:975,0
DA:976,0
DA:978,45
DA:980,5
DA:981,5
DA:989,40
DA:990,40
DA:992,0
DA:993,0
DA:994,0
DA:996,40
DA:997,40
DA:999,0
DA:1000,0
DA:1001,0
DA:1003,40
DA:1004,40
DA:1005,40
DA:1007,40
DA:1008,40
DA:1010,40
DA:1011,40
DA:1012,40
DA:1015,45
DA:1016,0
DA:1018,0
DA:1019,0
DA:1021,0
DA:1022,0
DA:1024,0
DA:1026,0
DA:1027,0
DA:1031,0
DA:1033,0
DA:1034,0
DA:1036,0
DA:1037,0
DA:1038,0
DA:1040,0
DA:1041,0
DA:1042,0
DA:1045,0
DA:1047,0
DA:1048,0
DA:1050,0
DA:1052,0
DA:1056,0
DA:1057,0
DA:1058,0
DA:1066,34
DA:1076,34
DA:1080,34
DA:1082,34
DA:1083,34
DA:1084,34
DA:1086,34
DA:1087,34
DA:1088,34
DA:1089,34
DA:1091,34
DA:1094,34
DA:1095,2
DA:1096,2
DA:1097,2
DA:1099,0
DA:1102,34
DA:1103,2
DA:1105,34
DA:1106,0
DA:1108,34
DA:1109,34
DA:1110,34
DA:1111,34
DA:1112,34
DA:1113,34
DA:1115,0
DA:1116,0
DA:1118,34
DA:1121,8
DA:1125,8
DA:1126,8
DA:1127,0
DA:1128,8
DA:1129,6
DA:1130,8
DA:1135,5
DA:1137,5
DA:1138,5
DA:1141,34
DA:1144,34
DA:1145,34
DA:1146,34
DA:1148,0
DA:1150,34
DA:1153,0
DA:1156,34
DA:1159,2
DA:1163,2
DA:1164,2
DA:1166,0
DA:1168,2
DA:1171,0
DA:1176,2
DA:1178,0
DA:1182,2
DA:1186,2
DA:1188,2
DA:1191,6
DA:1194,2
DA:1196,2
DA:1197,2
DA:1198,2
DA:1200,0
DA:1202,0
DA:1203,0
DA:1204,0
DA:1205,0
DA:1210,2
DA:1215,0
DA:1216,0
DA:1217,0
DA:1218,0
DA:1219,0
DA:1220,0
DA:1221,0
DA:1222,0
DA:1223,0
DA:1225,0
DA:1227,0
DA:1228,0
DA:1229,0
DA:1230,0
DA:1231,0
DA:1233,0
DA:1235,0
DA:1237,2
DA:1238,2
DA:1241,2
DA:1246,2
DA:1247,2
DA:1248,2
DA:1257,2
DA:1260,2
DA:1267,2
DA:1269,2
DA:1270,2
DA:1272,0
DA:1274,0
DA:1277,2
DA:1279,2
DA:1280,2
DA:1282,2
DA:1284,0
DA:1286,0
DA:1290,0
DA:1292,2
DA:1293,2
DA:1294,0
DA:1296,2
DA:1300,2
DA:1309,2
DA:1311,2
DA:1312,2
DA:1314,0
DA:1315,0
DA:1316,0
DA:1318,2
DA:1320,2
DA:1321,2
DA:1322,0
DA:1323,0
DA:1324,0
DA:1326,0
DA:1327,0
DA:1329,2
DA:1330,2
DA:1331,2
DA:1333,2
DA:1335,2
DA:1336,2
DA:1338,2
DA:1340,2
DA:1341,2
DA:1343,2
DA:1344,2
DA:1348,0
DA:1357,0
DA:1359,0
DA:1360,0
DA:1361,0
DA:1364,0
DA:1365,0
DA:1366,0
DA:1368,0
DA:1369,0
DA:1370,0
DA:1372,0
DA:1374,0
DA:1376,0
DA:1377,0
DA:1378,0
DA:1379,0
DA:1382,0
DA:1383,0
DA:1384,0
DA:1385,0
DA:1386,0
DA:1388,0
DA:1390,0
DA:1391,0
DA:1392,0
DA:1393,0
DA:1396,0
DA:1398,0
DA:1399,0
DA:1401,0
DA:1403,0
DA:1405,0
DA:1406,0
DA:1408,0
DA:1409,0
DA:1413,0
DA:1420,0
DA:1421,0
DA:1423,0
DA:1424,0
DA:1425,0
DA:1427,0
DA:1429,0
DA:1431,0
DA:1432,0
DA:1433,0
DA:1436,0
DA:1437,0
DA:1438,0
DA:1439,0
DA:1441,0
DA:1442,0
DA:1444,0
DA:1446,0
DA:1447,0
DA:1448,0
DA:1450,0
DA:1452,0
DA:1453,0
DA:1454,0
DA:1455,0
DA:1458,0
DA:1459,0
DA:1460,0
DA:1461,0
DA:1463,0
DA:1464,0
DA:1465,0
DA:1466,0
DA:1467,0
DA:1468,0
DA:1470,0
DA:1472,0
DA:1474,0
DA:1476,0
DA:1478,0
DA:1479,0
DA:1481,0
DA:1483,0
DA:1484,0
DA:1485,0
DA:1490,0
DA:1491,0
DA:1492,0
DA:1494,0
DA:1495,0
DA:1498,0
DA:1500,0
DA:1501,0
DA:1502,0
DA:1505,0
DA:1506,0
DA:1507,0
DA:1508,0
DA:1510,0
DA:1511,0
DA:1512,0
DA:1513,0
DA:1514,0
DA:1515,0
DA:1516,0
DA:1517,0
DA:1518,0
DA:1519,0
DA:1520,0
DA:1521,0
DA:1522,0
DA:1523,0
DA:1524,0
DA:1525,0
DA:1527,0
DA:1529,0
DA:1530,0
DA:1533,0
DA:1534,0
DA:1535,0
DA:1537,0
DA:1538,0
DA:1541,0
DA:1543,0
DA:1544,0
DA:1545,0
DA:1546,0
DA:1549,0
DA:1550,0
DA:1551,0
DA:1552,0
DA:1553,0
DA:1554,0
DA:1556,0
DA:1558,0
DA:1559,0
DA:1560,0
DA:1561,0
DA:1562,0
DA:1563,0
DA:1565,0
DA:1568,0
DA:1569,0
DA:1572,0
DA:1573,0
DA:1574,0
DA:1577,0
DA:1579,0
DA:1580,0
DA:1584,0
DA:1585,0
DA:1588,0
DA:1590,0
DA:1592,0
DA:1593,0
DA:1594,0
DA:1597,0
DA:1598,0
DA:1600,0
DA:1603,0
DA:1605,0
DA:1607,0
DA:1608,0
DA:1610,0
DA:1611,0
DA:1612,0
DA:1614,0
DA:1615,0
DA:1617,0
DA:1618,0
DA:1619,0
DA:1620,0
DA:1624,0
DA:1627,0
DA:1628,0
DA:1629,0
DA:1630,0
DA:1631,0
DA:1632,0
DA:1633,0
DA:1634,0
DA:1636,0
DA:1637,0
DA:1642,4
DA:1652,4
DA:1653,4
DA:1655,4
DA:1663,4
DA:1666,4
DA:1667,4
DA:1669,2
DA:1670,2
DA:1671,2
DA:1673,0
DA:1674,0
DA:1675,0
DA:1677,2
DA:1679,0
DA:1680,0
DA:1681,0
DA:1682,0
DA:1685,2
DA:1686,2
DA:1687,2
DA:1688,2
DA:1690,2
DA:1692,2
DA:1694,0
DA:1695,0
DA:1699,0
DA:1700,0
DA:1703,2
DA:1705,0
DA:1706,0
DA:1707,0
DA:1710,2
DA:1711,1
DA:1713,1
DA:1714,2
DA:1717,4
DA:1718,4
DA:1720,4
DA:1721,4
DA:1725,0
DA:1727,0
DA:1729,0
DA:1731,0
DA:1732,0
DA:1733,0
DA:1736,0
DA:1738,0
DA:1740,0
DA:1741,0
DA:1742,0
DA:1744,0
DA:1746,0
DA:1749,0
DA:1751,0
DA:1752,0
DA:1757,0
DA:1758,0
DA:1759,0
DA:1760,0
DA:1761,0
DA:1763,0
DA:1764,0
DA:1766,0
DA:1767,0
DA:1769,0
DA:1772,0
DA:1773,0
DA:1776,0
DA:1777,0
DA:1779,0
DA:1781,0
DA:1783,0
DA:1785,0
DA:1787,0
DA:1789,0
DA:1791,0
DA:1792,0
DA:1793,0
DA:1794,0
DA:1796,0
DA:1798,0
DA:1799,0
DA:1800,0
DA:1801,0
DA:1804,0
DA:1805,0
DA:1807,0
DA:1808,0
DA:1812,0
DA:1813,0
DA:1814,0
DA:1817,0
DA:1819,0
DA:1820,0
DA:1821,0
DA:1822,0
DA:1825,0
DA:1826,0
DA:1829,0
DA:1831,0
DA:1832,0
DA:1833,0
DA:1836,0
DA:1841,0
DA:1843,0
DA:1844,0
DA:1846,0
DA:1848,0
DA:1849,0
DA:1851,0
DA:1852,0
DA:1854,0
LF:932
LH:368
end_of_record
SF:/home/kgrze/dev/dlna/minidlna/src/utils.h
FN:37,strcatf
FNDA:146,strcatf
FNF:1
FNH:1
DA:37,146
DA:43,146
DA:44,0
DA:46,146
DA:47,146
DA:48,146
DA:49,146
DA:50,146
DA:52,146
LF:9
LH:8
end_of_record
