TN:
SF:/home/kgrze/dev/dlna/minidlna/src/upnpreplyparse.c
FN:37,NameValueParserStartElt
FN:58,NameValueParserGetData
FN:73,ParseNameValue
FN:91,ClearNameValueList
FN:102,GetValueFromNameValueList
FNDA:324,NameValueParserStartElt
FNDA:180,NameValueParserGetData
FNDA:36,ParseNameValue
FNDA:36,ClearNameValueList
FNDA:216,GetValueFromNameValueList
FNF:5
FNH:5
DA:37,324
DA:39,324
DA:40,324
DA:41,0
DA:42,324
DA:43,324
DA:46,324
DA:49,36
DA:50,36
DA:51,36
DA:52,36
DA:53,36
DA:55,324
DA:58,180
DA:60,180
DA:62,180
DA:63,0
DA:64,180
DA:65,180
DA:66,180
DA:67,180
DA:68,180
DA:69,180
DA:70,180
DA:73,36
DA:77,36
DA:79,36
DA:80,36
DA:81,36
DA:82,36
DA:83,36
DA:84,36
DA:85,36
DA:86,36
DA:87,36
DA:88,36
DA:91,36
DA:94,288
DA:96,216
DA:97,216
DA:99,36
DA:102,216
DA:106,216
DA:107,1188
DA:108,936
DA:109,756
DA:111,756
DA:112,180
DA:114,216
LF:49
LH:47
end_of_record
TN:
SF:/home/kgrze/dev/dlna/minidlna/src/upnpevents.c
FN:118,newSubscriber
FN:150,upnpevents_addSubscriber
FN:172,renewSubscription
FN:185,upnpevents_removeSubscriber
FN:207,upnpevents_removeSubscribers
FN:218,upnp_event_var_change_notify
FN:229,upnp_event_create_notify
FN:266,upnp_event_notify_connect
FN:317,upnp_event_prepare
FN:362,upnp_event_send
FN:379,upnp_event_recv
FN:400,upnp_event_process_notify
FN:423,upnpevents_selectfds
FN:453,upnpevents_processfds
FNDA:2,newSubscriber
FNDA:2,upnpevents_addSubscriber
FNDA:0,renewSubscription
FNDA:2,upnpevents_removeSubscriber
FNDA:1,upnpevents_removeSubscribers
FNDA:0,upnp_event_var_change_notify
FNDA:2,upnp_event_create_notify
FNDA:2,upnp_event_notify_connect
FNDA:2,upnp_event_prepare
FNDA:2,upnp_event_send
FNDA:2,upnp_event_recv
FNDA:4,upnp_event_process_notify
FNDA:372,upnpevents_selectfds
FNDA:355,upnpevents_processfds
FNF:14
FNH:12
DA:118,2
DA:121,2
DA:122,0
DA:123,2
DA:124,2
DA:125,1
DA:126,1
DA:127,1
DA:128,0
DA:129,0
DA:131,0
DA:132,0
DA:134,2
DA:135,2
DA:137,2
DA:138,2
DA:140,0
DA:141,0
DA:144,2
DA:150,2
DA:155,2
DA:157,2
DA:158,0
DA:159,2
DA:160,2
DA:161,0
DA:162,2
DA:163,2
DA:164,2
DA:165,2
DA:166,2
DA:167,2
DA:172,0
DA:175,0
DA:176,0
DA:177,0
DA:178,0
DA:181,0
DA:185,2
DA:188,2
DA:189,0
DA:190,2
DA:192,2
DA:193,2
DA:194,2
DA:195,0
DA:197,2
DA:198,2
DA:199,2
DA:200,2
DA:203,0
DA:207,1
DA:211,3
DA:212,2
DA:214,1
DA:218,0
DA:221,0
DA:222,0
DA:223,0
DA:225,0
DA:229,2
DA:233,2
DA:234,2
DA:235,0
DA:236,0
DA:238,2
DA:239,2
DA:240,2
DA:241,2
DA:242,0
DA:243,0
DA:245,2
DA:246,0
DA:248,0
DA:250,2
DA:251,0
DA:253,0
DA:255,2
DA:256,2
DA:257,2
DA:258,2
DA:259,0
DA:260,0
DA:261,0
DA:262,0
DA:266,2
DA:272,2
DA:273,0
DA:274,2
DA:275,2
DA:276,2
DA:277,0
DA:278,0
DA:280,2
DA:281,2
DA:282,26
DA:283,22
DA:284,2
DA:285,2
DA:286,2
DA:287,2
DA:288,2
DA:289,2
DA:290,14
DA:291,10
DA:292,10
DA:294,2
DA:296,0
DA:297,0
DA:299,2
DA:300,2
DA:302,0
DA:303,2
DA:304,2
DA:305,2
DA:306,2
DA:308,2
DA:309,2
DA:310,2
DA:311,0
DA:312,0
DA:317,2
DA:334,2
DA:335,0
DA:336,0
DA:338,2
DA:339,1
DA:340,1
DA:341,1
DA:342,1
DA:343,1
DA:344,1
DA:345,0
DA:346,0
DA:347,0
DA:348,0
DA:349,0
DA:350,0
DA:352,8
DA:353,2
DA:354,4
DA:356,2
DA:357,2
DA:358,2
DA:359,2
DA:362,2
DA:366,6
DA:367,2
DA:368,2
DA:369,0
DA:370,0
DA:371,0
DA:373,2
DA:375,2
DA:376,2
DA:379,2
DA:382,2
DA:383,2
DA:384,0
DA:385,0
DA:386,0
DA:388,2
DA:390,2
DA:391,2
DA:393,2
DA:394,2
DA:395,0
DA:400,4
DA:402,4
DA:403,2
DA:405,2
DA:406,2
DA:407,2
DA:408,0
DA:409,0
DA:410,0
DA:411,2
DA:412,2
DA:413,2
DA:414,0
DA:415,0
DA:416,0
DA:417,0
DA:418,0
DA:419,0
DA:421,4
DA:423,372
DA:426,380
DA:427,8
DA:429,8
DA:430,8
DA:431,2
DA:432,2
DA:433,2
DA:434,0
DA:437,2
DA:438,2
DA:439,2
DA:440,2
DA:441,6
DA:442,6
DA:443,6
DA:444,0
DA:445,6
DA:446,0
DA:447,0
DA:449,0
DA:451,372
DA:453,355
DA:460,363
DA:461,8
DA:464,8
DA:465,8
DA:466,4
DA:469,355
DA:470,718
DA:471,8
DA:472,8
DA:473,2
DA:474,2
DA:476,2
DA:477,2
DA:479,2
DA:480,0
DA:481,0
DA:482,0
DA:484,2
DA:485,2
DA:486,2
DA:488,8
DA:491,355
DA:492,1369
DA:493,659
DA:494,659
DA:495,0
DA:496,0
DA:497,0
DA:499,659
DA:501,355
LF:239
LH:161
end_of_record
SF:/home/kgrze/dev/dlna/minidlna/src/utils.h
FN:54,strncpyt
FNDA:2,strncpyt
FNF:1
FNH:1
DA:54,2
DA:56,2
DA:57,2
DA:58,2
LF:4
LH:4
end_of_record
TN:
SF:/home/kgrze/dev/dlna/minidlna/src/upnpdescgen.c
FN:389,strcat_str
FN:422,strcat_char
FN:445,genXML
FN:535,genRootDesc
FN:551,genRootDescSamsung
FN:577,genServiceDesc
FN:680,genContentDirectory
FN:688,genConnectionManager
FN:696,genX_MS_MediaReceiverRegistrar
FN:702,genEventVars
FN:750,getVarsContentDirectory
FN:758,getVarsConnectionManager
FN:766,getVarsX_MS_MediaReceiverRegistrar
FNDA:5655,strcat_str
FNDA:10660,strcat_char
FNDA:32,genXML
FNDA:32,genRootDesc
FNDA:0,genRootDescSamsung
FNDA:2,genServiceDesc
FNDA:1,genContentDirectory
FNDA:1,genConnectionManager
FNDA:0,genX_MS_MediaReceiverRegistrar
FNDA:2,genEventVars
FNDA:1,getVarsContentDirectory
FNDA:1,getVarsConnectionManager
FNDA:0,getVarsX_MS_MediaReceiverRegistrar
FNF:13
FNH:10
DA:389,5655
DA:393,5655
DA:394,5655
DA:396,22
DA:397,21
DA:399,1
DA:400,22
DA:401,22
DA:403,0
DA:404,0
DA:406,0
DA:407,0
DA:410,22
DA:413,5655
DA:414,5655
DA:415,5655
DA:422,10660
DA:425,10660
DA:427,0
DA:428,0
DA:429,0
DA:431,0
DA:432,0
DA:435,0
DA:437,10660
DA:438,10660
DA:439,10660
DA:445,32
DA:458,32
DA:459,32
DA:460,32
DA:463,3872
DA:464,1952
DA:465,0
DA:466,1952
DA:471,1568
DA:472,1568
DA:473,1568
DA:474,1568
DA:475,1568
DA:476,1568
DA:477,1568
DA:478,1568
DA:481,2336
DA:482,32
DA:483,1920
DA:484,1920
DA:488,1920
DA:493,384
DA:494,384
DA:495,384
DA:496,2848
DA:497,2464
DA:498,384
DA:499,384
DA:502,1536
DA:510,384
DA:511,384
DA:512,384
DA:513,384
DA:516,384
DA:517,384
DA:518,384
DA:522,384
DA:523,384
DA:524,384
DA:535,32
DA:539,32
DA:540,32
DA:541,32
DA:542,0
DA:543,32
DA:544,32
DA:545,32
DA:546,32
DA:547,32
DA:551,0
DA:556,0
DA:557,0
DA:558,0
DA:559,0
DA:560,0
DA:561,0
DA:563,0
DA:564,0
DA:565,0
DA:566,0
DA:567,0
DA:568,0
DA:569,0
DA:570,0
DA:577,2
DA:586,2
DA:587,2
DA:588,2
DA:589,0
DA:591,2
DA:592,2
DA:594,2
DA:595,2
DA:597,2
DA:598,2
DA:599,2
DA:601,2
DA:604,2
DA:605,2
DA:606,13
DA:608,9
DA:609,9
DA:610,9
DA:612,9
DA:613,9
DA:615,9
DA:616,9
DA:617,55
DA:619,37
DA:620,37
DA:621,37
DA:622,37
DA:623,37
DA:624,37
DA:626,37
DA:627,37
DA:629,37
DA:631,9
DA:633,9
DA:635,9
DA:637,2
DA:638,2
DA:639,28
DA:641,24
DA:643,24
DA:644,24
DA:645,24
DA:646,24
DA:647,24
DA:648,24
DA:649,24
DA:651,3
DA:652,12
DA:654,9
DA:655,9
DA:656,9
DA:658,3
DA:661,24
DA:663,0
DA:665,0
DA:666,0
DA:668,24
DA:670,24
DA:672,2
DA:673,2
DA:674,2
DA:680,1
DA:682,1
DA:688,1
DA:690,1
DA:696,0
DA:698,0
DA:702,2
DA:708,2
DA:709,2
DA:710,2
DA:711,0
DA:712,2
DA:713,2
DA:714,2
DA:715,2
DA:716,28
DA:717,24
DA:718,5
DA:719,5
DA:721,5
DA:722,0
DA:723,0
DA:724,1
DA:725,1
DA:727,1
DA:728,1
DA:730,1
DA:731,4
DA:732,4
DA:735,5
DA:736,5
DA:739,24
DA:741,2
DA:745,2
DA:746,2
DA:750,1
DA:752,1
DA:758,1
DA:760,1
DA:766,0
DA:768,0
LF:194
LH:156
end_of_record
TN:
SF:/home/kgrze/dev/dlna/minidlna/src/libav.h
FN:121,lav_open
FN:137,lav_close
FN:147,lav_get_fps
FN:160,lav_get_interlaced
FN:198,lav_codec_extradata
FN:212,lav_is_thumbnail_stream
FNDA:2,lav_open
FNDA:2,lav_close
FNDA:0,lav_get_fps
FNDA:0,lav_get_interlaced
FNDA:4,lav_codec_extradata
FNDA:2,lav_is_thumbnail_stream
FNF:6
FNH:4
DA:121,2
DA:125,2
DA:126,2
DA:127,2
DA:133,2
DA:137,2
DA:140,2
DA:144,2
DA:147,0
DA:153,0
DA:154,0
DA:156,0
DA:160,0
DA:163,0
DA:198,4
DA:201,4
DA:202,0
DA:203,4
DA:212,2
DA:215,2
DA:216,0
DA:218,0
DA:219,0
DA:220,0
DA:221,0
DA:222,0
DA:225,2
LF:27
LH:14
end_of_record
SF:/home/kgrze/dev/dlna/minidlna/src/metadata.c
FN:75,dlna_timestamp_is_present
FN:115,check_for_captions
FN:156,parse_nfo
FN:241,free_metadata
FN:268,GetFolderMetadata
FN:286,GetVideoMetadata
FNDA:0,dlna_timestamp_is_present
FNDA:2,check_for_captions
FNDA:0,parse_nfo
FNDA:2,free_metadata
FNDA:8,GetFolderMetadata
FNDA:2,GetVideoMetadata
FNF:6
FNH:4
DA:75,0
DA:81,0
DA:82,0
DA:83,0
DA:84,0
DA:85,0
DA:86,0
DA:87,0
DA:88,0
DA:90,0
DA:92,0
DA:93,0
DA:95,0
DA:96,0
DA:97,0
DA:98,0
DA:99,0
DA:100,0
DA:102,0
DA:103,0
DA:104,0
DA:105,0
DA:106,0
DA:110,0
DA:111,0
DA:115,2
DA:121,2
DA:122,2
DA:123,2
DA:124,0
DA:127,2
DA:129,0
DA:131,0
DA:134,0
DA:138,2
DA:139,2
DA:140,2
DA:142,1
DA:143,1
DA:146,2
DA:148,1
DA:156,0
DA:165,0
DA:166,0
DA:168,0
DA:169,0
DA:171,0
DA:172,0
DA:173,0
DA:174,0
DA:175,0
DA:176,0
DA:178,0
DA:179,0
DA:181,0
DA:182,0
DA:184,0
DA:187,0
DA:188,0
DA:191,0
DA:192,0
DA:193,0
DA:195,0
DA:196,0
DA:197,0
DA:198,0
DA:199,0
DA:202,0
DA:203,0
DA:205,0
DA:206,0
DA:207,0
DA:210,0
DA:211,0
DA:213,0
DA:214,0
DA:215,0
DA:218,0
DA:219,0
DA:221,0
DA:222,0
DA:223,0
DA:224,0
DA:227,0
DA:228,0
DA:230,0
DA:231,0
DA:232,0
DA:233,0
DA:236,0
DA:237,0
DA:241,2
DA:243,2
DA:244,2
DA:245,2
DA:246,2
DA:247,2
DA:248,2
DA:249,2
DA:250,2
DA:251,2
DA:252,2
DA:253,2
DA:254,2
DA:255,2
DA:256,2
DA:257,2
DA:258,2
DA:259,2
DA:260,2
DA:261,2
DA:262,2
DA:263,2
DA:264,2
DA:265,2
DA:268,8
DA:272,8
DA:277,8
DA:278,0
DA:280,8
DA:282,8
DA:286,2
DA:291,2
DA:292,2
DA:293,2
DA:294,2
DA:298,2
DA:301,2
DA:304,2
DA:305,0
DA:308,2
DA:309,2
DA:312,0
DA:313,0
DA:314,0
DA:317,6
DA:319,4
DA:322,2
DA:323,2
DA:324,2
DA:326,4
DA:327,4
DA:330,2
DA:331,2
DA:332,2
DA:335,2
DA:336,2
DA:337,2
DA:340,0
DA:341,0
DA:342,0
DA:343,0
DA:344,0
DA:347,2
DA:349,2
DA:350,2
DA:352,0
DA:353,0
DA:354,0
DA:355,2
DA:356,2
DA:358,0
DA:363,2
DA:364,2
DA:366,2
DA:369,2
DA:371,4
DA:372,2
DA:374,0
DA:376,0
DA:379,4
DA:380,2
DA:381,2
DA:382,0
DA:383,0
DA:384,0
DA:386,0
DA:389,2
DA:390,0
DA:391,0
DA:392,0
DA:394,2
DA:395,0
DA:397,0
DA:398,0
DA:399,0
DA:402,0
DA:403,0
DA:405,0
DA:406,0
DA:407,0
DA:408,0
DA:409,0
DA:410,0
DA:411,0
DA:412,0
DA:413,0
DA:414,0
DA:415,0
DA:416,0
DA:417,0
DA:418,0
DA:419,0
DA:420,0
DA:422,0
DA:423,0
DA:425,2
DA:426,2
DA:428,2
DA:431,2
DA:432,2
DA:433,2
DA:434,2
DA:435,2
DA:436,2
DA:437,2
DA:441,2
DA:443,1
DA:444,1
DA:446,0
DA:447,0
DA:448,0
DA:449,0
DA:450,0
DA:451,0
DA:452,0
DA:453,0
DA:456,2
DA:457,1
DA:458,0
DA:459,1
DA:460,0
DA:461,1
DA:462,0
DA:463,2
DA:464,1
DA:466,1
DA:468,0
DA:469,0
DA:471,0
DA:472,0
DA:474,0
DA:476,0
DA:478,0
DA:479,0
DA:480,0
DA:481,0
DA:482,0
DA:485,0
DA:486,0
DA:488,0
DA:489,0
DA:490,0
DA:492,0
DA:496,0
DA:497,0
DA:498,0
DA:499,0
DA:501,0
DA:503,0
DA:505,0
DA:506,0
DA:508,0
DA:510,0
DA:512,0
DA:514,0
DA:515,0
DA:517,0
DA:519,0
DA:520,0
DA:521,0
DA:522,0
DA:523,0
DA:524,0
DA:525,0
DA:526,0
DA:527,0
DA:528,0
DA:529,0
DA:532,0
DA:534,0
DA:536,0
DA:537,0
DA:538,0
DA:539,0
DA:541,0
DA:542,0
DA:546,0
DA:548,0
DA:549,0
DA:551,0
DA:552,1
DA:553,1
DA:554,1
DA:556,1
DA:561,0
DA:563,0
DA:564,0
DA:565,0
DA:566,0
DA:567,0
DA:570,0
DA:571,0
DA:572,0
DA:573,0
DA:574,0
DA:576,0
DA:579,0
DA:580,0
DA:583,0
DA:584,0
DA:585,0
DA:586,0
DA:587,0
DA:589,0
DA:592,0
DA:593,0
DA:596,0
DA:598,0
DA:600,0
DA:601,0
DA:602,0
DA:603,0
DA:605,0
DA:606,0
DA:608,0
DA:609,0
DA:610,0
DA:612,0
DA:613,0
DA:617,0
DA:618,0
DA:620,0
DA:621,0
DA:622,0
DA:623,0
DA:625,0
DA:628,0
DA:629,0
DA:630,0
DA:632,0
DA:634,0
DA:635,0
DA:636,0
DA:638,0
DA:642,0
DA:645,0
DA:646,0
DA:648,0
DA:649,0
DA:650,0
DA:651,0
DA:652,0
DA:653,0
DA:656,0
DA:660,0
DA:662,0
DA:663,0
DA:665,0
DA:666,0
DA:667,0
DA:669,0
DA:670,0
DA:671,0
DA:673,0
DA:674,0
DA:675,0
DA:676,0
DA:677,0
DA:678,0
DA:679,0
DA:681,0
DA:682,0
DA:683,0
DA:684,0
DA:686,0
DA:687,0
DA:688,0
DA:690,0
DA:691,0
DA:692,0
DA:694,0
DA:696,0
DA:698,0
DA:700,0
DA:702,0
DA:704,0
DA:705,0
DA:707,0
DA:709,0
DA:710,0
DA:711,0
DA:712,0
DA:713,0
DA:714,0
DA:715,0
DA:716,0
DA:717,0
DA:718,0
DA:721,1
DA:723,1
DA:725,1
DA:726,1
DA:728,1
DA:729,0
DA:731,0
DA:732,0
DA:733,0
DA:734,0
DA:736,0
DA:738,0
DA:740,0
DA:742,0
DA:744,0
DA:745,0
DA:747,0
DA:749,0
DA:751,0
DA:755,0
DA:756,0
DA:761,0
DA:762,0
DA:765,2
DA:766,1
DA:768,2
DA:769,1
DA:770,1
DA:771,1
DA:772,0
DA:773,0
DA:774,0
DA:775,0
DA:779,0
DA:780,0
DA:782,0
DA:783,0
DA:784,0
DA:785,0
DA:786,0
DA:787,0
DA:788,0
DA:789,0
DA:795,1
DA:797,0
DA:798,0
DA:800,0
DA:801,0
DA:802,0
DA:804,0
DA:805,0
DA:806,0
DA:807,0
DA:809,0
DA:810,0
DA:811,0
DA:813,0
DA:815,0
DA:816,0
DA:817,0
DA:820,0
DA:822,0
DA:823,0
DA:824,0
DA:827,0
DA:829,0
DA:831,0
DA:833,0
DA:834,0
DA:836,0
DA:837,0
DA:838,0
DA:839,0
DA:840,0
DA:843,0
DA:845,0
DA:846,0
DA:847,0
DA:849,0
DA:850,0
DA:851,0
DA:856,0
DA:857,0
DA:859,1
DA:860,1
DA:861,0
DA:862,0
DA:863,0
DA:864,0
DA:865,0
DA:866,0
DA:874,0
DA:876,0
DA:877,0
DA:879,0
DA:881,0
DA:882,0
DA:884,0
DA:885,0
DA:886,0
DA:887,0
DA:888,0
DA:889,0
DA:890,0
DA:891,0
DA:893,0
DA:894,0
DA:895,0
DA:900,0
DA:903,0
DA:905,0
DA:906,0
DA:907,0
DA:910,0
DA:914,0
DA:918,0
DA:919,0
DA:923,0
DA:924,0
DA:926,0
DA:928,0
DA:929,0
DA:930,0
DA:931,0
DA:934,0
DA:936,0
DA:937,0
DA:939,0
DA:940,0
DA:941,0
DA:942,0
DA:943,0
DA:944,0
DA:945,0
DA:947,0
DA:948,0
DA:950,0
DA:951,0
DA:952,0
DA:953,0
DA:954,0
DA:955,0
DA:956,0
DA:957,0
DA:959,0
DA:960,0
DA:961,0
DA:963,0
DA:964,0
DA:965,0
DA:966,0
DA:967,0
DA:969,0
DA:970,0
DA:972,0
DA:973,0
DA:974,0
DA:975,0
DA:976,0
DA:977,0
DA:978,0
DA:979,0
DA:981,0
DA:982,0
DA:983,0
DA:985,0
DA:986,0
DA:987,0
DA:988,0
DA:990,0
DA:991,0
DA:993,0
DA:994,0
DA:995,0
DA:996,0
DA:997,0
DA:998,0
DA:999,0
DA:1000,0
DA:1001,0
DA:1002,0
DA:1003,0
DA:1005,0
DA:1006,0
DA:1007,0
DA:1009,0
DA:1010,0
DA:1011,0
DA:1012,0
DA:1014,0
DA:1015,0
DA:1017,0
DA:1018,0
DA:1019,0
DA:1020,0
DA:1021,0
DA:1022,0
DA:1023,0
DA:1024,0
DA:1026,0
DA:1027,0
DA:1028,0
DA:1030,0
DA:1031,0
DA:1032,0
DA:1033,0
DA:1034,0
DA:1035,0
DA:1037,0
DA:1041,2
DA:1043,2
DA:1044,2
DA:1045,2
DA:1047,2
DA:1048,2
DA:1050,0
DA:1054,2
DA:1056,1
DA:1057,0
DA:1058,1
DA:1059,0
DA:1060,1
DA:1061,0
DA:1062,1
DA:1063,1
DA:1064,0
DA:1066,1
DA:1067,0
DA:1068,0
DA:1069,0
DA:1070,0
DA:1072,0
DA:1075,2
DA:1077,2
DA:1078,2
DA:1079,2
DA:1082,2
DA:1084,2
DA:1085,2
DA:1088,2
DA:1090,4
DA:1095,2
DA:1099,2
DA:1101,0
DA:1102,0
DA:1106,2
DA:1107,2
DA:1109,2
DA:1110,2
DA:1112,2
LF:649
LH:147
end_of_record
SF:/home/kgrze/dev/dlna/minidlna/src/utils.h
FN:54,strncpyt
FNDA:2,strncpyt
FNF:1
FNH:1
DA:54,2
DA:56,2
DA:57,2
DA:58,2
LF:4
LH:4
end_of_record
TN:
SF:/home/kgrze/dev/dlna/minidlna/src/scanner.c
FN:68,get_next_available_id
FN:88,insert_container
FN:139,insert_containers
FN:385,insert_directory
FN:447,insert_file
FN:508,CreateDatabase
FN:580,filter_hidden
FN:586,filter_type
FN:599,filter_a
FN:609,filter_av
FN:621,filter_ap
FN:633,filter_v
FN:643,filter_vp
FN:654,filter_p
FN:664,filter_avp
FN:676,ScanDirectory
FN:779,start_scanner
FNDA:2,get_next_available_id
FNDA:0,insert_container
FNDA:2,insert_containers
FNDA:4,insert_directory
FNDA:6,insert_file
FNDA:1,CreateDatabase
FNDA:16,filter_hidden
FNDA:10,filter_type
FNDA:0,filter_a
FNDA:0,filter_av
FNDA:0,filter_ap
FNDA:0,filter_v
FNDA:0,filter_vp
FNDA:0,filter_p
FNDA:16,filter_avp
FNDA:3,ScanDirectory
FNDA:1,start_scanner
FNF:17
FNH:10
DA:68,2
DA:71,2
DA:73,2
DA:76,2
DA:78,0
DA:79,0
DA:80,0
DA:81,0
DA:84,2
DA:88,0
DA:93,0
DA:95,0
DA:102,0
DA:104,0
DA:105,0
DA:106,0
DA:108,0
DA:109,0
DA:113,0
DA:114,0
DA:115,0
DA:116,0
DA:118,0
DA:119,0
DA:120,0
DA:122,0
DA:124,0
DA:126,0
DA:133,0
DA:135,0
DA:139,2
DA:147,2
DA:149,0
DA:155,0
DA:156,0
DA:157,0
DA:159,0
DA:160,0
DA:162,0
DA:163,0
DA:165,0
DA:166,0
DA:167,0
DA:169,0
DA:171,0
DA:176,0
DA:177,0
DA:178,0
DA:179,0
DA:182,0
DA:186,0
DA:188,0
DA:190,0
DA:191,0
DA:192,0
DA:194,0
DA:196,0
DA:198,0
DA:203,0
DA:204,0
DA:205,0
DA:206,0
DA:209,0
DA:215,0
DA:217,0
DA:219,0
DA:225,2
DA:227,0
DA:228,0
DA:229,0
DA:230,2
DA:231,0
DA:233,0
DA:234,0
DA:236,0
DA:246,0
DA:248,0
DA:250,0
DA:255,0
DA:256,0
DA:257,0
DA:258,0
DA:261,0
DA:267,0
DA:269,0
DA:271,0
DA:272,0
DA:273,0
DA:274,0
DA:276,0
DA:277,0
DA:278,0
DA:282,0
DA:284,0
DA:286,0
DA:291,0
DA:293,0
DA:294,0
DA:295,0
DA:298,0
DA:303,0
DA:309,0
DA:311,0
DA:313,0
DA:314,0
DA:315,0
DA:317,0
DA:318,0
DA:319,0
DA:323,0
DA:325,0
DA:327,0
DA:331,0
DA:333,0
DA:334,0
DA:335,0
DA:338,0
DA:343,0
DA:350,0
DA:352,0
DA:354,0
DA:360,2
DA:365,2
DA:367,1
DA:369,2
DA:374,2
DA:378,0
DA:380,0
DA:381,0
DA:385,4
DA:387,4
DA:388,4
DA:392,4
DA:394,2
DA:398,2
DA:399,2
DA:400,2
DA:401,2
DA:402,2
DA:403,8
DA:405,6
DA:406,0
DA:407,6
DA:409,2
DA:410,2
DA:413,4
DA:414,4
DA:416,4
DA:417,4
DA:419,4
DA:423,4
DA:424,4
DA:425,3
DA:426,4
DA:427,2
DA:428,4
DA:429,2
DA:430,4
DA:432,2
DA:433,2
DA:436,2
DA:437,2
DA:443,2
DA:447,6
DA:451,6
DA:456,6
DA:458,6
DA:460,2
DA:461,2
DA:462,2
DA:466,6
DA:468,4
DA:469,4
DA:472,2
DA:473,2
DA:474,2
DA:476,2
DA:482,2
DA:484,2
DA:485,2
DA:486,2
DA:487,2
DA:489,2
DA:490,2
DA:492,2
DA:493,2
DA:495,2
DA:501,2
DA:502,2
DA:504,2
DA:508,1
DA:511,2
DA:512,1
DA:515,1
DA:516,1
DA:517,0
DA:518,1
DA:519,1
DA:520,0
DA:521,1
DA:522,1
DA:523,0
DA:524,1
DA:525,1
DA:526,0
DA:527,1
DA:528,1
DA:529,0
DA:530,1
DA:531,1
DA:532,0
DA:533,1
DA:534,1
DA:535,0
DA:536,3
DA:538,6
DA:541,6
DA:542,2
DA:543,0
DA:545,21
DA:547,20
DA:548,20
DA:549,17
DA:550,3
DA:552,3
DA:553,3
DA:554,3
DA:555,6
DA:559,3
DA:560,3
DA:561,3
DA:562,0
DA:565,1
DA:566,1
DA:567,1
DA:568,1
DA:569,1
DA:570,1
DA:571,1
DA:573,1
DA:574,1
DA:575,0
DA:576,1
DA:580,16
DA:582,16
DA:586,10
DA:589,18
DA:590,18
DA:591,8
DA:599,0
DA:601,0
DA:602,0
DA:603,0
DA:604,0
DA:609,0
DA:611,0
DA:612,0
DA:613,0
DA:614,0
DA:615,0
DA:616,0
DA:621,0
DA:623,0
DA:624,0
DA:625,0
DA:626,0
DA:627,0
DA:628,0
DA:633,0
DA:635,0
DA:636,0
DA:637,0
DA:638,0
DA:643,0
DA:645,0
DA:646,0
DA:647,0
DA:648,0
DA:649,0
DA:654,0
DA:656,0
DA:657,0
DA:658,0
DA:659,0
DA:664,16
DA:666,34
DA:667,18
DA:668,16
DA:669,13
DA:670,8
DA:671,3
DA:676,3
DA:679,3
DA:681,3
DA:685,3
DA:686,3
DA:688,3
DA:689,3
DA:690,3
DA:691,0
DA:692,0
DA:693,0
DA:694,0
DA:695,0
DA:696,0
DA:697,0
DA:698,0
DA:699,0
DA:700,0
DA:701,0
DA:702,0
DA:703,0
DA:704,0
DA:705,0
DA:706,0
DA:707,0
DA:708,0
DA:709,0
DA:710,0
DA:711,0
DA:712,0
DA:714,3
DA:716,0
DA:718,0
DA:721,3
DA:722,3
DA:724,0
DA:725,0
DA:728,3
DA:730,1
DA:733,11
DA:736,8
DA:737,0
DA:739,8
DA:740,8
DA:741,8
DA:742,8
DA:744,2
DA:746,6
DA:748,6
DA:752,0
DA:754,8
DA:755,2
DA:757,2
DA:758,2
DA:759,2
DA:760,2
DA:762,6
DA:764,6
DA:765,2
DA:767,8
DA:768,8
DA:770,3
DA:771,3
DA:772,3
DA:774,1
DA:779,1
DA:784,1
DA:785,0
DA:787,1
DA:788,1
DA:790,2
DA:793,1
DA:795,1
DA:796,1
DA:798,1
DA:799,0
DA:800,0
DA:801,0
DA:802,0
DA:803,0
DA:806,1
DA:808,1
DA:809,1
DA:810,1
DA:815,1
DA:817,1
DA:819,1
DA:820,1
LF:379
LH:184
end_of_record
SF:/home/kgrze/dev/dlna/minidlna/src/utils.h
FN:54,strncpyt
FN:59,is_reg
FN:67,is_dir
FNDA:1,strncpyt
FNDA:14,is_reg
FNDA:8,is_dir
FNF:3
FNH:3
DA:54,1
DA:56,1
DA:57,1
DA:58,1
DA:59,14
DA:62,14
DA:67,8
DA:70,8
LF:8
LH:8
end_of_record
TN:
SF:/home/kgrze/dev/dlna/minidlna/src/monitor.c
FN:70,next_highest
FN:81,raise_watch_limit
FN:93,add_watch
FN:135,inotify_create_watches
FN:199,inotify_remove_watches
FN:221,start_inotify
FNDA:0,next_highest
FNDA:0,raise_watch_limit
FNDA:4,add_watch
FNDA:1,inotify_create_watches
FNDA:1,inotify_remove_watches
FNDA:1,start_inotify
FNF:6
FNH:4
DA:70,0
DA:72,0
DA:73,0
DA:74,0
DA:75,0
DA:76,0
DA:77,0
DA:81,0
DA:83,0
DA:84,0
DA:85,0
DA:86,0
DA:87,0
DA:88,0
DA:89,0
DA:93,4
DA:98,4
DA:99,4
DA:101,0
DA:102,0
DA:104,4
DA:106,0
DA:107,0
DA:110,4
DA:111,4
DA:113,0
DA:114,0
DA:116,4
DA:117,4
DA:118,4
DA:120,4
DA:122,1
DA:125,4
DA:127,3
DA:129,4
DA:131,4
DA:135,1
DA:138,1
DA:140,1
DA:143,2
DA:145,1
DA:146,1
DA:147,1
DA:149,1
DA:150,4
DA:152,3
DA:153,3
DA:154,3
DA:156,1
DA:158,1
DA:159,1
DA:161,1
DA:162,0
DA:163,1
DA:164,1
DA:166,1
DA:168,0
DA:170,0
DA:172,0
DA:174,0
DA:178,0
DA:183,1
DA:191,0
DA:195,1
DA:199,1
DA:201,1
DA:203,1
DA:205,6
DA:207,4
DA:208,4
DA:209,4
DA:210,4
DA:211,4
DA:212,4
DA:215,1
DA:221,1
DA:226,1
DA:227,1
DA:228,1
DA:230,1
DA:231,1
DA:233,1
DA:234,0
DA:236,3
DA:238,1
DA:239,0
DA:240,1
DA:242,1
DA:243,1
DA:244,0
DA:245,1
DA:247,1
DA:248,1
DA:249,1
DA:251,1
LF:95
LH:64
end_of_record
TN:
SF:/home/kgrze/dev/dlna/minidlna/src/minidlna.c
FN:103,OpenAndConfHTTPSocket
FN:147,sigterm
FN:157,sigusr1
FN:166,sighup
FN:176,set_startup_time
FN:182,_get_dbtime
FN:194,open_db
FN:219,check_db
FN:268,writepidfile
FN:332,init_nls
FN:360,init
FN:449,main
FNDA:1,OpenAndConfHTTPSocket
FNDA:1,sigterm
FNDA:0,sigusr1
FNDA:0,sighup
FNDA:1,set_startup_time
FNDA:2,_get_dbtime
FNDA:4,open_db
FNDA:1,check_db
FNDA:1,writepidfile
FNDA:1,init_nls
FNDA:1,init
FNDA:1,main
FNF:12
FNH:10
DA:103,1
DA:106,1
DA:110,1
DA:112,1
DA:113,1
DA:115,0
DA:116,0
DA:119,1
DA:120,0
DA:122,1
DA:123,1
DA:124,1
DA:125,1
DA:127,1
DA:129,0
DA:130,0
DA:131,0
DA:134,1
DA:136,0
DA:137,0
DA:138,0
DA:141,1
DA:147,1
DA:149,1
DA:151,1
DA:153,1
DA:154,1
DA:157,0
DA:159,0
DA:160,0
DA:162,0
DA:163,0
DA:166,0
DA:168,0
DA:169,0
DA:171,0
DA:172,0
DA:176,1
DA:178,1
DA:179,1
DA:182,2
DA:187,2
DA:188,2
DA:189,0
DA:190,2
DA:194,4
DA:197,4
DA:199,4
DA:200,4
DA:202,2
DA:203,2
DA:205,4
DA:206,0
DA:207,4
DA:208,3
DA:209,4
DA:210,4
DA:211,4
DA:212,4
DA:213,4
DA:215,4
DA:219,1
DA:224,1
DA:225,1
DA:227,1
DA:228,1
DA:229,0
DA:230,0
DA:231,0
DA:232,0
DA:234,0
DA:236,1
DA:238,1
DA:239,1
DA:240,0
DA:242,1
DA:243,1
DA:244,0
DA:246,1
DA:248,1
DA:249,1
DA:250,1
DA:251,2
DA:252,2
DA:254,1
DA:255,1
DA:256,1
DA:257,1
DA:258,1
DA:260,1
DA:262,0
DA:265,1
DA:268,1
DA:273,1
DA:275,1
DA:276,0
DA:279,1
DA:280,1
DA:281,1
DA:283,0
DA:285,0
DA:287,0
DA:292,1
DA:294,0
DA:296,0
DA:298,1
DA:300,0
DA:301,0
DA:306,1
DA:307,1
DA:309,0
DA:311,0
DA:314,1
DA:316,0
DA:318,0
DA:320,1
DA:322,0
DA:323,0
DA:327,1
DA:329,1
DA:332,1
DA:337,1
DA:338,1
DA:339,0
DA:340,1
DA:341,0
DA:342,2
DA:343,2
DA:344,0
DA:345,1
DA:346,1
DA:347,0
DA:348,1
DA:349,1
DA:350,1
DA:352,1
DA:360,1
DA:366,1
DA:367,1
DA:369,1
DA:372,1
DA:374,0
DA:375,0
DA:377,1
DA:378,1
DA:380,1
DA:381,1
DA:382,1
DA:383,1
DA:384,1
DA:386,1
DA:387,1
DA:388,1
DA:389,1
DA:391,1
DA:392,1
DA:395,1
DA:396,1
DA:397,1
DA:398,1
DA:400,1
DA:403,1
DA:406,1
DA:407,1
DA:408,1
DA:409,0
DA:410,1
DA:411,0
DA:412,1
DA:413,0
DA:414,1
DA:415,0
DA:416,1
DA:417,1
DA:418,1
DA:419,0
DA:421,1
DA:422,0
DA:424,1
DA:427,0
DA:428,0
DA:432,1
DA:433,0
DA:436,1
DA:437,1
DA:439,0
DA:440,0
DA:443,1
DA:449,1
DA:452,1
DA:453,1
DA:455,1
DA:459,1
DA:460,1
DA:461,1
DA:462,1
DA:463,1
DA:464,1
DA:466,9
DA:467,8
DA:469,1
DA:470,1
DA:471,0
DA:472,1
DA:474,1
DA:475,1
DA:477,0
DA:480,1
DA:482,1
DA:483,1
DA:485,0
DA:486,0
DA:487,0
DA:489,1
DA:490,1
DA:492,1
DA:494,1
DA:495,0
DA:497,1
DA:498,0
DA:501,1
DA:503,1
DA:504,1
DA:506,0
DA:507,0
DA:508,0
DA:509,0
DA:512,1
DA:513,1
DA:514,0
DA:515,1
DA:517,1
DA:518,1
DA:521,373
DA:525,372
DA:527,0
DA:528,0
DA:529,0
DA:534,372
DA:536,0
DA:537,0
DA:539,0
DA:540,0
DA:542,0
DA:543,0
DA:544,0
DA:548,744
DA:549,372
DA:550,372
DA:552,744
DA:553,372
DA:554,372
DA:557,0
DA:561,372
DA:563,1
DA:565,1
DA:566,1
DA:567,0
DA:572,372
DA:574,372
DA:576,372
DA:577,372
DA:580,372
DA:582,372
DA:583,372
DA:585,372
DA:587,372
DA:588,372
DA:591,372
DA:592,605
DA:594,233
DA:596,233
DA:597,233
DA:598,233
DA:601,372
DA:602,372
DA:604,372
DA:605,372
DA:607,17
DA:608,16
DA:609,0
DA:610,0
DA:612,355
DA:614,355
DA:617,58
DA:619,355
DA:621,6
DA:625,355
DA:627,159
DA:629,0
DA:630,0
DA:632,0
DA:633,0
DA:636,159
DA:638,0
DA:639,0
DA:640,0
DA:641,0
DA:645,588
DA:647,233
DA:648,150
DA:651,355
DA:656,150
DA:657,150
DA:658,150
DA:660,0
DA:664,150
DA:665,150
DA:673,150
DA:674,150
DA:676,150
DA:677,150
DA:681,0
DA:682,0
DA:687,738
DA:689,383
DA:690,383
DA:692,150
DA:693,150
DA:698,0
DA:700,1
DA:701,0
DA:704,2
DA:706,0
DA:707,0
DA:708,0
DA:710,1
DA:711,1
DA:712,1
DA:713,1
DA:714,1
DA:715,1
DA:717,2
DA:719,1
DA:720,1
DA:723,1
DA:725,1
DA:726,1
DA:730,1
DA:731,1
DA:733,1
DA:734,1
DA:736,1
DA:738,1
DA:739,0
DA:741,1
DA:743,1
LF:347
LH:244
end_of_record
SF:/home/kgrze/dev/dlna/minidlna/src/utils.h
FN:54,strncpyt
FNDA:3,strncpyt
FNF:1
FNH:1
DA:54,3
DA:56,3
DA:57,3
DA:58,3
LF:4
LH:4
end_of_record
TN:
SF:/home/kgrze/dev/dlna/minidlna/src/sql.c
FN:27,sql_exec
FN:51,sql_get_table
FN:69,sql_get_int_field
FN:128,sql_get_int64_field
FN:187,sql_get_text_field
FN:263,db_upgrade
FNDA:63,sql_exec
FNDA:41,sql_get_table
FNDA:78,sql_get_int_field
FNDA:0,sql_get_int64_field
FNDA:8,sql_get_text_field
FNDA:1,db_upgrade
FNF:6
FNH:5
DA:27,63
DA:30,63
DA:35,63
DA:36,63
DA:37,63
DA:38,63
DA:39,63
DA:41,0
DA:42,0
DA:43,0
DA:45,63
DA:47,63
DA:51,41
DA:54,41
DA:57,41
DA:58,41
DA:60,0
DA:61,0
DA:62,0
DA:65,41
DA:69,78
DA:77,78
DA:78,78
DA:79,78
DA:83,78
DA:85,78
DA:86,78
DA:87,0
DA:88,0
DA:89,0
DA:90,0
DA:93,156
DA:94,156
DA:95,0
DA:98,0
DA:99,0
DA:102,78
DA:104,6
DA:106,6
DA:107,6
DA:108,72
DA:109,72
DA:111,0
DA:112,0
DA:114,72
DA:115,72
DA:116,0
DA:117,0
DA:118,0
DA:119,0
DA:121,78
DA:122,78
DA:124,78
DA:128,0
DA:136,0
DA:137,0
DA:138,0
DA:142,0
DA:144,0
DA:145,0
DA:146,0
DA:147,0
DA:148,0
DA:149,0
DA:152,0
DA:153,0
DA:154,0
DA:157,0
DA:158,0
DA:161,0
DA:163,0
DA:165,0
DA:166,0
DA:167,0
DA:168,0
DA:170,0
DA:171,0
DA:173,0
DA:174,0
DA:175,0
DA:176,0
DA:177,0
DA:178,0
DA:180,0
DA:181,0
DA:183,0
DA:187,8
DA:195,8
DA:197,0
DA:198,0
DA:201,8
DA:202,8
DA:203,8
DA:207,8
DA:209,8
DA:210,8
DA:211,0
DA:212,0
DA:213,0
DA:214,0
DA:216,8
DA:218,16
DA:219,16
DA:220,0
DA:224,0
DA:225,0
DA:228,8
DA:230,2
DA:232,2
DA:233,2
DA:235,6
DA:236,6
DA:238,0
DA:239,0
DA:242,6
DA:243,6
DA:245,0
DA:246,0
DA:249,6
DA:250,6
DA:252,0
DA:253,0
DA:254,0
DA:255,0
DA:257,8
DA:259,8
DA:263,1
DA:268,1
DA:270,1
DA:271,0
DA:272,1
DA:273,0
DA:274,1
DA:275,1
DA:276,0
DA:277,0
DA:278,0
DA:280,0
DA:281,0
DA:282,0
DA:283,0
DA:285,0
DA:287,0
DA:288,0
DA:289,0
DA:290,0
DA:292,0
DA:294,0
LF:148
LH:63
end_of_record
TN:
SF:/home/kgrze/dev/dlna/minidlna/src/uuid.c
FN:55,monotonic_us
FN:74,read_bootid_node
FN:97,read_random_bytes
FN:126,init_clockseq
FN:137,generate_uuid
FN:242,get_uuid_string
FNDA:1,monotonic_us
FNDA:0,read_bootid_node
FNDA:1,read_random_bytes
FNDA:1,init_clockseq
FNDA:2,generate_uuid
FNDA:2,get_uuid_string
FNF:6
FNH:5
DA:55,1
DA:62,1
DA:70,1
DA:74,0
DA:78,0
DA:79,0
DA:81,0
DA:82,0
DA:83,0
DA:84,0
DA:85,0
DA:88,0
DA:89,0
DA:92,0
DA:93,0
DA:97,1
DA:102,1
DA:103,1
DA:105,1
DA:106,0
DA:107,1
DA:112,1
DA:113,1
DA:116,11
DA:117,8
DA:118,2
DA:119,1
DA:120,1
DA:121,1
DA:123,1
DA:126,1
DA:130,1
DA:131,1
DA:132,1
DA:133,1
DA:134,1
DA:137,2
DA:145,2
DA:150,2
DA:153,2
DA:155,2
DA:157,2
DA:162,0
DA:163,0
DA:165,0
DA:166,0
DA:170,2
DA:172,1
DA:173,1
DA:184,2
DA:190,2
DA:191,2
DA:194,2
DA:195,2
DA:198,2
DA:200,1
DA:201,1
DA:205,1
DA:207,0
DA:208,0
DA:210,0
DA:214,1
DA:216,2
DA:219,2
DA:220,2
DA:221,2
DA:222,2
DA:223,2
DA:224,2
DA:225,2
DA:226,2
DA:228,2
DA:229,2
DA:232,2
DA:234,2
DA:236,2
DA:242,2
DA:246,2
DA:247,0
DA:249,32
DA:250,18
DA:251,14
DA:252,2
DA:254,2
LF:84
LH:63
end_of_record
TN:
SF:/home/kgrze/dev/dlna/minidlna/src/containers.c
FN:128,in_magic_container
FN:158,check_magic_container
FNDA:9,in_magic_container
FNDA:78,check_magic_container
FNF:2
FNH:2
DA:128,9
DA:133,189
DA:135,180
DA:136,144
DA:137,36
DA:138,9
DA:139,27
DA:140,27
DA:141,27
DA:143,0
DA:144,0
DA:145,0
DA:146,0
DA:148,0
DA:149,0
DA:150,0
DA:154,9
DA:158,78
DA:162,1638
DA:164,1560
DA:165,1248
DA:166,312
DA:167,78
DA:168,234
DA:169,234
DA:171,0
DA:172,0
DA:176,78
LF:28
LH:19
end_of_record
TN:
SF:/home/kgrze/dev/dlna/minidlna/src/utils.c
FN:39,xasprintf
FN:56,ends_with
FN:70,trim
FN:102,strstrc
FN:125,strcasestrc
FN:148,modifyString
FN:193,unescape_tag
FN:215,escape_tag
FN:234,duration_str
FN:248,strip_ext
FN:263,make_dir
FN:312,DJBHash
FN:326,mime_to_ext
FN:389,is_video
FN:403,is_audio
FN:415,is_image
FN:421,is_playlist
FN:427,is_caption
FN:433,get_media_type
FN:454,resolve_unknown_type
FN:493,valid_media_types
FNDA:8,xasprintf
FNDA:202,ends_with
FNDA:0,trim
FNDA:3072,strstrc
FNDA:58,strcasestrc
FNDA:0,modifyString
FNDA:0,unescape_tag
FNDA:8,escape_tag
FNDA:2,duration_str
FNDA:6,strip_ext
FNDA:3,make_dir
FNDA:0,DJBHash
FNDA:11,mime_to_ext
FNDA:7,is_video
FNDA:10,is_audio
FNDA:11,is_image
FNDA:0,is_playlist
FNDA:0,is_caption
FNDA:6,get_media_type
FNDA:0,resolve_unknown_type
FNDA:0,valid_media_types
FNF:21
FNH:13
DA:39,8
DA:44,8
DA:45,8
DA:46,8
DA:47,8
DA:49,0
DA:50,0
DA:52,8
DA:56,202
DA:59,202
DA:60,202
DA:62,202
DA:63,16
DA:64,186
DA:66,186
DA:70,0
DA:75,0
DA:76,0
DA:78,0
DA:79,0
DA:81,0
DA:82,0
DA:84,0
DA:86,0
DA:87,0
DA:90,0
DA:92,0
DA:93,0
DA:94,0
DA:97,0
DA:102,3072
DA:107,3072
DA:108,3072
DA:109,0
DA:111,3072
DA:112,3072
DA:113,128959
DA:115,122888
DA:116,73
DA:117,122815
DA:118,122815
DA:121,2999
DA:125,58
DA:130,58
DA:131,58
DA:132,0
DA:134,58
DA:135,58
DA:136,232
DA:138,174
DA:139,58
DA:140,116
DA:141,116
DA:144,0
DA:148,0
DA:150,0
DA:154,0
DA:155,0
DA:156,0
DA:158,0
DA:159,0
DA:160,0
DA:162,0
DA:163,0
DA:165,0
DA:167,0
DA:168,0
DA:170,0
DA:172,0
DA:173,0
DA:175,0
DA:178,0
DA:179,0
DA:181,0
DA:182,0
DA:183,0
DA:184,0
DA:185,0
DA:186,0
DA:189,0
DA:193,0
DA:195,0
DA:197,0
DA:198,0
DA:199,0
DA:201,0
DA:202,0
DA:203,0
DA:204,0
DA:205,0
DA:206,0
DA:208,0
DA:209,0
DA:211,0
DA:215,8
DA:217,8
DA:219,8
DA:221,0
DA:222,0
DA:223,0
DA:224,0
DA:225,0
DA:227,8
DA:228,8
DA:230,8
DA:234,2
DA:238,6
DA:240,2
DA:241,2
DA:244,2
DA:248,6
DA:252,6
DA:253,0
DA:254,6
DA:255,6
DA:256,6
DA:258,6
DA:263,3
DA:265,3
DA:270,15
DA:274,18
DA:275,0
DA:278,43
DA:279,31
DA:281,6
DA:282,6
DA:283,6
DA:284,6
DA:285,6
DA:287,25
DA:290,9
DA:293,6
DA:294,6
DA:295,0
DA:296,0
DA:297,0
DA:298,0
DA:301,9
DA:302,3
DA:305,6
DA:312,0
DA:314,0
DA:315,0
DA:317,0
DA:319,0
DA:322,0
DA:326,11
DA:328,11
DA:331,0
DA:332,0
DA:333,0
DA:334,0
DA:335,0
DA:336,0
DA:337,0
DA:338,0
DA:339,0
DA:340,0
DA:341,0
DA:342,0
DA:343,0
DA:344,0
DA:345,0
DA:346,0
DA:347,0
DA:348,0
DA:349,0
DA:350,0
DA:351,11
DA:352,11
DA:353,0
DA:354,11
DA:355,0
DA:356,11
DA:357,6
DA:358,5
DA:359,0
DA:360,5
DA:361,5
DA:362,0
DA:363,0
DA:364,0
DA:365,0
DA:366,0
DA:367,0
DA:368,0
DA:369,0
DA:370,0
DA:371,0
DA:372,0
DA:373,0
DA:374,0
DA:375,0
DA:377,0
DA:378,0
DA:379,0
DA:380,0
DA:381,0
DA:382,0
DA:383,0
DA:385,0
DA:389,7
DA:391,21
DA:392,17
DA:393,15
DA:394,13
DA:395,12
DA:396,12
DA:397,12
DA:398,12
DA:399,15
DA:403,10
DA:405,26
DA:406,24
DA:407,24
DA:408,22
DA:409,16
DA:410,15
DA:411,20
DA:415,11
DA:417,11
DA:421,0
DA:423,0
DA:427,0
DA:429,0
DA:433,6
DA:435,6
DA:436,6
DA:437,0
DA:438,6
DA:439,2
DA:440,4
DA:441,2
DA:442,2
DA:443,2
DA:444,0
DA:445,0
DA:446,0
DA:447,0
DA:448,0
DA:449,0
DA:450,0
DA:454,0
DA:457,0
DA:461,0
DA:463,0
DA:465,0
DA:467,0
DA:469,0
DA:471,0
DA:472,0
DA:475,0
DA:478,0
DA:480,0
DA:482,0
DA:484,0
DA:485,0
DA:486,0
DA:489,0
DA:493,0
DA:497,0
DA:499,0
DA:500,0
DA:503,0
LF:264
LH:108
end_of_record
TN:
SF:/home/kgrze/dev/dlna/minidlna/src/clients.c
FN:298,SearchClientCache
FN:334,AddClientCache
FNDA:137,SearchClientCache
FNDA:3,AddClientCache
FNF:2
FNH:2
DA:298,137
DA:302,329
DA:304,326
DA:307,134
DA:310,0
DA:311,0
DA:315,0
DA:319,0
DA:320,0
DA:323,134
DA:324,134
DA:326,134
DA:330,3
DA:334,3
DA:338,12
DA:340,6
DA:341,3
DA:342,3
DA:343,3
DA:344,3
DA:345,3
DA:346,3
DA:350,3
DA:353,0
LF:24
LH:18
end_of_record
TN:
SF:/home/kgrze/dev/dlna/minidlna/src/getifaddr.c
FN:70,getifaddr
FN:172,getsyshwaddr
FN:273,get_remote_mac
FN:308,reload_ifaces
FN:347,OpenAndConfMonitorSocket
FN:380,ProcessMonitorEvent
FNDA:7,getifaddr
FNDA:3,getsyshwaddr
FNDA:3,get_remote_mac
FNDA:7,reload_ifaces
FNDA:1,OpenAndConfMonitorSocket
FNDA:6,ProcessMonitorEvent
FNF:6
FNH:6
DA:70,7
DA:76,7
DA:78,0
DA:79,0
DA:82,50
DA:84,43
DA:85,31
DA:86,12
DA:87,0
DA:88,12
DA:89,12
DA:90,7
DA:91,5
DA:92,5
DA:94,0
DA:95,0
DA:97,5
DA:98,5
DA:99,5
DA:100,5
DA:101,5
DA:102,5
DA:103,5
DA:106,7
DA:107,7
DA:109,0
DA:110,0
DA:168,7
DA:172,3
DA:175,3
DA:223,3
DA:225,3
DA:226,3
DA:227,0
DA:229,3
DA:230,3
DA:232,0
DA:233,0
DA:236,6
DA:238,6
DA:239,6
DA:240,0
DA:241,6
DA:242,3
DA:243,3
DA:244,0
DA:250,3
DA:251,0
DA:252,3
DA:254,3
DA:255,3
DA:257,3
DA:258,3
DA:260,3
DA:262,3
DA:263,6
DA:264,3
DA:265,3
DA:266,2
DA:267,2
DA:269,3
DA:273,3
DA:279,3
DA:281,3
DA:282,3
DA:283,0
DA:284,48
DA:286,44
DA:289,44
DA:290,37
DA:291,7
DA:292,7
DA:293,2
DA:294,5
DA:296,3
DA:298,3
DA:300,1
DA:301,1
DA:304,2
DA:308,7
DA:313,7
DA:314,11
DA:316,4
DA:317,4
DA:319,7
DA:321,7
DA:323,7
DA:324,7
DA:325,7
DA:327,12
DA:329,17
DA:331,14
DA:332,2
DA:335,5
DA:337,3
DA:339,3
DA:340,6
DA:341,6
DA:344,7
DA:347,1
DA:354,1
DA:355,1
DA:357,0
DA:358,0
DA:361,1
DA:362,1
DA:363,1
DA:365,1
DA:366,1
DA:368,0
DA:369,0
DA:370,0
DA:373,1
DA:380,6
DA:386,6
DA:388,6
DA:390,6
DA:391,6
DA:392,0
DA:393,18
DA:395,8
DA:396,2
DA:398,6
DA:400,6
DA:402,6
DA:403,6
LF:126
LH:106
end_of_record
SF:/home/kgrze/dev/dlna/minidlna/src/utils.h
FN:54,strncpyt
FNDA:6,strncpyt
FNF:1
FNH:1
DA:54,6
DA:56,6
DA:57,6
DA:58,6
LF:4
LH:4
end_of_record
TN:
SF:/home/kgrze/dev/dlna/minidlna/src/upnpsoap.c
FN:100,SoapError
FN:131,BuildSendAndCloseSoapResp
FN:167,GetSystemUpdateID
FN:185,IsAuthorizedValidated
FN:214,RegisterDevice
FN:232,GetProtocolInfo
FN:254,GetSortCapabilities
FN:278,GetSearchCapabilities
FN:307,GetCurrentConnectionIDs
FN:326,GetCurrentConnectionInfo
FN:412,set_filter_flags
FN:584,parse_sort_criteria
FN:682,add_resized_res
FN:712,add_res
FN:757,get_child_count
FN:772,object_exists
FN:790,callback
FN:1195,BrowseContentDirectory
FN:1415,charcat
FN:1427,parse_search_criteria
FN:1686,SearchContentDirectory
FN:1849,QueryStateVariable
FN:1890,_kodi_decode
FN:1915,duration_sec
FN:1925,UpdateObject
FN:2014,SamsungGetFeatureList
FN:2063,SamsungSetBookmark
FN:2130,ExecuteSoapAction
FNDA:0,SoapError
FNDA:39,BuildSendAndCloseSoapResp
FNDA:1,GetSystemUpdateID
FNDA:0,IsAuthorizedValidated
FNDA:0,RegisterDevice
FNDA:0,GetProtocolInfo
FNDA:0,GetSortCapabilities
FNDA:2,GetSearchCapabilities
FNDA:0,GetCurrentConnectionIDs
FNDA:0,GetCurrentConnectionInfo
FNDA:36,set_filter_flags
FNDA:27,parse_sort_criteria
FNDA:0,add_resized_res
FNDA:11,add_res
FNDA:57,get_child_count
FNDA:2,object_exists
FNDA:44,callback
FNDA:33,BrowseContentDirectory
FNDA:75,charcat
FNDA:3,parse_search_criteria
FNDA:3,SearchContentDirectory
FNDA:0,QueryStateVariable
FNDA:0,_kodi_decode
FNDA:0,duration_sec
FNDA:0,UpdateObject
FNDA:0,SamsungGetFeatureList
FNDA:0,SamsungSetBookmark
FNDA:39,ExecuteSoapAction
FNF:28
FNH:14
DA:100,0
DA:123,0
DA:124,0
DA:125,0
DA:126,0
DA:127,0
DA:128,0
DA:131,39
DA:144,39
DA:146,0
DA:147,0
DA:150,39
DA:151,39
DA:153,39
DA:154,39
DA:156,39
DA:157,39
DA:159,39
DA:160,39
DA:162,39
DA:163,39
DA:167,1
DA:178,1
DA:181,1
DA:182,1
DA:185,0
DA:197,0
DA:198,0
DA:199,0
DA:202,0
DA:205,0
DA:208,0
DA:210,0
DA:211,0
DA:214,0
DA:225,0
DA:228,0
DA:229,0
DA:232,0
DA:246,0
DA:249,0
DA:250,0
DA:251,0
DA:254,0
DA:271,0
DA:274,0
DA:275,0
DA:278,2
DA:300,2
DA:303,2
DA:304,2
DA:307,0
DA:319,0
DA:322,0
DA:323,0
DA:326,0
DA:345,0
DA:347,0
DA:348,0
DA:349,0
DA:350,0
DA:351,0
DA:352,0
DA:354,0
DA:356,0
DA:358,0
DA:363,0
DA:366,0
DA:368,0
DA:369,0
DA:412,36
DA:414,36
DA:415,36
DA:416,36
DA:418,36
DA:420,19
DA:421,19
DA:422,0
DA:424,36
DA:425,19
DA:427,17
DA:428,0
DA:429,17
DA:430,425
DA:432,391
DA:433,391
DA:434,799
DA:435,17
DA:436,391
DA:438,17
DA:440,374
DA:442,0
DA:444,374
DA:446,17
DA:448,357
DA:450,17
DA:452,340
DA:454,0
DA:456,340
DA:458,0
DA:460,340
DA:462,0
DA:464,340
DA:466,17
DA:468,323
DA:470,17
DA:471,17
DA:472,0
DA:474,306
DA:476,17
DA:477,17
DA:479,289
DA:481,17
DA:483,272
DA:485,0
DA:487,272
DA:489,17
DA:491,255
DA:493,0
DA:495,255
DA:497,0
DA:499,255
DA:501,0
DA:503,255
DA:505,17
DA:507,459
DA:508,442
DA:509,221
DA:511,17
DA:512,17
DA:514,425
DA:515,408
DA:516,204
DA:518,17
DA:519,17
DA:521,391
DA:522,374
DA:523,187
DA:525,17
DA:526,17
DA:528,357
DA:529,340
DA:530,170
DA:532,17
DA:533,17
DA:535,323
DA:536,306
DA:537,153
DA:539,17
DA:540,17
DA:542,289
DA:543,272
DA:544,136
DA:546,17
DA:547,17
DA:549,136
DA:551,0
DA:553,136
DA:555,0
DA:557,136
DA:559,0
DA:561,136
DA:563,0
DA:565,136
DA:567,0
DA:569,136
DA:571,0
DA:573,136
DA:575,0
DA:577,391
DA:580,17
DA:584,27
DA:586,27
DA:588,27
DA:590,27
DA:592,27
DA:593,0
DA:594,27
DA:595,27
DA:597,0
DA:599,0
DA:600,0
DA:601,0
DA:602,0
DA:603,0
DA:605,0
DA:607,0
DA:608,0
DA:609,0
DA:610,0
DA:612,0
DA:614,0
DA:616,0
DA:617,0
DA:621,0
DA:622,0
DA:624,0
DA:626,0
DA:628,0
DA:630,0
DA:631,0
DA:633,0
DA:635,0
DA:637,0
DA:639,0
DA:641,0
DA:643,0
DA:647,0
DA:648,0
DA:649,0
DA:650,0
DA:652,0
DA:653,0
DA:655,0
DA:656,0
DA:659,0
DA:660,0
DA:661,0
DA:662,0
DA:664,0
DA:666,0
DA:667,0
DA:668,0
DA:669,0
DA:672,0
DA:673,0
DA:675,0
DA:676,0
DA:678,0
DA:682,0
DA:685,0
DA:686,0
DA:688,0
DA:689,0
DA:691,0
DA:692,0
DA:694,0
DA:695,0
DA:696,0
DA:697,0
DA:698,0
DA:700,0
DA:702,0
DA:707,0
DA:712,11
DA:716,11
DA:717,11
DA:718,11
DA:720,11
DA:721,11
DA:723,11
DA:724,11
DA:725,11
DA:726,0
DA:727,11
DA:729,11
DA:730,11
DA:732,11
DA:733,11
DA:735,11
DA:736,11
DA:738,11
DA:740,0
DA:742,0
DA:743,0
DA:744,0
DA:745,0
DA:746,0
DA:749,22
DA:752,11
DA:754,11
DA:757,57
DA:761,57
DA:762,0
DA:763,57
DA:764,0
DA:766,57
DA:768,57
DA:772,2
DA:775,2
DA:776,2
DA:777,2
DA:790,44
DA:792,44
DA:793,44
DA:794,44
DA:795,44
DA:796,44
DA:799,44
DA:800,44
DA:803,44
DA:806,0
DA:809,0
DA:810,0
DA:812,0
DA:813,0
DA:818,0
DA:819,0
DA:825,0
DA:826,0
DA:830,44
DA:831,44
DA:833,44
DA:835,11
DA:836,11
DA:838,11
DA:840,11
DA:841,11
DA:843,0
DA:845,0
DA:846,0
DA:848,0
DA:851,11
DA:853,0
DA:855,0
DA:858,11
DA:860,0
DA:861,0
DA:863,0
DA:866,11
DA:868,5
DA:870,0
DA:873,16
DA:874,5
DA:876,6
DA:877,3
DA:880,11
DA:882,0
DA:884,0
DA:888,11
DA:890,0
DA:891,0
DA:892,0
DA:894,0
DA:897,11
DA:899,0
DA:900,0
DA:903,11
DA:905,0
DA:906,0
DA:907,0
DA:908,0
DA:910,0
DA:913,0
DA:915,0
DA:916,0
DA:918,0
DA:920,0
DA:923,0
DA:925,0
DA:927,0
DA:932,0
DA:934,11
DA:935,0
DA:937,11
DA:938,5
DA:943,6
DA:944,3
DA:949,3
DA:951,11
DA:952,11
DA:953,0
DA:955,11
DA:959,11
DA:960,0
DA:962,11
DA:963,0
DA:965,11
DA:966,11
DA:968,11
DA:970,0
DA:971,0
DA:976,0
DA:979,0
DA:980,0
DA:982,0
DA:983,0
DA:987,11
DA:988,0
DA:989,0
DA:991,0
DA:992,0
DA:995,11
DA:996,0
DA:998,11
DA:999,0
DA:1001,11
DA:1002,0
DA:1004,11
DA:1005,0
DA:1007,11
DA:1008,11
DA:1009,11
DA:1011,11
DA:1013,0
DA:1015,0
DA:1016,0
DA:1017,0
DA:1018,0
DA:1019,0
DA:1020,0
DA:1022,0
DA:1023,0
DA:1026,0
DA:1030,0
DA:1032,11
DA:1033,11
DA:1034,0
DA:1035,0
DA:1036,0
DA:1037,0
DA:1038,0
DA:1039,0
DA:1041,0
DA:1042,0
DA:1045,0
DA:1046,0
DA:1047,0
DA:1048,0
DA:1049,0
DA:1051,0
DA:1053,0
DA:1054,0
DA:1057,0
DA:1059,0
DA:1060,0
DA:1064,0
DA:1065,0
DA:1066,0
DA:1067,0
DA:1068,0
DA:1069,0
DA:1071,0
DA:1072,0
DA:1074,0
DA:1075,0
DA:1078,0
DA:1080,0
DA:1081,0
DA:1085,0
DA:1086,0
DA:1089,0
DA:1090,0
DA:1091,0
DA:1092,0
DA:1094,0
DA:1095,0
DA:1098,0
DA:1099,11
DA:1104,11
DA:1106,3
DA:1107,6
DA:1110,3
DA:1111,3
DA:1112,0
DA:1115,0
DA:1117,11
DA:1118,11
DA:1120,0
DA:1122,11
DA:1123,0
DA:1124,0
DA:1127,0
DA:1128,0
DA:1131,0
DA:1133,0
DA:1136,0
DA:1139,11
DA:1141,33
DA:1143,33
DA:1144,33
DA:1145,18
DA:1147,33
DA:1148,33
DA:1151,33
DA:1152,0
DA:1157,33
DA:1161,33
DA:1163,33
DA:1165,33
DA:1166,0
DA:1168,33
DA:1169,0
DA:1171,33
DA:1172,0
DA:1174,33
DA:1176,0
DA:1177,0
DA:1178,0
DA:1179,0
DA:1180,0
DA:1181,0
DA:1183,0
DA:1184,0
DA:1185,0
DA:1188,33
DA:1191,44
DA:1195,33
DA:1204,33
DA:1208,33
DA:1212,33
DA:1213,33
DA:1214,33
DA:1215,33
DA:1216,33
DA:1218,33
DA:1219,33
DA:1221,33
DA:1222,33
DA:1224,33
DA:1226,33
DA:1227,33
DA:1228,33
DA:1229,33
DA:1231,33
DA:1232,33
DA:1233,33
DA:1235,0
DA:1236,0
DA:1238,33
DA:1239,9
DA:1240,33
DA:1241,33
DA:1242,33
DA:1244,0
DA:1245,0
DA:1247,33
DA:1249,0
DA:1250,0
DA:1252,33
DA:1254,0
DA:1255,0
DA:1258,33
DA:1259,33
DA:1260,33
DA:1262,33
DA:1263,33
DA:1264,33
DA:1265,19
DA:1266,33
DA:1267,0
DA:1268,33
DA:1270,33
DA:1271,33
DA:1272,33
DA:1273,33
DA:1274,33
DA:1275,33
DA:1285,33
DA:1287,9
DA:1288,9
DA:1289,9
DA:1290,9
DA:1292,0
DA:1293,0
DA:1294,0
DA:1295,0
DA:1296,0
DA:1297,0
DA:1299,9
DA:1303,9
DA:1304,9
DA:1308,24
DA:1309,24
DA:1311,0
DA:1312,0
DA:1313,0
DA:1314,0
DA:1315,0
DA:1316,0
DA:1317,0
DA:1318,0
DA:1319,0
DA:1320,0
DA:1321,0
DA:1322,0
DA:1323,0
DA:1325,0
DA:1326,0
DA:1327,0
DA:1328,0
DA:1329,0
DA:1332,24
DA:1333,24
DA:1335,24
DA:1336,24
DA:1337,24
DA:1338,24
DA:1341,0
DA:1343,24
DA:1345,24
DA:1347,0
DA:1348,0
DA:1350,0
DA:1352,24
DA:1355,0
DA:1358,24
DA:1359,0
DA:1361,24
DA:1362,24
DA:1364,0
DA:1365,0
DA:1366,0
DA:1370,24
DA:1372,0
DA:1373,0
DA:1376,24
DA:1380,24
DA:1381,24
DA:1382,24
DA:1384,33
DA:1386,0
DA:1387,0
DA:1388,0
DA:1389,0
DA:1391,33
DA:1393,33
DA:1395,0
DA:1397,0
DA:1398,0
DA:1401,33
DA:1407,33
DA:1408,33
DA:1409,33
DA:1410,33
DA:1411,33
DA:1412,33
DA:1415,75
DA:1417,75
DA:1419,0
DA:1420,0
DA:1422,75
DA:1423,75
DA:1427,3
DA:1431,3
DA:1434,3
DA:1435,0
DA:1437,3
DA:1438,3
DA:1439,3
DA:1440,3
DA:1442,3
DA:1444,6
DA:1445,0
DA:1447,90
DA:1449,84
DA:1451,45
DA:1452,3
DA:1453,3
DA:1454,3
DA:1455,0
DA:1457,0
DA:1458,0
DA:1459,0
DA:1462,0
DA:1464,3
DA:1465,3
DA:1467,3
DA:1468,3
DA:1470,3
DA:1471,3
DA:1472,0
DA:1473,0
DA:1475,0
DA:1476,0
DA:1477,0
DA:1479,0
DA:1480,5
DA:1481,5
DA:1482,3
DA:1483,4
DA:1484,2
DA:1486,0
DA:1487,0
DA:1490,42
DA:1491,42
DA:1496,39
DA:1497,0
DA:1498,0
DA:1500,0
DA:1501,0
DA:1502,0
DA:1505,0
DA:1506,0
DA:1507,0
DA:1508,0
DA:1509,0
DA:1510,0
DA:1512,0
DA:1513,0
DA:1515,0
DA:1516,3
DA:1517,3
DA:1519,3
DA:1520,3
DA:1521,3
DA:1523,0
DA:1524,0
DA:1526,3
DA:1528,0
DA:1530,0
DA:1531,0
DA:1533,0
DA:1535,0
DA:1536,0
DA:1538,0
DA:1540,0
DA:1541,0
DA:1544,0
DA:1545,3
DA:1546,3
DA:1547,3
DA:1549,3
DA:1550,3
DA:1551,3
DA:1553,0
DA:1555,0
DA:1556,0
DA:1557,0
DA:1559,0
DA:1561,0
DA:1562,0
DA:1563,0
DA:1564,0
DA:1567,0
DA:1568,0
DA:1569,0
DA:1570,0
DA:1572,0
DA:1573,0
DA:1574,0
DA:1575,0
DA:1578,0
DA:1579,0
DA:1580,6
DA:1581,6
DA:1583,3
DA:1584,3
DA:1585,3
DA:1586,3
DA:1588,3
DA:1590,0
DA:1591,0
DA:1592,0
DA:1594,3
DA:1596,0
DA:1597,0
DA:1598,0
DA:1600,3
DA:1602,0
DA:1603,0
DA:1604,0
DA:1607,3
DA:1608,3
DA:1609,3
DA:1610,3
DA:1612,3
DA:1613,9
DA:1614,3
DA:1615,3
DA:1617,0
DA:1618,0
DA:1620,3
DA:1622,3
DA:1623,3
DA:1627,0
DA:1628,3
DA:1629,3
DA:1630,3
DA:1632,3
DA:1633,3
DA:1634,3
DA:1636,0
DA:1638,0
DA:1639,0
DA:1640,0
DA:1642,0
DA:1644,0
DA:1645,0
DA:1646,0
DA:1648,0
DA:1650,0
DA:1651,0
DA:1652,0
DA:1654,0
DA:1656,0
DA:1657,0
DA:1658,0
DA:1661,0
DA:1662,0
DA:1663,0
DA:1664,0
DA:1665,0
DA:1666,0
DA:1667,0
DA:1668,0
DA:1669,0
DA:1670,0
DA:1671,0
DA:1672,0
DA:1673,21
DA:1674,21
DA:1675,21
DA:1678,75
DA:1680,3
DA:1682,3
DA:1686,3
DA:1695,3
DA:1703,3
DA:1704,3
DA:1706,3
DA:1707,3
DA:1709,3
DA:1710,3
DA:1712,3
DA:1714,3
DA:1715,3
DA:1716,3
DA:1717,3
DA:1719,3
DA:1720,3
DA:1721,3
DA:1722,0
DA:1723,3
DA:1724,3
DA:1725,3
DA:1727,0
DA:1729,0
DA:1730,0
DA:1734,3
DA:1735,3
DA:1736,3
DA:1738,3
DA:1739,3
DA:1740,3
DA:1742,0
DA:1744,3
DA:1746,3
DA:1747,3
DA:1748,3
DA:1749,3
DA:1750,3
DA:1751,3
DA:1761,3
DA:1762,3
DA:1763,0
DA:1765,3
DA:1766,3
DA:1768,6
DA:1769,3
DA:1770,0
DA:1772,3
DA:1773,3
DA:1775,3
DA:1782,3
DA:1785,0
DA:1786,0
DA:1789,3
DA:1791,2
DA:1793,0
DA:1794,0
DA:1797,3
DA:1799,3
DA:1801,3
DA:1803,0
DA:1804,0
DA:1807,3
DA:1813,3
DA:1818,3
DA:1819,3
DA:1820,3
DA:1822,0
DA:1823,0
DA:1825,3
DA:1826,3
DA:1832,3
DA:1833,3
DA:1834,3
DA:1835,3
DA:1836,3
DA:1837,3
DA:1838,3
DA:1849,0
DA:1861,0
DA:1864,0
DA:1866,0
DA:1868,0
DA:1870,0
DA:1872,0
DA:1875,0
DA:1878,0
DA:1882,0
DA:1883,0
DA:1886,0
DA:1887,0
DA:1890,0
DA:1892,0
DA:1894,0
DA:1895,0
DA:1897,0
DA:1899,0
DA:1900,0
DA:1901,0
DA:1903,0
DA:1905,0
DA:1906,0
DA:1907,0
DA:1909,0
DA:1910,0
DA:1913,0
DA:1915,0
DA:1919,0
DA:1920,0
DA:1922,0
DA:1925,0
DA:1934,0
DA:1936,0
DA:1937,0
DA:1938,0
DA:1939,0
DA:1941,0
DA:1943,0
DA:1945,0
DA:1947,0
DA:1948,0
DA:1949,0
DA:1952,0
DA:1953,0
DA:1955,0
DA:1956,0
DA:1957,0
DA:1959,0
DA:1960,0
DA:1961,0
DA:1964,0
DA:1967,0
DA:1968,0
DA:1969,0
DA:1970,0
DA:1971,0
DA:1973,0
DA:1975,0
DA:1978,0
DA:1980,0
DA:1981,0
DA:1985,0
DA:1988,0
DA:1990,0
DA:1991,0
DA:1992,0
DA:1994,0
DA:1995,0
DA:1997,0
DA:2002,0
DA:2005,0
DA:2006,0
DA:2008,0
DA:2010,0
DA:2014,0
DA:2029,0
DA:2030,0
DA:2031,0
DA:2035,0
DA:2037,0
DA:2039,0
DA:2040,0
DA:2041,0
DA:2045,0
DA:2046,0
DA:2047,0
DA:2050,0
DA:2052,0
DA:2053,0
DA:2054,0
DA:2057,0
DA:2059,0
DA:2060,0
DA:2063,0
DA:2073,0
DA:2074,0
DA:2075,0
DA:2077,0
DA:2078,0
DA:2079,0
DA:2081,0
DA:2084,0
DA:2085,0
DA:2087,0
DA:2088,0
DA:2089,0
DA:2091,0
DA:2094,0
DA:2095,0
DA:2096,0
DA:2099,0
DA:2101,0
DA:2102,0
DA:2130,39
DA:2134,39
DA:2135,39
DA:2137,39
DA:2141,39
DA:2142,39
DA:2143,39
DA:2144,39
DA:2146,0
DA:2147,39
DA:2148,128
DA:2150,89
DA:2151,89
DA:2153,39
DA:2154,39
DA:2156,50
DA:2159,0
DA:2162,0
LF:1015
LH:451
end_of_record
SF:/home/kgrze/dev/dlna/minidlna/src/utils.h
FN:37,strcatf
FN:54,strncpyt
FNDA:424,strcatf
FNDA:0,strncpyt
FNF:2
FNH:1
DA:37,424
DA:43,424
DA:44,0
DA:46,424
DA:47,424
DA:48,424
DA:49,424
DA:50,424
DA:52,424
DA:54,0
DA:56,0
DA:57,0
DA:58,0
LF:13
LH:8
end_of_record
TN:
SF:/home/kgrze/dev/dlna/minidlna/src/log.c
FN:59,log_close
FN:65,find_matching_name
FN:78,log_init
FN:129,log_err
FNDA:2,log_close
FNDA:10,find_matching_name
FNDA:1,log_init
FNDA:1234,log_err
FNF:4
FNH:4
DA:59,2
DA:61,2
DA:62,2
DA:63,2
DA:65,10
DA:66,10
DA:68,10
DA:69,10
DA:70,51
DA:71,50
DA:72,9
DA:74,1
DA:78,1
DA:83,1
DA:84,1
DA:86,9
DA:87,8
DA:89,1
DA:94,1
DA:95,3
DA:96,1
DA:97,1
DA:98,1
DA:99,0
DA:100,0
DA:103,1
DA:104,1
DA:106,8
DA:107,8
DA:108,8
DA:109,0
DA:111,8
DA:114,8
DA:115,8
DA:119,1
DA:120,1
DA:122,0
DA:123,0
DA:124,0
DA:125,0
DA:129,1234
DA:133,1234
DA:134,0
DA:136,1234
DA:137,1
DA:140,1234
DA:144,1234
DA:145,1234
DA:146,3702
DA:147,2468
DA:151,1234
DA:152,1234
DA:154,0
DA:157,1234
DA:158,1234
DA:160,0
DA:161,0
DA:163,1234
DA:165,1234
DA:167,1234
DA:168,0
DA:170,1234
LF:62
LH:50
end_of_record
TN:
SF:/home/kgrze/dev/dlna/minidlna/src/minissdp.c
FN:60,AddMulticastMembership
FN:94,OpenAndConfSSDPReceiveSocket
FN:142,OpenAndConfSSDPNotifySocket
FN:207,_usleep
FN:219,SendSSDPResponse
FN:264,SendSSDPNotifies
FN:320,ParseUPnPClient
FN:484,ProcessSSDPRequest
FN:762,SendSSDPGoodbyes
FN:810,SubmitServicesToMiniSSDPD
FNDA:5,AddMulticastMembership
FNDA:1,OpenAndConfSSDPReceiveSocket
FNDA:5,OpenAndConfSSDPNotifySocket
FNDA:13,_usleep
FNDA:10,SendSSDPResponse
FNDA:3,SendSSDPNotifies
FNDA:0,ParseUPnPClient
FNDA:58,ProcessSSDPRequest
FNDA:4,SendSSDPGoodbyes
FNDA:0,SubmitServicesToMiniSSDPD
FNF:10
FNH:8
DA:60,5
DA:66,5
DA:67,5
DA:68,5
DA:80,5
DA:81,5
DA:83,0
DA:85,0
DA:88,5
DA:94,1
DA:97,1
DA:100,1
DA:101,1
DA:103,0
DA:104,0
DA:107,1
DA:108,0
DA:110,1
DA:111,0
DA:113,1
DA:114,1
DA:115,1
DA:121,1
DA:129,1
DA:131,0
DA:132,0
DA:133,0
DA:136,1
DA:142,5
DA:145,5
DA:146,5
DA:150,5
DA:151,5
DA:153,0
DA:154,0
DA:157,5
DA:159,5
DA:161,0
DA:162,0
DA:163,0
DA:166,5
DA:168,0
DA:169,0
DA:170,0
DA:173,5
DA:175,5
DA:176,5
DA:177,5
DA:179,5
DA:181,0
DA:182,0
DA:183,0
DA:186,5
DA:188,0
DA:192,5
DA:207,13
DA:211,13
DA:212,13
DA:213,13
DA:214,13
DA:219,10
DA:225,10
DA:234,10
DA:235,20
DA:245,10
DA:254,10
DA:257,10
DA:259,10
DA:260,0
DA:261,10
DA:264,3
DA:268,3
DA:272,3
DA:273,3
DA:274,3
DA:275,3
DA:276,3
DA:278,9
DA:280,6
DA:281,3
DA:282,6
DA:283,48
DA:285,36
DA:304,36
DA:306,0
DA:307,0
DA:309,36
DA:310,36
DA:312,36
DA:313,0
DA:314,36
DA:317,3
DA:320,0
DA:324,0
DA:327,0
DA:328,0
DA:329,0
DA:332,0
DA:335,0
DA:336,0
DA:337,0
DA:338,0
DA:339,0
DA:340,0
DA:341,0
DA:342,0
DA:344,0
DA:345,0
DA:346,0
DA:349,0
DA:350,0
DA:351,0
DA:353,0
DA:354,0
DA:356,0
DA:357,0
DA:358,0
DA:360,0
DA:361,0
DA:362,0
DA:363,0
DA:365,0
DA:366,0
DA:368,0
DA:371,0
DA:372,0
DA:374,0
DA:376,0
DA:377,0
DA:378,0
DA:379,0
DA:381,0
DA:383,0
DA:385,0
DA:386,0
DA:388,0
DA:390,0
DA:391,0
DA:393,0
DA:395,0
DA:396,0
DA:397,0
DA:398,0
DA:399,0
DA:401,0
DA:402,0
DA:403,0
DA:404,0
DA:405,0
DA:406,0
DA:408,0
DA:409,0
DA:411,0
DA:412,0
DA:413,0
DA:414,0
DA:415,0
DA:416,0
DA:417,0
DA:418,0
DA:419,0
DA:420,0
DA:423,0
DA:424,0
DA:426,0
DA:427,0
DA:428,0
DA:430,0
DA:431,0
DA:436,0
DA:438,0
DA:440,0
DA:442,0
DA:443,0
DA:447,0
DA:451,0
DA:453,0
DA:455,0
DA:456,0
DA:457,0
DA:459,0
DA:460,0
DA:465,0
DA:466,0
DA:467,0
DA:469,0
DA:470,0
DA:472,0
DA:476,0
DA:477,0
DA:484,58
DA:490,58
DA:491,58
DA:492,58
DA:495,58
DA:499,58
DA:508,58
DA:515,58
DA:517,0
DA:518,0
DA:520,58
DA:521,58
DA:523,58
DA:525,18
DA:526,18
DA:528,144
DA:530,144
DA:531,18
DA:533,18
DA:534,0
DA:535,144
DA:537,4305
DA:538,4089
DA:539,108
DA:540,108
DA:542,6
DA:543,18
DA:544,6
DA:546,102
DA:548,6
DA:549,18
DA:550,6
DA:551,270
DA:552,258
DA:554,96
DA:556,18
DA:557,54
DA:558,18
DA:560,78
DA:562,18
DA:563,54
DA:564,18
DA:567,24
DA:568,6
DA:569,17
DA:570,1
DA:571,2
DA:572,2
DA:573,1
DA:576,0
DA:577,0
DA:579,0
DA:580,0
DA:582,0
DA:583,0
DA:586,0
DA:589,40
DA:591,40
DA:593,400
DA:595,400
DA:596,40
DA:598,40
DA:599,0
DA:600,304
DA:602,5670
DA:603,5222
DA:604,224
DA:605,224
DA:607,40
DA:608,40
DA:609,120
DA:610,40
DA:611,1618
DA:612,1538
DA:614,184
DA:616,40
DA:617,40
DA:618,120
DA:619,40
DA:620,124
DA:621,44
DA:622,40
DA:624,144
DA:626,40
DA:627,40
DA:628,120
DA:629,40
DA:630,680
DA:631,600
DA:636,40
DA:638,0
DA:641,40
DA:643,0
DA:646,40
DA:648,0
DA:651,40
DA:652,30
DA:655,40
DA:659,80
DA:664,80
DA:665,40
DA:666,0
DA:668,40
DA:669,40
DA:670,40
DA:693,40
DA:698,480
DA:700,210
DA:701,210
DA:702,200
DA:703,10
DA:706,10
DA:707,10
DA:708,20
DA:710,0
DA:711,0
DA:712,0
DA:714,0
DA:715,0
DA:717,0
DA:720,0
DA:722,10
DA:723,0
DA:725,10
DA:726,10
DA:728,10
DA:732,30
DA:734,0
DA:736,0
DA:737,0
DA:744,0
DA:748,0
DA:750,0
DA:754,0
DA:762,4
DA:767,4
DA:770,4
DA:771,4
DA:772,4
DA:773,4
DA:775,12
DA:777,56
DA:779,48
DA:792,48
DA:793,48
DA:795,48
DA:797,0
DA:798,0
DA:799,0
DA:803,4
DA:810,0
DA:819,0
DA:820,0
DA:822,0
DA:823,0
DA:825,0
DA:826,0
DA:827,0
DA:829,0
DA:831,0
DA:832,0
DA:834,0
DA:836,0
DA:837,0
DA:838,0
DA:839,0
DA:840,0
DA:841,0
DA:842,0
DA:843,0
DA:844,0
DA:845,0
DA:846,0
DA:848,0
DA:849,0
DA:850,0
DA:851,0
DA:852,0
DA:853,0
DA:854,0
DA:855,0
DA:857,0
DA:858,0
DA:859,0
DA:860,0
DA:862,0
DA:863,0
DA:864,0
DA:867,0
DA:868,0
LF:380
LH:184
end_of_record
SF:/home/kgrze/dev/dlna/minidlna/src/utils.h
FN:54,strncpyt
FNDA:0,strncpyt
FNF:1
FNH:0
DA:54,0
DA:56,0
DA:57,0
DA:58,0
LF:4
LH:0
end_of_record
TN:
SF:/home/kgrze/dev/dlna/minidlna/src/minixml.c
FN:38,parseatt
FN:109,parseelt
FN:187,parsexml
FNDA:324,parseatt
FNDA:36,parseelt
FNDA:36,parsexml
FNF:3
FNH:3
DA:38,324
DA:44,864
DA:46,540
DA:47,324
DA:48,216
DA:51,108
DA:52,108
DA:53,1260
DA:55,1044
DA:56,1044
DA:57,0
DA:59,216
DA:61,0
DA:62,0
DA:64,216
DA:66,0
DA:67,0
DA:68,0
DA:70,108
DA:71,216
DA:73,108
DA:74,108
DA:75,0
DA:76,108
DA:77,108
DA:78,4860
DA:80,4644
DA:81,4644
DA:82,0
DA:87,0
DA:88,0
DA:89,0
DA:90,0
DA:92,0
DA:93,0
DA:94,0
DA:99,108
DA:100,0
DA:102,216
DA:104,0
DA:109,36
DA:113,1195
DA:115,1123
DA:117,648
DA:118,4341
DA:119,3621
DA:122,3045
DA:123,3045
DA:124,0
DA:126,3045
DA:128,108
DA:129,108
DA:132,1296
DA:134,324
DA:135,324
DA:136,324
DA:137,0
DA:138,324
DA:141,324
DA:142,324
DA:143,0
DA:144,754
DA:146,106
DA:147,106
DA:148,0
DA:150,6967
DA:152,6319
DA:153,6319
DA:154,0
DA:156,324
DA:158,324
DA:159,180
DA:163,324
DA:165,324
DA:166,324
DA:167,0
DA:168,3801
DA:170,3153
DA:171,3153
DA:172,0
DA:174,324
DA:175,0
DA:176,324
DA:181,475
DA:187,36
DA:189,36
DA:190,36
DA:191,36
DA:192,36
LF:89
LH:64
end_of_record
TN:
SF:/home/kgrze/dev/dlna/minidlna/src/process.c
FN:50,add_process_info
FN:68,remove_process_info
FN:86,process_fork
FN:109,process_handle_child_termination
FN:128,process_daemonize
FN:174,process_check_if_running
FN:206,process_reap_children
FNDA:16,add_process_info
FNDA:17,remove_process_info
FNDA:16,process_fork
FNDA:18,process_handle_child_termination
FNDA:0,process_daemonize
FNDA:0,process_check_if_running
FNDA:1,process_reap_children
FNF:7
FNH:5
DA:50,16
DA:55,38
DA:57,19
DA:58,19
DA:59,3
DA:60,16
DA:61,16
DA:62,16
DA:63,16
DA:65,16
DA:68,17
DA:73,140
DA:75,69
DA:76,69
DA:77,53
DA:78,16
DA:79,16
DA:80,16
DA:81,16
DA:83,17
DA:86,16
DA:88,16
DA:90,0
DA:92,0
DA:93,0
DA:96,16
DA:97,16
DA:99,16
DA:100,16
DA:101,16
DA:102,16
DA:105,16
DA:109,18
DA:113,53
DA:115,32
DA:117,15
DA:118,0
DA:120,15
DA:122,17
DA:123,17
DA:125,18
DA:128,0
DA:166,0
DA:167,0
DA:168,0
DA:170,0
DA:174,0
DA:180,0
DA:181,0
DA:183,0
DA:184,0
DA:186,0
DA:188,0
DA:190,0
DA:192,0
DA:194,0
DA:195,0
DA:200,0
DA:202,0
DA:206,1
DA:211,51
DA:213,50
DA:214,50
DA:215,0
DA:217,1
LF:65
LH:42
end_of_record
TN:
SF:/home/kgrze/dev/dlna/minidlna/src/sendfile.h
FN:22,sys_sendfile
FNDA:2,sys_sendfile
FNF:1
FNH:1
DA:22,2
DA:24,2
LF:2
LH:2
end_of_record
SF:/home/kgrze/dev/dlna/minidlna/src/upnphttp.c
FN:97,New_upnphttp
FN:111,CloseSocket_upnphttp
FN:122,Delete_upnphttp
FN:136,ParseHttpHeaders
FN:458,Send400
FN:473,Send403
FN:488,Send404
FN:503,Send406
FN:518,Send416
FN:533,Send500
FN:548,Send501
FN:563,sendXMLdesc
FN:581,SendResp_presentation
FN:637,ProcessHTTPPOST_upnphttp
FN:669,check_event
FN:715,ProcessHTTPSubscribe_upnphttp
FN:768,ProcessHTTPUnSubscribe_upnphttp
FN:789,ProcessHttpQuery_upnphttp
FN:952,Process_upnphttp
FN:1055,BuildHeader_upnphttp
FN:1110,BuildResp2_upnphttp
FN:1124,BuildResp_upnphttp
FN:1130,SendResp_upnphttp
FN:1148,send_data
FN:1171,send_file
FN:1230,start_dlna_header
FN:1249,_open_file
FN:1289,SendResp_caption
FN:1337,SendResp_dlnafile
FNDA:150,New_upnphttp
FNDA:150,CloseSocket_upnphttp
FNDA:150,Delete_upnphttp
FNDA:137,ParseHttpHeaders
FNDA:0,Send400
FNDA:0,Send403
FNDA:44,Send404
FNDA:0,Send406
FNDA:0,Send416
FNDA:0,Send500
FNDA:0,Send501
FNDA:34,sendXMLdesc
FNDA:0,SendResp_presentation
FNDA:39,ProcessHTTPPOST_upnphttp
FNDA:2,check_event
FNDA:2,ProcessHTTPSubscribe_upnphttp
FNDA:0,ProcessHTTPUnSubscribe_upnphttp
FNDA:137,ProcessHttpQuery_upnphttp
FNDA:150,Process_upnphttp
FNDA:119,BuildHeader_upnphttp
FNDA:80,BuildResp2_upnphttp
FNDA:36,BuildResp_upnphttp
FNDA:119,SendResp_upnphttp
FNDA:2,send_data
FNDA:2,send_file
FNDA:2,start_dlna_header
FNDA:2,_open_file
FNDA:2,SendResp_caption
FNDA:50,SendResp_dlnafile
FNF:29
FNH:21
DA:97,150
DA:100,150
DA:101,0
DA:102,150
DA:103,150
DA:104,0
DA:105,150
DA:106,150
DA:107,150
DA:111,150
DA:113,150
DA:115,0
DA:117,150
DA:118,150
DA:119,150
DA:122,150
DA:124,150
DA:126,150
DA:127,13
DA:128,150
DA:129,150
DA:130,150
DA:132,150
DA:136,137
DA:138,137
DA:143,137
DA:145,1156
DA:147,882
DA:148,882
DA:150,784
DA:152,39
DA:153,156
DA:154,78
DA:155,39
DA:156,39
DA:157,0
DA:158,0
DA:161,745
DA:163,39
DA:164,39
DA:165,156
DA:166,78
DA:167,2303
DA:168,2225
DA:169,78
DA:170,78
DA:171,0
DA:173,39
DA:174,39
DA:176,39
DA:177,39
DA:179,706
DA:181,2
DA:182,8
DA:183,4
DA:184,2
DA:185,56
DA:186,52
DA:187,2
DA:188,2
DA:190,704
DA:194,0
DA:196,0
DA:198,0
DA:199,0
DA:202,0
DA:203,0
DA:204,0
DA:205,0
DA:206,0
DA:207,0
DA:208,0
DA:209,0
DA:210,0
DA:213,704
DA:215,2
DA:216,6
DA:217,2
DA:218,2
DA:219,24
DA:220,20
DA:221,2
DA:222,2
DA:231,702
DA:233,2
DA:234,6
DA:235,2
DA:236,2
DA:237,2
DA:241,700
DA:243,34
DA:244,102
DA:245,34
DA:246,34
DA:247,34
DA:248,34
DA:249,34
DA:250,34
DA:255,666
DA:258,137
DA:259,137
DA:260,411
DA:261,137
DA:262,137
DA:264,1781
DA:266,1644
DA:267,0
DA:269,137
DA:271,137
DA:272,137
DA:276,529
DA:280,135
DA:281,0
DA:282,135
DA:283,405
DA:284,135
DA:285,4319
DA:287,4257
DA:288,1194
DA:289,3063
DA:291,73
DA:292,73
DA:296,394
DA:300,0
DA:301,0
DA:302,0
DA:303,0
DA:304,0
DA:305,0
DA:307,0
DA:308,0
DA:309,0
DA:311,0
DA:312,0
DA:316,394
DA:318,0
DA:319,0
DA:320,0
DA:321,0
DA:323,0
DA:326,394
DA:328,31
DA:330,363
DA:332,0
DA:333,0
DA:334,0
DA:335,0
DA:336,0
DA:338,363
DA:340,0
DA:342,363
DA:344,0
DA:346,363
DA:348,0
DA:350,363
DA:352,0
DA:353,0
DA:354,0
DA:355,0
DA:356,0
DA:358,363
DA:360,0
DA:361,0
DA:362,0
DA:363,0
DA:365,0
DA:367,0
DA:369,0
DA:371,0
DA:373,0
DA:376,363
DA:378,0
DA:380,363
DA:383,4
DA:384,12
DA:385,4
DA:386,144
DA:388,140
DA:389,132
DA:390,8
DA:392,0
DA:393,0
DA:397,359
DA:400,0
DA:403,1339
DA:404,882
DA:405,882
DA:406,0
DA:407,882
DA:409,137
DA:412,0
DA:413,0
DA:414,0
DA:415,0
DA:416,0
DA:417,0
DA:419,0
DA:420,0
DA:422,0
DA:424,0
DA:427,0
DA:429,0
DA:430,0
DA:436,137
DA:438,137
DA:440,3
DA:442,134
DA:444,71
DA:445,71
DA:448,71
DA:449,0
DA:450,0
DA:451,71
DA:452,71
DA:458,0
DA:464,0
DA:465,0
DA:467,0
DA:468,0
DA:469,0
DA:473,0
DA:479,0
DA:480,0
DA:482,0
DA:483,0
DA:484,0
DA:488,44
DA:494,44
DA:495,44
DA:497,44
DA:498,44
DA:499,44
DA:503,0
DA:509,0
DA:510,0
DA:512,0
DA:513,0
DA:514,0
DA:518,0
DA:524,0
DA:525,0
DA:527,0
DA:528,0
DA:529,0
DA:533,0
DA:539,0
DA:540,0
DA:542,0
DA:543,0
DA:544,0
DA:548,0
DA:554,0
DA:555,0
DA:557,0
DA:558,0
DA:559,0
DA:563,34
DA:567,34
DA:568,34
DA:570,0
DA:571,0
DA:572,0
DA:574,34
DA:575,34
DA:576,34
DA:577,34
DA:581,0
DA:587,0
DA:589,0
DA:591,0
DA:592,0
DA:593,0
DA:594,0
DA:599,0
DA:607,0
DA:608,0
DA:611,0
DA:615,0
DA:617,0
DA:618,0
DA:619,0
DA:620,0
DA:621,0
DA:622,0
DA:624,0
DA:626,0
DA:627,0
DA:629,0
DA:630,0
DA:631,0
DA:632,0
DA:637,39
DA:639,39
DA:641,39
DA:644,39
DA:645,39
DA:653,0
DA:654,0
DA:655,0
DA:657,0
DA:658,0
DA:664,0
DA:666,39
DA:669,2
DA:673,2
DA:675,2
DA:677,0
DA:679,0
DA:681,4
DA:682,2
DA:687,0
DA:688,0
DA:691,2
DA:693,0
DA:696,0
DA:698,0
DA:700,0
DA:703,0
DA:707,0
DA:708,0
DA:711,2
DA:715,2
DA:719,2
DA:720,2
DA:722,2
DA:724,2
DA:725,2
DA:731,2
DA:733,2
DA:734,2
DA:736,2
DA:737,2
DA:738,2
DA:739,2
DA:741,2
DA:743,0
DA:746,0
DA:752,0
DA:757,0
DA:758,0
DA:759,0
DA:760,0
DA:763,2
DA:764,2
DA:765,2
DA:768,0
DA:771,0
DA:772,0
DA:774,0
DA:775,0
DA:777,0
DA:778,0
DA:780,0
DA:782,0
DA:783,0
DA:784,0
DA:789,137
DA:796,137
DA:797,137
DA:798,0
DA:799,599
DA:800,462
DA:801,137
DA:802,411
DA:803,137
DA:804,2265
DA:805,2128
DA:806,137
DA:807,411
DA:808,137
DA:809,137
DA:810,1233
DA:811,1096
DA:812,137
DA:815,137
DA:817,411
DA:818,274
DA:820,137
DA:821,137
DA:825,137
DA:828,137
DA:830,0
DA:832,0
DA:833,0
DA:835,0
DA:837,0
DA:838,0
DA:841,0
DA:843,0
DA:845,0
DA:846,0
DA:848,0
DA:849,0
DA:851,0
DA:853,0
DA:855,0
DA:856,0
DA:858,0
DA:859,0
DA:860,0
DA:863,137
DA:864,137
DA:866,39
DA:867,39
DA:869,98
DA:871,96
DA:873,0
DA:874,0
DA:875,0
DA:878,96
DA:879,0
DA:881,0
DA:883,0
DA:884,0
DA:886,96
DA:888,96
DA:892,0
DA:894,192
DA:897,32
DA:899,64
DA:901,1
DA:903,63
DA:905,1
DA:907,62
DA:909,0
DA:911,62
DA:913,50
DA:915,12
DA:917,2
DA:919,10
DA:921,0
DA:923,10
DA:925,0
DA:929,10
DA:930,10
DA:933,2
DA:935,2
DA:936,2
DA:938,0
DA:940,0
DA:941,0
DA:945,0
DA:946,0
DA:952,150
DA:956,150
DA:957,0
DA:958,150
DA:960,150
DA:961,150
DA:962,150
DA:964,0
DA:965,0
DA:967,150
DA:969,13
DA:970,13
DA:978,137
DA:979,137
DA:981,0
DA:982,0
DA:983,0
DA:985,137
DA:986,137
DA:988,0
DA:989,0
DA:990,0
DA:992,137
DA:993,137
DA:994,137
DA:996,137
DA:997,137
DA:999,137
DA:1000,137
DA:1001,137
DA:1004,150
DA:1005,0
DA:1007,0
DA:1008,0
DA:1010,0
DA:1011,0
DA:1013,0
DA:1015,0
DA:1016,0
DA:1020,0
DA:1022,0
DA:1023,0
DA:1025,0
DA:1026,0
DA:1027,0
DA:1029,0
DA:1030,0
DA:1031,0
DA:1034,0
DA:1036,0
DA:1037,0
DA:1039,0
DA:1041,0
DA:1045,0
DA:1046,0
DA:1047,0
DA:1055,119
DA:1065,119
DA:1069,119
DA:1071,119
DA:1072,119
DA:1073,119
DA:1075,119
DA:1076,119
DA:1077,119
DA:1078,119
DA:1080,119
DA:1083,119
DA:1084,2
DA:1085,2
DA:1086,2
DA:1088,0
DA:1091,119
DA:1092,2
DA:1094,119
DA:1095,19
DA:1097,119
DA:1098,119
DA:1099,119
DA:1100,119
DA:1101,119
DA:1102,119
DA:1104,0
DA:1105,0
DA:1107,119
DA:1110,80
DA:1114,80
DA:1115,80
DA:1116,0
DA:1117,80
DA:1118,78
DA:1119,80
DA:1124,36
DA:1126,36
DA:1127,36
DA:1130,119
DA:1133,119
DA:1134,119
DA:1135,119
DA:1137,0
DA:1139,119
DA:1142,0
DA:1145,119
DA:1148,2
DA:1152,2
DA:1153,2
DA:1155,0
DA:1157,2
DA:1160,0
DA:1165,2
DA:1167,0
DA:1171,2
DA:1175,2
DA:1177,2
DA:1180,6
DA:1183,2
DA:1185,2
DA:1186,2
DA:1187,2
DA:1189,0
DA:1191,0
DA:1192,0
DA:1193,0
DA:1194,0
DA:1199,2
DA:1204,0
DA:1205,0
DA:1206,0
DA:1207,0
DA:1208,0
DA:1209,0
DA:1210,0
DA:1211,0
DA:1212,0
DA:1214,0
DA:1216,0
DA:1217,0
DA:1218,0
DA:1219,0
DA:1220,0
DA:1222,0
DA:1224,0
DA:1226,2
DA:1227,2
DA:1230,2
DA:1235,2
DA:1236,2
DA:1237,2
DA:1246,2
DA:1249,2
DA:1256,2
DA:1258,2
DA:1259,2
DA:1261,0
DA:1263,0
DA:1266,2
DA:1268,2
DA:1269,2
DA:1271,2
DA:1273,0
DA:1275,0
DA:1279,0
DA:1281,2
DA:1282,2
DA:1283,0
DA:1285,2
DA:1289,2
DA:1298,2
DA:1300,2
DA:1301,2
DA:1303,0
DA:1304,0
DA:1305,0
DA:1307,2
DA:1309,2
DA:1310,2
DA:1311,0
DA:1312,0
DA:1313,0
DA:1315,0
DA:1316,0
DA:1318,2
DA:1319,2
DA:1320,2
DA:1322,2
DA:1324,2
DA:1325,2
DA:1327,2
DA:1329,2
DA:1330,2
DA:1332,2
DA:1333,2
DA:1337,50
DA:1347,50
DA:1348,50
DA:1350,50
DA:1357,50
DA:1359,50
DA:1360,50
DA:1362,40
DA:1363,40
DA:1364,40
DA:1366,0
DA:1367,0
DA:1368,0
DA:1370,40
DA:1372,34
DA:1373,34
DA:1374,34
DA:1375,34
DA:1378,6
DA:1379,6
DA:1380,6
DA:1381,6
DA:1383,6
DA:1385,6
DA:1387,0
DA:1388,0
DA:1392,0
DA:1393,0
DA:1396,6
DA:1398,0
DA:1399,0
DA:1400,0
DA:1403,6
DA:1404,3
DA:1406,3
DA:1407,6
DA:1409,16
DA:1410,16
DA:1412,16
DA:1413,16
DA:1416,0
DA:1418,0
DA:1420,0
DA:1422,0
DA:1423,0
DA:1424,0
DA:1427,0
DA:1429,0
DA:1431,0
DA:1432,0
DA:1433,0
DA:1435,0
DA:1437,0
DA:1440,0
DA:1442,0
DA:1443,0
DA:1448,0
DA:1449,0
DA:1450,0
DA:1451,0
DA:1452,0
DA:1454,0
DA:1455,0
DA:1457,0
DA:1458,0
DA:1460,0
DA:1462,0
DA:1463,0
DA:1464,0
DA:1465,0
DA:1467,0
DA:1469,0
DA:1471,0
DA:1473,0
DA:1475,0
DA:1477,0
DA:1479,0
DA:1480,0
DA:1481,0
DA:1482,0
DA:1484,0
DA:1486,0
DA:1487,0
DA:1488,0
DA:1489,0
DA:1492,0
DA:1493,0
DA:1495,0
DA:1496,0
DA:1500,0
DA:1501,0
DA:1502,0
DA:1505,0
DA:1507,0
DA:1508,0
DA:1509,0
DA:1510,0
DA:1513,0
DA:1514,0
DA:1517,0
DA:1519,0
DA:1520,0
DA:1521,0
DA:1524,0
DA:1529,0
DA:1531,0
DA:1532,0
DA:1534,0
DA:1536,0
DA:1537,0
DA:1538,0
DA:1539,0
DA:1540,0
LF:748
LH:372
end_of_record
SF:/home/kgrze/dev/dlna/minidlna/src/utils.h
FN:37,strcatf
FNDA:505,strcatf
FNF:1
FNH:1
DA:37,505
DA:43,505
DA:44,0
DA:46,505
DA:47,505
DA:48,505
DA:49,505
DA:50,505
DA:52,505
LF:9
LH:8
end_of_record
